2025-03-06 15:01:08.795 +05:00 [INF] User profile is available. Using 'C:\Users\naveed\AppData\Local\ASP.NET\DataProtection-Keys' as key repository and Windows DPAPI to encrypt keys at rest.
2025-03-06 15:01:09.258 +05:00 [INF] Now listening on: http://localhost:5137
2025-03-06 15:01:09.270 +05:00 [INF] Application started. Press Ctrl+C to shut down.
2025-03-06 15:01:09.272 +05:00 [INF] Hosting environment: Development
2025-03-06 15:01:09.286 +05:00 [INF] Content root path: D:\Personal\Repos\DynamiqCore\DynamiqCore.API
2025-03-06 15:01:09.383 +05:00 [INF] Request starting HTTP/1.1 GET http://localhost:5137/swagger/index.html - null null
2025-03-06 15:01:09.677 +05:00 [INF] Request finished HTTP/1.1 GET http://localhost:5137/swagger/index.html - 200 null text/html;charset=utf-8 296.2419ms
2025-03-06 15:01:09.737 +05:00 [INF] Request starting HTTP/1.1 GET http://localhost:5137/swagger/index.js - null null
2025-03-06 15:01:09.756 +05:00 [INF] Request finished HTTP/1.1 GET http://localhost:5137/swagger/index.js - 200 null application/javascript;charset=utf-8 18.3157ms
2025-03-06 15:01:10.599 +05:00 [INF] Request starting HTTP/1.1 GET http://localhost:5137/swagger/v1/swagger.json - null null
2025-03-06 15:01:10.601 +05:00 [INF] Request starting HTTP/1.1 GET http://localhost:5137/swagger/favicon-32x32.png - null null
2025-03-06 15:01:10.634 +05:00 [INF] Sending file. Request path: '/favicon-32x32.png'. Physical path: 'N/A'
2025-03-06 15:01:10.638 +05:00 [INF] Request finished HTTP/1.1 GET http://localhost:5137/swagger/favicon-32x32.png - 200 628 image/png 37.316ms
2025-03-06 15:01:10.898 +05:00 [INF] Request finished HTTP/1.1 GET http://localhost:5137/swagger/v1/swagger.json - 200 null application/json;charset=utf-8 299.0261ms
2025-03-06 15:11:29.378 +05:00 [INF] User profile is available. Using 'C:\Users\naveed\AppData\Local\ASP.NET\DataProtection-Keys' as key repository and Windows DPAPI to encrypt keys at rest.
2025-03-06 15:11:29.686 +05:00 [INF] Now listening on: http://localhost:5137
2025-03-06 15:11:29.690 +05:00 [INF] Application started. Press Ctrl+C to shut down.
2025-03-06 15:11:29.692 +05:00 [INF] Hosting environment: Development
2025-03-06 15:11:29.693 +05:00 [INF] Content root path: D:\Personal\Repos\DynamiqCore\DynamiqCore.API
2025-03-06 15:11:29.805 +05:00 [INF] Request starting HTTP/1.1 GET http://localhost:5137/swagger/index.html - null null
2025-03-06 15:11:30.016 +05:00 [INF] Request finished HTTP/1.1 GET http://localhost:5137/swagger/index.html - 200 null text/html;charset=utf-8 211.986ms
2025-03-06 15:11:30.475 +05:00 [INF] Request starting HTTP/1.1 GET http://localhost:5137/swagger/index.js - null null
2025-03-06 15:11:30.494 +05:00 [INF] Request finished HTTP/1.1 GET http://localhost:5137/swagger/index.js - 200 null application/javascript;charset=utf-8 19.2726ms
2025-03-06 15:11:31.240 +05:00 [INF] Request starting HTTP/1.1 GET http://localhost:5137/swagger/v1/swagger.json - null null
2025-03-06 15:11:31.522 +05:00 [INF] Request finished HTTP/1.1 GET http://localhost:5137/swagger/v1/swagger.json - 200 null application/json;charset=utf-8 281.9936ms
2025-03-06 15:12:15.580 +05:00 [INF] User profile is available. Using 'C:\Users\naveed\AppData\Local\ASP.NET\DataProtection-Keys' as key repository and Windows DPAPI to encrypt keys at rest.
2025-03-06 15:12:15.959 +05:00 [INF] Now listening on: http://localhost:5137
2025-03-06 15:12:15.963 +05:00 [INF] Application started. Press Ctrl+C to shut down.
2025-03-06 15:12:15.964 +05:00 [INF] Hosting environment: Development
2025-03-06 15:12:15.966 +05:00 [INF] Content root path: D:\Personal\Repos\DynamiqCore\DynamiqCore.API
2025-03-06 15:12:16.055 +05:00 [INF] Request starting HTTP/1.1 GET http://localhost:5137/swagger/index.html - null null
2025-03-06 15:12:16.272 +05:00 [INF] Request finished HTTP/1.1 GET http://localhost:5137/swagger/index.html - 200 null text/html;charset=utf-8 227.5203ms
2025-03-06 15:12:16.331 +05:00 [INF] Request starting HTTP/1.1 GET http://localhost:5137/swagger/index.js - null null
2025-03-06 15:12:16.345 +05:00 [INF] Request finished HTTP/1.1 GET http://localhost:5137/swagger/index.js - 200 null application/javascript;charset=utf-8 14.5069ms
2025-03-06 15:12:16.961 +05:00 [INF] Request starting HTTP/1.1 GET http://localhost:5137/swagger/v1/swagger.json - null null
2025-03-06 15:12:17.248 +05:00 [INF] Request finished HTTP/1.1 GET http://localhost:5137/swagger/v1/swagger.json - 200 null application/json;charset=utf-8 287.0499ms
2025-03-06 15:15:19.897 +05:00 [INF] Request starting HTTP/1.1 POST http://localhost:5137/api/patients/v1/CreatePatient - application/json 501
2025-03-06 15:15:19.910 +05:00 [INF] CORS policy execution successful.
2025-03-06 15:15:19.914 +05:00 [WRN] Failed to determine the https port for redirect.
2025-03-06 15:15:19.938 +05:00 [INF] Authorization failed. These requirements were not met:
DenyAnonymousAuthorizationRequirement: Requires an authenticated user.
2025-03-06 15:15:19.946 +05:00 [INF] AuthenticationScheme: Identity.Application was challenged.
2025-03-06 15:15:19.952 +05:00 [INF] Request finished HTTP/1.1 POST http://localhost:5137/api/patients/v1/CreatePatient - 302 0 null 55.0523ms
2025-03-06 15:15:19.960 +05:00 [INF] Request starting HTTP/1.1 GET http://localhost:5137/Account/Login?ReturnUrl=%2Fapi%2Fpatients%2Fv1%2FCreatePatient - null null
2025-03-06 15:15:19.967 +05:00 [INF] Request finished HTTP/1.1 GET http://localhost:5137/Account/Login?ReturnUrl=%2Fapi%2Fpatients%2Fv1%2FCreatePatient - 404 0 null 7.2614ms
2025-03-06 15:15:19.976 +05:00 [INF] Request reached the end of the middleware pipeline without being handled by application code. Request path: GET http://localhost:5137/Account/Login, Response status code: 404
2025-03-06 15:16:15.169 +05:00 [INF] User profile is available. Using 'C:\Users\naveed\AppData\Local\ASP.NET\DataProtection-Keys' as key repository and Windows DPAPI to encrypt keys at rest.
2025-03-06 15:16:15.442 +05:00 [INF] Now listening on: http://localhost:5137
2025-03-06 15:16:15.465 +05:00 [INF] Application started. Press Ctrl+C to shut down.
2025-03-06 15:16:15.470 +05:00 [INF] Hosting environment: Development
2025-03-06 15:16:15.477 +05:00 [INF] Content root path: D:\Personal\Repos\DynamiqCore\DynamiqCore.API
2025-03-06 15:16:15.766 +05:00 [INF] Request starting HTTP/1.1 GET http://localhost:5137/swagger/index.html - null null
2025-03-06 15:16:16.017 +05:00 [INF] Request finished HTTP/1.1 GET http://localhost:5137/swagger/index.html - 200 null text/html;charset=utf-8 252.1591ms
2025-03-06 15:16:16.078 +05:00 [INF] Request starting HTTP/1.1 GET http://localhost:5137/swagger/index.js - null null
2025-03-06 15:16:16.096 +05:00 [INF] Request finished HTTP/1.1 GET http://localhost:5137/swagger/index.js - 200 null application/javascript;charset=utf-8 17.5738ms
2025-03-06 15:16:16.717 +05:00 [INF] Request starting HTTP/1.1 GET http://localhost:5137/swagger/v1/swagger.json - null null
2025-03-06 15:16:17.006 +05:00 [INF] Request finished HTTP/1.1 GET http://localhost:5137/swagger/v1/swagger.json - 200 null application/json;charset=utf-8 289.4072ms
2025-03-06 15:16:20.552 +05:00 [INF] Request starting HTTP/1.1 POST http://localhost:5137/api/patients/v1/CreatePatient - application/json 501
2025-03-06 15:16:20.590 +05:00 [INF] CORS policy execution successful.
2025-03-06 15:16:20.594 +05:00 [WRN] Failed to determine the https port for redirect.
2025-03-06 15:16:20.621 +05:00 [INF] Executing endpoint 'DynamiqCore.API.Controllers.PatientController.CreatePatient (DynamiqCore.API)'
2025-03-06 15:16:20.667 +05:00 [INF] Route matched with {action = "CreatePatient", controller = "Patient"}. Executing controller action with signature System.Threading.Tasks.Task`1[Microsoft.AspNetCore.Mvc.IActionResult] CreatePatient(DynamiqCore.Application.Users.Commands.PatientSignup.CreatePatientCommand) on controller DynamiqCore.API.Controllers.PatientController (DynamiqCore.API).
2025-03-06 15:16:20.763 +05:00 [INF] Executing action method DynamiqCore.API.Controllers.PatientController.CreatePatient (DynamiqCore.API) - Validation state: "Valid"
2025-03-06 15:17:12.326 +05:00 [INF] Executed DbCommand (180ms) [Parameters=[@__normalizedUserName_0='?' (Size = 256)], CommandType='"Text"', CommandTimeout='30']
SELECT TOP(1) [a].[Id], [a].[AccessFailedCount], [a].[ConcurrencyStamp], [a].[DateOfBirth], [a].[Email], [a].[EmailConfirmed], [a].[FirstName], [a].[LastName], [a].[LockoutEnabled], [a].[LockoutEnd], [a].[Nationality], [a].[NormalizedEmail], [a].[NormalizedUserName], [a].[OrganizationId], [a].[PasswordHash], [a].[PhoneNumber], [a].[PhoneNumberConfirmed], [a].[SecurityStamp], [a].[TwoFactorEnabled], [a].[UserName]
FROM [AspNetUsers] AS [a]
WHERE [a].[NormalizedUserName] = @__normalizedUserName_0
2025-03-06 15:17:12.757 +05:00 [ERR] Failed executing DbCommand (32ms) [Parameters=[@p0='?' (Size = 450), @p1='?' (DbType = Int32), @p2='?' (Size = 4000), @p3='?' (DbType = Date), @p4='?' (Size = 256), @p5='?' (DbType = Boolean), @p6='?' (Size = 4000), @p7='?' (Size = 4000), @p8='?' (DbType = Boolean), @p9='?' (DbType = DateTimeOffset), @p10='?' (Size = 4000), @p11='?' (Size = 256), @p12='?' (Size = 256), @p13='?' (DbType = Guid), @p14='?' (Size = 4000), @p15='?' (Size = 4000), @p16='?' (DbType = Boolean), @p17='?' (Size = 4000), @p18='?' (DbType = Boolean), @p19='?' (Size = 256)], CommandType='"Text"', CommandTimeout='30']
SET IMPLICIT_TRANSACTIONS OFF;
SET NOCOUNT ON;
INSERT INTO [AspNetUsers] ([Id], [AccessFailedCount], [ConcurrencyStamp], [DateOfBirth], [Email], [EmailConfirmed], [FirstName], [LastName], [LockoutEnabled], [LockoutEnd], [Nationality], [NormalizedEmail], [NormalizedUserName], [OrganizationId], [PasswordHash], [PhoneNumber], [PhoneNumberConfirmed], [SecurityStamp], [TwoFactorEnabled], [UserName])
VALUES (@p0, @p1, @p2, @p3, @p4, @p5, @p6, @p7, @p8, @p9, @p10, @p11, @p12, @p13, @p14, @p15, @p16, @p17, @p18, @p19);
2025-03-06 15:17:12.818 +05:00 [ERR] An exception occurred in the database while saving changes for context type 'DynamiqCore.Infrastructure.Persistence.DynamiqCoreDbContext'.
Microsoft.EntityFrameworkCore.DbUpdateException: An error occurred while saving the entity changes. See the inner exception for details.
 ---> Microsoft.Data.SqlClient.SqlException (0x80131904): The INSERT statement conflicted with the FOREIGN KEY constraint "FK_AspNetUsers_Organizations_OrganizationId". The conflict occurred in database "DynamiqCore_DEV", table "dbo.Organizations", column 'OrganizationId'.
The statement has been terminated.
   at Microsoft.Data.SqlClient.SqlCommand.<>c.<ExecuteDbDataReaderAsync>b__209_0(Task`1 result)
   at System.Threading.Tasks.ContinuationResultTaskFromResultTask`2.InnerInvoke()
   at System.Threading.ExecutionContext.RunInternal(ExecutionContext executionContext, ContextCallback callback, Object state)
--- End of stack trace from previous location ---
   at System.Threading.ExecutionContext.RunInternal(ExecutionContext executionContext, ContextCallback callback, Object state)
   at System.Threading.Tasks.Task.ExecuteWithThreadLocal(Task& currentTaskSlot, Thread threadPoolThread)
--- End of stack trace from previous location ---
   at Microsoft.EntityFrameworkCore.Storage.RelationalCommand.ExecuteReaderAsync(RelationalCommandParameterObject parameterObject, CancellationToken cancellationToken)
   at Microsoft.EntityFrameworkCore.Storage.RelationalCommand.ExecuteReaderAsync(RelationalCommandParameterObject parameterObject, CancellationToken cancellationToken)
   at Microsoft.EntityFrameworkCore.Update.ReaderModificationCommandBatch.ExecuteAsync(IRelationalConnection connection, CancellationToken cancellationToken)
ClientConnectionId:4c2573a9-fb5a-4dfa-b703-bbed63db9a14
Error Number:547,State:0,Class:16
   --- End of inner exception stack trace ---
   at Microsoft.EntityFrameworkCore.Update.ReaderModificationCommandBatch.ExecuteAsync(IRelationalConnection connection, CancellationToken cancellationToken)
   at Microsoft.EntityFrameworkCore.SqlServer.Update.Internal.SqlServerModificationCommandBatch.ExecuteAsync(IRelationalConnection connection, CancellationToken cancellationToken)
   at Microsoft.EntityFrameworkCore.Update.Internal.BatchExecutor.ExecuteAsync(IEnumerable`1 commandBatches, IRelationalConnection connection, CancellationToken cancellationToken)
   at Microsoft.EntityFrameworkCore.Update.Internal.BatchExecutor.ExecuteAsync(IEnumerable`1 commandBatches, IRelationalConnection connection, CancellationToken cancellationToken)
   at Microsoft.EntityFrameworkCore.Update.Internal.BatchExecutor.ExecuteAsync(IEnumerable`1 commandBatches, IRelationalConnection connection, CancellationToken cancellationToken)
   at Microsoft.EntityFrameworkCore.ChangeTracking.Internal.StateManager.SaveChangesAsync(IList`1 entriesToSave, CancellationToken cancellationToken)
   at Microsoft.EntityFrameworkCore.ChangeTracking.Internal.StateManager.SaveChangesAsync(StateManager stateManager, Boolean acceptAllChangesOnSuccess, CancellationToken cancellationToken)
   at Microsoft.EntityFrameworkCore.SqlServer.Storage.Internal.SqlServerExecutionStrategy.ExecuteAsync[TState,TResult](TState state, Func`4 operation, Func`4 verifySucceeded, CancellationToken cancellationToken)
   at Microsoft.EntityFrameworkCore.DbContext.SaveChangesAsync(Boolean acceptAllChangesOnSuccess, CancellationToken cancellationToken)
Microsoft.EntityFrameworkCore.DbUpdateException: An error occurred while saving the entity changes. See the inner exception for details.
 ---> Microsoft.Data.SqlClient.SqlException (0x80131904): The INSERT statement conflicted with the FOREIGN KEY constraint "FK_AspNetUsers_Organizations_OrganizationId". The conflict occurred in database "DynamiqCore_DEV", table "dbo.Organizations", column 'OrganizationId'.
The statement has been terminated.
   at Microsoft.Data.SqlClient.SqlCommand.<>c.<ExecuteDbDataReaderAsync>b__209_0(Task`1 result)
   at System.Threading.Tasks.ContinuationResultTaskFromResultTask`2.InnerInvoke()
   at System.Threading.ExecutionContext.RunInternal(ExecutionContext executionContext, ContextCallback callback, Object state)
--- End of stack trace from previous location ---
   at System.Threading.ExecutionContext.RunInternal(ExecutionContext executionContext, ContextCallback callback, Object state)
   at System.Threading.Tasks.Task.ExecuteWithThreadLocal(Task& currentTaskSlot, Thread threadPoolThread)
--- End of stack trace from previous location ---
   at Microsoft.EntityFrameworkCore.Storage.RelationalCommand.ExecuteReaderAsync(RelationalCommandParameterObject parameterObject, CancellationToken cancellationToken)
   at Microsoft.EntityFrameworkCore.Storage.RelationalCommand.ExecuteReaderAsync(RelationalCommandParameterObject parameterObject, CancellationToken cancellationToken)
   at Microsoft.EntityFrameworkCore.Update.ReaderModificationCommandBatch.ExecuteAsync(IRelationalConnection connection, CancellationToken cancellationToken)
ClientConnectionId:4c2573a9-fb5a-4dfa-b703-bbed63db9a14
Error Number:547,State:0,Class:16
   --- End of inner exception stack trace ---
   at Microsoft.EntityFrameworkCore.Update.ReaderModificationCommandBatch.ExecuteAsync(IRelationalConnection connection, CancellationToken cancellationToken)
   at Microsoft.EntityFrameworkCore.SqlServer.Update.Internal.SqlServerModificationCommandBatch.ExecuteAsync(IRelationalConnection connection, CancellationToken cancellationToken)
   at Microsoft.EntityFrameworkCore.Update.Internal.BatchExecutor.ExecuteAsync(IEnumerable`1 commandBatches, IRelationalConnection connection, CancellationToken cancellationToken)
   at Microsoft.EntityFrameworkCore.Update.Internal.BatchExecutor.ExecuteAsync(IEnumerable`1 commandBatches, IRelationalConnection connection, CancellationToken cancellationToken)
   at Microsoft.EntityFrameworkCore.Update.Internal.BatchExecutor.ExecuteAsync(IEnumerable`1 commandBatches, IRelationalConnection connection, CancellationToken cancellationToken)
   at Microsoft.EntityFrameworkCore.ChangeTracking.Internal.StateManager.SaveChangesAsync(IList`1 entriesToSave, CancellationToken cancellationToken)
   at Microsoft.EntityFrameworkCore.ChangeTracking.Internal.StateManager.SaveChangesAsync(StateManager stateManager, Boolean acceptAllChangesOnSuccess, CancellationToken cancellationToken)
   at Microsoft.EntityFrameworkCore.SqlServer.Storage.Internal.SqlServerExecutionStrategy.ExecuteAsync[TState,TResult](TState state, Func`4 operation, Func`4 verifySucceeded, CancellationToken cancellationToken)
   at Microsoft.EntityFrameworkCore.DbContext.SaveChangesAsync(Boolean acceptAllChangesOnSuccess, CancellationToken cancellationToken)
2025-03-06 15:19:38.781 +05:00 [INF] User profile is available. Using 'C:\Users\naveed\AppData\Local\ASP.NET\DataProtection-Keys' as key repository and Windows DPAPI to encrypt keys at rest.
2025-03-06 15:19:39.168 +05:00 [INF] Now listening on: http://localhost:5137
2025-03-06 15:19:39.173 +05:00 [INF] Application started. Press Ctrl+C to shut down.
2025-03-06 15:19:39.192 +05:00 [INF] Hosting environment: Development
2025-03-06 15:19:39.194 +05:00 [INF] Content root path: D:\Personal\Repos\DynamiqCore\DynamiqCore.API
2025-03-06 15:19:39.279 +05:00 [INF] Request starting HTTP/1.1 GET http://localhost:5137/swagger/index.html - null null
2025-03-06 15:19:39.528 +05:00 [INF] Request finished HTTP/1.1 GET http://localhost:5137/swagger/index.html - 200 null text/html;charset=utf-8 251.6115ms
2025-03-06 15:19:39.603 +05:00 [INF] Request starting HTTP/1.1 GET http://localhost:5137/swagger/index.js - null null
2025-03-06 15:19:39.613 +05:00 [INF] Request finished HTTP/1.1 GET http://localhost:5137/swagger/index.js - 200 null application/javascript;charset=utf-8 9.3342ms
2025-03-06 15:19:40.214 +05:00 [INF] Request starting HTTP/1.1 GET http://localhost:5137/swagger/v1/swagger.json - null null
2025-03-06 15:19:40.488 +05:00 [INF] Request finished HTTP/1.1 GET http://localhost:5137/swagger/v1/swagger.json - 200 null application/json;charset=utf-8 273.3578ms
2025-03-06 15:19:46.917 +05:00 [INF] Request starting HTTP/1.1 POST http://localhost:5137/api/patients/v1/CreatePatient - application/json 501
2025-03-06 15:19:46.932 +05:00 [INF] CORS policy execution successful.
2025-03-06 15:19:46.936 +05:00 [WRN] Failed to determine the https port for redirect.
2025-03-06 15:19:46.957 +05:00 [INF] Executing endpoint 'DynamiqCore.API.Controllers.PatientController.CreatePatient (DynamiqCore.API)'
2025-03-06 15:19:46.996 +05:00 [INF] Route matched with {action = "CreatePatient", controller = "Patient"}. Executing controller action with signature System.Threading.Tasks.Task`1[Microsoft.AspNetCore.Mvc.IActionResult] CreatePatient(DynamiqCore.Application.Users.Commands.PatientSignup.CreatePatientCommand) on controller DynamiqCore.API.Controllers.PatientController (DynamiqCore.API).
2025-03-06 15:19:47.105 +05:00 [INF] Executing action method DynamiqCore.API.Controllers.PatientController.CreatePatient (DynamiqCore.API) - Validation state: "Valid"
2025-03-06 15:20:00.821 +05:00 [INF] Executed DbCommand (74ms) [Parameters=[@__normalizedUserName_0='?' (Size = 256)], CommandType='"Text"', CommandTimeout='30']
SELECT TOP(1) [a].[Id], [a].[AccessFailedCount], [a].[ConcurrencyStamp], [a].[DateOfBirth], [a].[Email], [a].[EmailConfirmed], [a].[FirstName], [a].[LastName], [a].[LockoutEnabled], [a].[LockoutEnd], [a].[Nationality], [a].[NormalizedEmail], [a].[NormalizedUserName], [a].[OrganizationId], [a].[PasswordHash], [a].[PhoneNumber], [a].[PhoneNumberConfirmed], [a].[SecurityStamp], [a].[TwoFactorEnabled], [a].[UserName]
FROM [AspNetUsers] AS [a]
WHERE [a].[NormalizedUserName] = @__normalizedUserName_0
2025-03-06 15:20:01.122 +05:00 [ERR] Failed executing DbCommand (19ms) [Parameters=[@p0='?' (Size = 450), @p1='?' (DbType = Int32), @p2='?' (Size = 4000), @p3='?' (DbType = Date), @p4='?' (Size = 256), @p5='?' (DbType = Boolean), @p6='?' (Size = 4000), @p7='?' (Size = 4000), @p8='?' (DbType = Boolean), @p9='?' (DbType = DateTimeOffset), @p10='?' (Size = 4000), @p11='?' (Size = 256), @p12='?' (Size = 256), @p13='?' (DbType = Guid), @p14='?' (Size = 4000), @p15='?' (Size = 4000), @p16='?' (DbType = Boolean), @p17='?' (Size = 4000), @p18='?' (DbType = Boolean), @p19='?' (Size = 256)], CommandType='"Text"', CommandTimeout='30']
SET IMPLICIT_TRANSACTIONS OFF;
SET NOCOUNT ON;
INSERT INTO [AspNetUsers] ([Id], [AccessFailedCount], [ConcurrencyStamp], [DateOfBirth], [Email], [EmailConfirmed], [FirstName], [LastName], [LockoutEnabled], [LockoutEnd], [Nationality], [NormalizedEmail], [NormalizedUserName], [OrganizationId], [PasswordHash], [PhoneNumber], [PhoneNumberConfirmed], [SecurityStamp], [TwoFactorEnabled], [UserName])
VALUES (@p0, @p1, @p2, @p3, @p4, @p5, @p6, @p7, @p8, @p9, @p10, @p11, @p12, @p13, @p14, @p15, @p16, @p17, @p18, @p19);
2025-03-06 15:20:01.172 +05:00 [ERR] An exception occurred in the database while saving changes for context type 'DynamiqCore.Infrastructure.Persistence.DynamiqCoreDbContext'.
Microsoft.EntityFrameworkCore.DbUpdateException: An error occurred while saving the entity changes. See the inner exception for details.
 ---> Microsoft.Data.SqlClient.SqlException (0x80131904): The INSERT statement conflicted with the FOREIGN KEY constraint "FK_AspNetUsers_Organizations_OrganizationId". The conflict occurred in database "DynamiqCore_DEV", table "dbo.Organizations", column 'OrganizationId'.
The statement has been terminated.
   at Microsoft.Data.SqlClient.SqlCommand.<>c.<ExecuteDbDataReaderAsync>b__209_0(Task`1 result)
   at System.Threading.Tasks.ContinuationResultTaskFromResultTask`2.InnerInvoke()
   at System.Threading.ExecutionContext.RunInternal(ExecutionContext executionContext, ContextCallback callback, Object state)
--- End of stack trace from previous location ---
   at System.Threading.ExecutionContext.RunInternal(ExecutionContext executionContext, ContextCallback callback, Object state)
   at System.Threading.Tasks.Task.ExecuteWithThreadLocal(Task& currentTaskSlot, Thread threadPoolThread)
--- End of stack trace from previous location ---
   at Microsoft.EntityFrameworkCore.Storage.RelationalCommand.ExecuteReaderAsync(RelationalCommandParameterObject parameterObject, CancellationToken cancellationToken)
   at Microsoft.EntityFrameworkCore.Storage.RelationalCommand.ExecuteReaderAsync(RelationalCommandParameterObject parameterObject, CancellationToken cancellationToken)
   at Microsoft.EntityFrameworkCore.Update.ReaderModificationCommandBatch.ExecuteAsync(IRelationalConnection connection, CancellationToken cancellationToken)
ClientConnectionId:a4d3e233-a9f3-4e47-889e-0d02f7745c8d
Error Number:547,State:0,Class:16
   --- End of inner exception stack trace ---
   at Microsoft.EntityFrameworkCore.Update.ReaderModificationCommandBatch.ExecuteAsync(IRelationalConnection connection, CancellationToken cancellationToken)
   at Microsoft.EntityFrameworkCore.SqlServer.Update.Internal.SqlServerModificationCommandBatch.ExecuteAsync(IRelationalConnection connection, CancellationToken cancellationToken)
   at Microsoft.EntityFrameworkCore.Update.Internal.BatchExecutor.ExecuteAsync(IEnumerable`1 commandBatches, IRelationalConnection connection, CancellationToken cancellationToken)
   at Microsoft.EntityFrameworkCore.Update.Internal.BatchExecutor.ExecuteAsync(IEnumerable`1 commandBatches, IRelationalConnection connection, CancellationToken cancellationToken)
   at Microsoft.EntityFrameworkCore.Update.Internal.BatchExecutor.ExecuteAsync(IEnumerable`1 commandBatches, IRelationalConnection connection, CancellationToken cancellationToken)
   at Microsoft.EntityFrameworkCore.ChangeTracking.Internal.StateManager.SaveChangesAsync(IList`1 entriesToSave, CancellationToken cancellationToken)
   at Microsoft.EntityFrameworkCore.ChangeTracking.Internal.StateManager.SaveChangesAsync(StateManager stateManager, Boolean acceptAllChangesOnSuccess, CancellationToken cancellationToken)
   at Microsoft.EntityFrameworkCore.SqlServer.Storage.Internal.SqlServerExecutionStrategy.ExecuteAsync[TState,TResult](TState state, Func`4 operation, Func`4 verifySucceeded, CancellationToken cancellationToken)
   at Microsoft.EntityFrameworkCore.DbContext.SaveChangesAsync(Boolean acceptAllChangesOnSuccess, CancellationToken cancellationToken)
Microsoft.EntityFrameworkCore.DbUpdateException: An error occurred while saving the entity changes. See the inner exception for details.
 ---> Microsoft.Data.SqlClient.SqlException (0x80131904): The INSERT statement conflicted with the FOREIGN KEY constraint "FK_AspNetUsers_Organizations_OrganizationId". The conflict occurred in database "DynamiqCore_DEV", table "dbo.Organizations", column 'OrganizationId'.
The statement has been terminated.
   at Microsoft.Data.SqlClient.SqlCommand.<>c.<ExecuteDbDataReaderAsync>b__209_0(Task`1 result)
   at System.Threading.Tasks.ContinuationResultTaskFromResultTask`2.InnerInvoke()
   at System.Threading.ExecutionContext.RunInternal(ExecutionContext executionContext, ContextCallback callback, Object state)
--- End of stack trace from previous location ---
   at System.Threading.ExecutionContext.RunInternal(ExecutionContext executionContext, ContextCallback callback, Object state)
   at System.Threading.Tasks.Task.ExecuteWithThreadLocal(Task& currentTaskSlot, Thread threadPoolThread)
--- End of stack trace from previous location ---
   at Microsoft.EntityFrameworkCore.Storage.RelationalCommand.ExecuteReaderAsync(RelationalCommandParameterObject parameterObject, CancellationToken cancellationToken)
   at Microsoft.EntityFrameworkCore.Storage.RelationalCommand.ExecuteReaderAsync(RelationalCommandParameterObject parameterObject, CancellationToken cancellationToken)
   at Microsoft.EntityFrameworkCore.Update.ReaderModificationCommandBatch.ExecuteAsync(IRelationalConnection connection, CancellationToken cancellationToken)
ClientConnectionId:a4d3e233-a9f3-4e47-889e-0d02f7745c8d
Error Number:547,State:0,Class:16
   --- End of inner exception stack trace ---
   at Microsoft.EntityFrameworkCore.Update.ReaderModificationCommandBatch.ExecuteAsync(IRelationalConnection connection, CancellationToken cancellationToken)
   at Microsoft.EntityFrameworkCore.SqlServer.Update.Internal.SqlServerModificationCommandBatch.ExecuteAsync(IRelationalConnection connection, CancellationToken cancellationToken)
   at Microsoft.EntityFrameworkCore.Update.Internal.BatchExecutor.ExecuteAsync(IEnumerable`1 commandBatches, IRelationalConnection connection, CancellationToken cancellationToken)
   at Microsoft.EntityFrameworkCore.Update.Internal.BatchExecutor.ExecuteAsync(IEnumerable`1 commandBatches, IRelationalConnection connection, CancellationToken cancellationToken)
   at Microsoft.EntityFrameworkCore.Update.Internal.BatchExecutor.ExecuteAsync(IEnumerable`1 commandBatches, IRelationalConnection connection, CancellationToken cancellationToken)
   at Microsoft.EntityFrameworkCore.ChangeTracking.Internal.StateManager.SaveChangesAsync(IList`1 entriesToSave, CancellationToken cancellationToken)
   at Microsoft.EntityFrameworkCore.ChangeTracking.Internal.StateManager.SaveChangesAsync(StateManager stateManager, Boolean acceptAllChangesOnSuccess, CancellationToken cancellationToken)
   at Microsoft.EntityFrameworkCore.SqlServer.Storage.Internal.SqlServerExecutionStrategy.ExecuteAsync[TState,TResult](TState state, Func`4 operation, Func`4 verifySucceeded, CancellationToken cancellationToken)
   at Microsoft.EntityFrameworkCore.DbContext.SaveChangesAsync(Boolean acceptAllChangesOnSuccess, CancellationToken cancellationToken)
2025-03-06 15:20:26.839 +05:00 [ERR] Error occurred during user signup
Microsoft.EntityFrameworkCore.DbUpdateException: An error occurred while saving the entity changes. See the inner exception for details.
 ---> Microsoft.Data.SqlClient.SqlException (0x80131904): The INSERT statement conflicted with the FOREIGN KEY constraint "FK_AspNetUsers_Organizations_OrganizationId". The conflict occurred in database "DynamiqCore_DEV", table "dbo.Organizations", column 'OrganizationId'.
The statement has been terminated.
   at Microsoft.Data.SqlClient.SqlCommand.<>c.<ExecuteDbDataReaderAsync>b__209_0(Task`1 result)
   at System.Threading.Tasks.ContinuationResultTaskFromResultTask`2.InnerInvoke()
   at System.Threading.ExecutionContext.RunInternal(ExecutionContext executionContext, ContextCallback callback, Object state)
--- End of stack trace from previous location ---
   at System.Threading.ExecutionContext.RunInternal(ExecutionContext executionContext, ContextCallback callback, Object state)
   at System.Threading.Tasks.Task.ExecuteWithThreadLocal(Task& currentTaskSlot, Thread threadPoolThread)
--- End of stack trace from previous location ---
   at Microsoft.EntityFrameworkCore.Storage.RelationalCommand.ExecuteReaderAsync(RelationalCommandParameterObject parameterObject, CancellationToken cancellationToken)
   at Microsoft.EntityFrameworkCore.Storage.RelationalCommand.ExecuteReaderAsync(RelationalCommandParameterObject parameterObject, CancellationToken cancellationToken)
   at Microsoft.EntityFrameworkCore.Update.ReaderModificationCommandBatch.ExecuteAsync(IRelationalConnection connection, CancellationToken cancellationToken)
ClientConnectionId:a4d3e233-a9f3-4e47-889e-0d02f7745c8d
Error Number:547,State:0,Class:16
   --- End of inner exception stack trace ---
   at Microsoft.EntityFrameworkCore.Update.ReaderModificationCommandBatch.ExecuteAsync(IRelationalConnection connection, CancellationToken cancellationToken)
   at Microsoft.EntityFrameworkCore.SqlServer.Update.Internal.SqlServerModificationCommandBatch.ExecuteAsync(IRelationalConnection connection, CancellationToken cancellationToken)
   at Microsoft.EntityFrameworkCore.Update.Internal.BatchExecutor.ExecuteAsync(IEnumerable`1 commandBatches, IRelationalConnection connection, CancellationToken cancellationToken)
   at Microsoft.EntityFrameworkCore.Update.Internal.BatchExecutor.ExecuteAsync(IEnumerable`1 commandBatches, IRelationalConnection connection, CancellationToken cancellationToken)
   at Microsoft.EntityFrameworkCore.Update.Internal.BatchExecutor.ExecuteAsync(IEnumerable`1 commandBatches, IRelationalConnection connection, CancellationToken cancellationToken)
   at Microsoft.EntityFrameworkCore.ChangeTracking.Internal.StateManager.SaveChangesAsync(IList`1 entriesToSave, CancellationToken cancellationToken)
   at Microsoft.EntityFrameworkCore.ChangeTracking.Internal.StateManager.SaveChangesAsync(StateManager stateManager, Boolean acceptAllChangesOnSuccess, CancellationToken cancellationToken)
   at Microsoft.EntityFrameworkCore.SqlServer.Storage.Internal.SqlServerExecutionStrategy.ExecuteAsync[TState,TResult](TState state, Func`4 operation, Func`4 verifySucceeded, CancellationToken cancellationToken)
   at Microsoft.EntityFrameworkCore.DbContext.SaveChangesAsync(Boolean acceptAllChangesOnSuccess, CancellationToken cancellationToken)
   at Microsoft.EntityFrameworkCore.DbContext.SaveChangesAsync(Boolean acceptAllChangesOnSuccess, CancellationToken cancellationToken)
   at Microsoft.AspNetCore.Identity.EntityFrameworkCore.UserStore`9.CreateAsync(TUser user, CancellationToken cancellationToken)
   at Microsoft.AspNetCore.Identity.UserManager`1.CreateAsync(TUser user)
   at Microsoft.AspNetCore.Identity.UserManager`1.CreateAsync(TUser user, String password)
   at DynamiqCore.Application.Users.Commands.PatientSignup.CreatePatientCommandHandler.Handle(CreatePatientCommand request, CancellationToken cancellationToken) in D:\Personal\Repos\DynamiqCore\DynamiqCore.Application\Patients\CreatePatient\CreatePatientCommandHandler.cs:line 65
2025-03-06 15:20:26.876 +05:00 [INF] Executed action method DynamiqCore.API.Controllers.PatientController.CreatePatient (DynamiqCore.API), returned result Microsoft.AspNetCore.Mvc.ObjectResult in 39761.5792ms.
2025-03-06 15:20:26.893 +05:00 [INF] Executing ObjectResult, writing value of type 'DynamiqCore.Shared.Results.Result`1[[DynamiqCore.Application.Users.Commands.PatientSignup.Dtos.CreatePatientDto, DynamiqCore.Application, Version=1.0.0.0, Culture=neutral, PublicKeyToken=null]]'.
2025-03-06 15:20:26.938 +05:00 [INF] Executed action DynamiqCore.API.Controllers.PatientController.CreatePatient (DynamiqCore.API) in 39929.2485ms
2025-03-06 15:20:26.942 +05:00 [INF] Executed endpoint 'DynamiqCore.API.Controllers.PatientController.CreatePatient (DynamiqCore.API)'
2025-03-06 15:20:26.963 +05:00 [INF] Request finished HTTP/1.1 POST http://localhost:5137/api/patients/v1/CreatePatient - 500 null application/json; charset=utf-8 40045.8767ms
2025-03-06 15:20:40.711 +05:00 [INF] User profile is available. Using 'C:\Users\naveed\AppData\Local\ASP.NET\DataProtection-Keys' as key repository and Windows DPAPI to encrypt keys at rest.
2025-03-06 15:20:41.015 +05:00 [INF] Now listening on: http://localhost:5137
2025-03-06 15:20:41.033 +05:00 [INF] Application started. Press Ctrl+C to shut down.
2025-03-06 15:20:41.036 +05:00 [INF] Hosting environment: Development
2025-03-06 15:20:41.038 +05:00 [INF] Content root path: D:\Personal\Repos\DynamiqCore\DynamiqCore.API
2025-03-06 15:20:41.273 +05:00 [INF] Request starting HTTP/1.1 GET http://localhost:5137/swagger/index.html - null null
2025-03-06 15:20:41.483 +05:00 [INF] Request finished HTTP/1.1 GET http://localhost:5137/swagger/index.html - 200 null text/html;charset=utf-8 209.9513ms
2025-03-06 15:20:41.537 +05:00 [INF] Request starting HTTP/1.1 GET http://localhost:5137/swagger/index.js - null null
2025-03-06 15:20:41.552 +05:00 [INF] Request finished HTTP/1.1 GET http://localhost:5137/swagger/index.js - 200 null application/javascript;charset=utf-8 15.2017ms
2025-03-06 15:20:42.154 +05:00 [INF] Request starting HTTP/1.1 GET http://localhost:5137/swagger/v1/swagger.json - null null
2025-03-06 15:20:42.436 +05:00 [INF] Request finished HTTP/1.1 GET http://localhost:5137/swagger/v1/swagger.json - 200 null application/json;charset=utf-8 282.188ms
2025-03-06 15:21:02.804 +05:00 [INF] Request starting HTTP/1.1 POST http://localhost:5137/api/patients/v1/CreatePatient - application/json 501
2025-03-06 15:21:02.815 +05:00 [INF] CORS policy execution successful.
2025-03-06 15:21:02.820 +05:00 [WRN] Failed to determine the https port for redirect.
2025-03-06 15:21:02.840 +05:00 [INF] Executing endpoint 'DynamiqCore.API.Controllers.PatientController.CreatePatient (DynamiqCore.API)'
2025-03-06 15:21:02.878 +05:00 [INF] Route matched with {action = "CreatePatient", controller = "Patient"}. Executing controller action with signature System.Threading.Tasks.Task`1[Microsoft.AspNetCore.Mvc.IActionResult] CreatePatient(DynamiqCore.Application.Users.Commands.PatientSignup.CreatePatientCommand) on controller DynamiqCore.API.Controllers.PatientController (DynamiqCore.API).
2025-03-06 15:21:02.967 +05:00 [INF] Executing action method DynamiqCore.API.Controllers.PatientController.CreatePatient (DynamiqCore.API) - Validation state: "Valid"
2025-03-06 15:21:20.423 +05:00 [INF] Executed action method DynamiqCore.API.Controllers.PatientController.CreatePatient (DynamiqCore.API), returned result Microsoft.AspNetCore.Mvc.ObjectResult in 17445.5951ms.
2025-03-06 15:21:20.438 +05:00 [INF] Executing ObjectResult, writing value of type 'DynamiqCore.Shared.Results.Result`1[[DynamiqCore.Application.Users.Commands.PatientSignup.Dtos.CreatePatientDto, DynamiqCore.Application, Version=1.0.0.0, Culture=neutral, PublicKeyToken=null]]'.
2025-03-06 15:21:20.463 +05:00 [INF] Executed action DynamiqCore.API.Controllers.PatientController.CreatePatient (DynamiqCore.API) in 17577.169ms
2025-03-06 15:21:20.467 +05:00 [INF] Executed endpoint 'DynamiqCore.API.Controllers.PatientController.CreatePatient (DynamiqCore.API)'
2025-03-06 15:21:20.472 +05:00 [INF] Request finished HTTP/1.1 POST http://localhost:5137/api/patients/v1/CreatePatient - 404 null application/json; charset=utf-8 17667.6789ms
2025-03-06 15:23:39.809 +05:00 [INF] Request starting HTTP/1.1 POST http://localhost:5137/api/organizations/v1 - application/json 191
2025-03-06 15:23:39.820 +05:00 [INF] CORS policy execution successful.
2025-03-06 15:23:39.835 +05:00 [INF] Authorization failed. These requirements were not met:
RolesAuthorizationRequirement:User.IsInRole must be true for one of the following roles: (SystemUser)
2025-03-06 15:23:39.841 +05:00 [INF] AuthenticationScheme: Identity.Application was challenged.
2025-03-06 15:23:39.844 +05:00 [INF] Request finished HTTP/1.1 POST http://localhost:5137/api/organizations/v1 - 302 0 null 34.9108ms
2025-03-06 15:23:39.858 +05:00 [INF] Request starting HTTP/1.1 GET http://localhost:5137/Account/Login?ReturnUrl=%2Fapi%2Forganizations%2Fv1 - null null
2025-03-06 15:23:39.864 +05:00 [INF] Request finished HTTP/1.1 GET http://localhost:5137/Account/Login?ReturnUrl=%2Fapi%2Forganizations%2Fv1 - 404 0 null 5.8281ms
2025-03-06 15:23:39.871 +05:00 [INF] Request reached the end of the middleware pipeline without being handled by application code. Request path: GET http://localhost:5137/Account/Login, Response status code: 404
2025-03-06 15:50:48.301 +05:00 [INF] User profile is available. Using 'C:\Users\naveed\AppData\Local\ASP.NET\DataProtection-Keys' as key repository and Windows DPAPI to encrypt keys at rest.
2025-03-06 15:50:48.681 +05:00 [INF] Now listening on: http://localhost:5137
2025-03-06 15:50:48.684 +05:00 [INF] Application started. Press Ctrl+C to shut down.
2025-03-06 15:50:48.687 +05:00 [INF] Hosting environment: Development
2025-03-06 15:50:48.689 +05:00 [INF] Content root path: D:\Personal\Repos\DynamiqCore\DynamiqCore.API
2025-03-06 15:50:48.952 +05:00 [INF] Request starting HTTP/1.1 GET http://localhost:5137/swagger/index.html - null null
2025-03-06 15:50:49.161 +05:00 [INF] Request finished HTTP/1.1 GET http://localhost:5137/swagger/index.html - 200 null text/html;charset=utf-8 213.0768ms
2025-03-06 15:50:49.427 +05:00 [INF] Request starting HTTP/1.1 GET http://localhost:5137/swagger/index.js - null null
2025-03-06 15:50:49.466 +05:00 [INF] Request finished HTTP/1.1 GET http://localhost:5137/swagger/index.js - 200 null application/javascript;charset=utf-8 36.9247ms
2025-03-06 15:50:49.881 +05:00 [INF] Request starting HTTP/1.1 GET http://localhost:5137/swagger/v1/swagger.json - null null
2025-03-06 15:50:50.168 +05:00 [INF] Request finished HTTP/1.1 GET http://localhost:5137/swagger/v1/swagger.json - 200 null application/json;charset=utf-8 287.3082ms
2025-03-06 15:51:08.514 +05:00 [INF] Request starting HTTP/1.1 POST http://localhost:5137/api/organizations/v1 - application/json 191
2025-03-06 15:51:08.549 +05:00 [INF] CORS policy execution successful.
2025-03-06 15:51:08.555 +05:00 [WRN] Failed to determine the https port for redirect.
2025-03-06 15:51:08.576 +05:00 [INF] Executing endpoint 'DynamiqCore.API.Controllers.OrganizationController.CreateOrganization (DynamiqCore.API)'
2025-03-06 15:51:08.613 +05:00 [INF] Route matched with {action = "CreateOrganization", controller = "Organization"}. Executing controller action with signature System.Threading.Tasks.Task`1[Microsoft.AspNetCore.Mvc.IActionResult] CreateOrganization(DynamiqCore.Application.Organizations.Commands.CreateOrganization.CreateOrganizationCommand) on controller DynamiqCore.API.Controllers.OrganizationController (DynamiqCore.API).
2025-03-06 15:51:08.684 +05:00 [INF] Executing action method DynamiqCore.API.Controllers.OrganizationController.CreateOrganization (DynamiqCore.API) - Validation state: "Valid"
2025-03-06 15:51:34.617 +05:00 [INF] Executed DbCommand (82ms) [Parameters=[@p0='?' (DbType = Guid), @p1='?' (Size = 500), @p2='?' (Size = 500), @p3='?' (Size = 500), @p4='?' (DbType = DateTime2), @p5='?' (Size = 500)], CommandType='"Text"', CommandTimeout='30']
SET IMPLICIT_TRANSACTIONS OFF;
SET NOCOUNT ON;
INSERT INTO [Organizations] ([OrganizationId], [CreatedBy], [Description], [Name], [UpdateAt], [UpdatedBy])
OUTPUT INSERTED.[CreateAt], INSERTED.[RowVersion]
VALUES (@p0, @p1, @p2, @p3, @p4, @p5);
2025-03-06 15:51:34.704 +05:00 [ERR] An exception occurred in the database while saving changes for context type 'DynamiqCore.Infrastructure.Persistence.DynamiqCoreDbContext'.
Microsoft.EntityFrameworkCore.DbUpdateException: An error occurred while saving the entity changes. See the inner exception for details.
 ---> Microsoft.Data.SqlClient.SqlException (0x80131904): Cannot insert the value NULL into column 'CreatedBy', table 'DynamiqCore_DEV.dbo.Organizations'; column does not allow nulls. INSERT fails.
   at Microsoft.Data.SqlClient.SqlConnection.OnError(SqlException exception, Boolean breakConnection, Action`1 wrapCloseInAction)
   at Microsoft.Data.SqlClient.SqlInternalConnection.OnError(SqlException exception, Boolean breakConnection, Action`1 wrapCloseInAction)
   at Microsoft.Data.SqlClient.TdsParser.ThrowExceptionAndWarning(TdsParserStateObject stateObj, Boolean callerHasConnectionLock, Boolean asyncClose)
   at Microsoft.Data.SqlClient.TdsParser.TryRun(RunBehavior runBehavior, SqlCommand cmdHandler, SqlDataReader dataStream, BulkCopySimpleResultSet bulkCopyHandler, TdsParserStateObject stateObj, Boolean& dataReady)
   at Microsoft.Data.SqlClient.SqlDataReader.TryHasMoreRows(Boolean& moreRows)
   at Microsoft.Data.SqlClient.SqlDataReader.TryReadInternal(Boolean setTimeout, Boolean& more)
   at Microsoft.Data.SqlClient.SqlDataReader.ReadAsyncExecute(Task task, Object state)
   at Microsoft.Data.SqlClient.SqlDataReader.InvokeAsyncCall[T](SqlDataReaderBaseAsyncCallContext`1 context)
--- End of stack trace from previous location ---
   at Microsoft.EntityFrameworkCore.Update.AffectedCountModificationCommandBatch.ConsumeResultSetAsync(Int32 startCommandIndex, RelationalDataReader reader, CancellationToken cancellationToken)
ClientConnectionId:98d4c87f-f2cf-4bf7-8726-6d3530e917de
Error Number:515,State:2,Class:16
   --- End of inner exception stack trace ---
   at Microsoft.EntityFrameworkCore.Update.AffectedCountModificationCommandBatch.ConsumeResultSetAsync(Int32 startCommandIndex, RelationalDataReader reader, CancellationToken cancellationToken)
   at Microsoft.EntityFrameworkCore.Update.AffectedCountModificationCommandBatch.ConsumeAsync(RelationalDataReader reader, CancellationToken cancellationToken)
   at Microsoft.EntityFrameworkCore.Update.ReaderModificationCommandBatch.ExecuteAsync(IRelationalConnection connection, CancellationToken cancellationToken)
   at Microsoft.EntityFrameworkCore.Update.ReaderModificationCommandBatch.ExecuteAsync(IRelationalConnection connection, CancellationToken cancellationToken)
   at Microsoft.EntityFrameworkCore.SqlServer.Update.Internal.SqlServerModificationCommandBatch.ExecuteAsync(IRelationalConnection connection, CancellationToken cancellationToken)
   at Microsoft.EntityFrameworkCore.Update.Internal.BatchExecutor.ExecuteAsync(IEnumerable`1 commandBatches, IRelationalConnection connection, CancellationToken cancellationToken)
   at Microsoft.EntityFrameworkCore.Update.Internal.BatchExecutor.ExecuteAsync(IEnumerable`1 commandBatches, IRelationalConnection connection, CancellationToken cancellationToken)
   at Microsoft.EntityFrameworkCore.Update.Internal.BatchExecutor.ExecuteAsync(IEnumerable`1 commandBatches, IRelationalConnection connection, CancellationToken cancellationToken)
   at Microsoft.EntityFrameworkCore.ChangeTracking.Internal.StateManager.SaveChangesAsync(IList`1 entriesToSave, CancellationToken cancellationToken)
   at Microsoft.EntityFrameworkCore.ChangeTracking.Internal.StateManager.SaveChangesAsync(StateManager stateManager, Boolean acceptAllChangesOnSuccess, CancellationToken cancellationToken)
   at Microsoft.EntityFrameworkCore.SqlServer.Storage.Internal.SqlServerExecutionStrategy.ExecuteAsync[TState,TResult](TState state, Func`4 operation, Func`4 verifySucceeded, CancellationToken cancellationToken)
   at Microsoft.EntityFrameworkCore.DbContext.SaveChangesAsync(Boolean acceptAllChangesOnSuccess, CancellationToken cancellationToken)
Microsoft.EntityFrameworkCore.DbUpdateException: An error occurred while saving the entity changes. See the inner exception for details.
 ---> Microsoft.Data.SqlClient.SqlException (0x80131904): Cannot insert the value NULL into column 'CreatedBy', table 'DynamiqCore_DEV.dbo.Organizations'; column does not allow nulls. INSERT fails.
   at Microsoft.Data.SqlClient.SqlConnection.OnError(SqlException exception, Boolean breakConnection, Action`1 wrapCloseInAction)
   at Microsoft.Data.SqlClient.SqlInternalConnection.OnError(SqlException exception, Boolean breakConnection, Action`1 wrapCloseInAction)
   at Microsoft.Data.SqlClient.TdsParser.ThrowExceptionAndWarning(TdsParserStateObject stateObj, Boolean callerHasConnectionLock, Boolean asyncClose)
   at Microsoft.Data.SqlClient.TdsParser.TryRun(RunBehavior runBehavior, SqlCommand cmdHandler, SqlDataReader dataStream, BulkCopySimpleResultSet bulkCopyHandler, TdsParserStateObject stateObj, Boolean& dataReady)
   at Microsoft.Data.SqlClient.SqlDataReader.TryHasMoreRows(Boolean& moreRows)
   at Microsoft.Data.SqlClient.SqlDataReader.TryReadInternal(Boolean setTimeout, Boolean& more)
   at Microsoft.Data.SqlClient.SqlDataReader.ReadAsyncExecute(Task task, Object state)
   at Microsoft.Data.SqlClient.SqlDataReader.InvokeAsyncCall[T](SqlDataReaderBaseAsyncCallContext`1 context)
--- End of stack trace from previous location ---
   at Microsoft.EntityFrameworkCore.Update.AffectedCountModificationCommandBatch.ConsumeResultSetAsync(Int32 startCommandIndex, RelationalDataReader reader, CancellationToken cancellationToken)
ClientConnectionId:98d4c87f-f2cf-4bf7-8726-6d3530e917de
Error Number:515,State:2,Class:16
   --- End of inner exception stack trace ---
   at Microsoft.EntityFrameworkCore.Update.AffectedCountModificationCommandBatch.ConsumeResultSetAsync(Int32 startCommandIndex, RelationalDataReader reader, CancellationToken cancellationToken)
   at Microsoft.EntityFrameworkCore.Update.AffectedCountModificationCommandBatch.ConsumeAsync(RelationalDataReader reader, CancellationToken cancellationToken)
   at Microsoft.EntityFrameworkCore.Update.ReaderModificationCommandBatch.ExecuteAsync(IRelationalConnection connection, CancellationToken cancellationToken)
   at Microsoft.EntityFrameworkCore.Update.ReaderModificationCommandBatch.ExecuteAsync(IRelationalConnection connection, CancellationToken cancellationToken)
   at Microsoft.EntityFrameworkCore.SqlServer.Update.Internal.SqlServerModificationCommandBatch.ExecuteAsync(IRelationalConnection connection, CancellationToken cancellationToken)
   at Microsoft.EntityFrameworkCore.Update.Internal.BatchExecutor.ExecuteAsync(IEnumerable`1 commandBatches, IRelationalConnection connection, CancellationToken cancellationToken)
   at Microsoft.EntityFrameworkCore.Update.Internal.BatchExecutor.ExecuteAsync(IEnumerable`1 commandBatches, IRelationalConnection connection, CancellationToken cancellationToken)
   at Microsoft.EntityFrameworkCore.Update.Internal.BatchExecutor.ExecuteAsync(IEnumerable`1 commandBatches, IRelationalConnection connection, CancellationToken cancellationToken)
   at Microsoft.EntityFrameworkCore.ChangeTracking.Internal.StateManager.SaveChangesAsync(IList`1 entriesToSave, CancellationToken cancellationToken)
   at Microsoft.EntityFrameworkCore.ChangeTracking.Internal.StateManager.SaveChangesAsync(StateManager stateManager, Boolean acceptAllChangesOnSuccess, CancellationToken cancellationToken)
   at Microsoft.EntityFrameworkCore.SqlServer.Storage.Internal.SqlServerExecutionStrategy.ExecuteAsync[TState,TResult](TState state, Func`4 operation, Func`4 verifySucceeded, CancellationToken cancellationToken)
   at Microsoft.EntityFrameworkCore.DbContext.SaveChangesAsync(Boolean acceptAllChangesOnSuccess, CancellationToken cancellationToken)
2025-03-06 15:56:48.471 +05:00 [INF] User profile is available. Using 'C:\Users\naveed\AppData\Local\ASP.NET\DataProtection-Keys' as key repository and Windows DPAPI to encrypt keys at rest.
2025-03-06 15:56:48.768 +05:00 [INF] Now listening on: http://localhost:5137
2025-03-06 15:56:48.790 +05:00 [INF] Application started. Press Ctrl+C to shut down.
2025-03-06 15:56:48.792 +05:00 [INF] Hosting environment: Development
2025-03-06 15:56:48.794 +05:00 [INF] Content root path: D:\Personal\Repos\DynamiqCore\DynamiqCore.API
2025-03-06 15:56:48.866 +05:00 [INF] Request starting HTTP/1.1 GET http://localhost:5137/swagger/index.html - null null
2025-03-06 15:56:49.116 +05:00 [INF] Request finished HTTP/1.1 GET http://localhost:5137/swagger/index.html - 200 null text/html;charset=utf-8 251.3213ms
2025-03-06 15:56:49.278 +05:00 [INF] Request starting HTTP/1.1 GET http://localhost:5137/swagger/index.js - null null
2025-03-06 15:56:49.289 +05:00 [INF] Request finished HTTP/1.1 GET http://localhost:5137/swagger/index.js - 200 null application/javascript;charset=utf-8 10.4092ms
2025-03-06 15:56:49.782 +05:00 [INF] Request starting HTTP/1.1 GET http://localhost:5137/swagger/v1/swagger.json - null null
2025-03-06 15:56:50.088 +05:00 [INF] Request finished HTTP/1.1 GET http://localhost:5137/swagger/v1/swagger.json - 200 null application/json;charset=utf-8 305.4988ms
2025-03-06 15:57:33.203 +05:00 [INF] Request starting HTTP/1.1 POST http://localhost:5137/api/organizations/v1 - application/json 198
2025-03-06 15:57:33.223 +05:00 [INF] CORS policy execution successful.
2025-03-06 15:57:33.226 +05:00 [WRN] Failed to determine the https port for redirect.
2025-03-06 15:57:33.244 +05:00 [INF] Executing endpoint 'DynamiqCore.API.Controllers.OrganizationController.CreateOrganization (DynamiqCore.API)'
2025-03-06 15:57:33.280 +05:00 [INF] Route matched with {action = "CreateOrganization", controller = "Organization"}. Executing controller action with signature System.Threading.Tasks.Task`1[Microsoft.AspNetCore.Mvc.IActionResult] CreateOrganization(DynamiqCore.Application.Organizations.Commands.CreateOrganization.CreateOrganizationCommand) on controller DynamiqCore.API.Controllers.OrganizationController (DynamiqCore.API).
2025-03-06 15:57:33.354 +05:00 [INF] Executing action method DynamiqCore.API.Controllers.OrganizationController.CreateOrganization (DynamiqCore.API) - Validation state: "Valid"
2025-03-06 15:57:42.657 +05:00 [INF] Executed DbCommand (73ms) [Parameters=[@p0='?' (DbType = Guid), @p1='?' (Size = 500), @p2='?' (Size = 500), @p3='?' (Size = 500), @p4='?' (DbType = DateTime2), @p5='?' (Size = 500)], CommandType='"Text"', CommandTimeout='30']
SET IMPLICIT_TRANSACTIONS OFF;
SET NOCOUNT ON;
INSERT INTO [Organizations] ([OrganizationId], [CreatedBy], [Description], [Name], [UpdateAt], [UpdatedBy])
OUTPUT INSERTED.[CreateAt], INSERTED.[RowVersion]
VALUES (@p0, @p1, @p2, @p3, @p4, @p5);
2025-03-06 15:57:42.740 +05:00 [ERR] An exception occurred in the database while saving changes for context type 'DynamiqCore.Infrastructure.Persistence.DynamiqCoreDbContext'.
Microsoft.EntityFrameworkCore.DbUpdateException: An error occurred while saving the entity changes. See the inner exception for details.
 ---> Microsoft.Data.SqlClient.SqlException (0x80131904): Cannot insert the value NULL into column 'Address_Country', table 'DynamiqCore_DEV.dbo.Organizations'; column does not allow nulls. INSERT fails.
   at Microsoft.Data.SqlClient.SqlConnection.OnError(SqlException exception, Boolean breakConnection, Action`1 wrapCloseInAction)
   at Microsoft.Data.SqlClient.SqlInternalConnection.OnError(SqlException exception, Boolean breakConnection, Action`1 wrapCloseInAction)
   at Microsoft.Data.SqlClient.TdsParser.ThrowExceptionAndWarning(TdsParserStateObject stateObj, Boolean callerHasConnectionLock, Boolean asyncClose)
   at Microsoft.Data.SqlClient.TdsParser.TryRun(RunBehavior runBehavior, SqlCommand cmdHandler, SqlDataReader dataStream, BulkCopySimpleResultSet bulkCopyHandler, TdsParserStateObject stateObj, Boolean& dataReady)
   at Microsoft.Data.SqlClient.SqlDataReader.TryHasMoreRows(Boolean& moreRows)
   at Microsoft.Data.SqlClient.SqlDataReader.TryReadInternal(Boolean setTimeout, Boolean& more)
   at Microsoft.Data.SqlClient.SqlDataReader.ReadAsyncExecute(Task task, Object state)
   at Microsoft.Data.SqlClient.SqlDataReader.InvokeAsyncCall[T](SqlDataReaderBaseAsyncCallContext`1 context)
--- End of stack trace from previous location ---
   at Microsoft.EntityFrameworkCore.Update.AffectedCountModificationCommandBatch.ConsumeResultSetAsync(Int32 startCommandIndex, RelationalDataReader reader, CancellationToken cancellationToken)
ClientConnectionId:2ec8549b-5257-4d99-925f-289c6bb1ca52
Error Number:515,State:2,Class:16
   --- End of inner exception stack trace ---
   at Microsoft.EntityFrameworkCore.Update.AffectedCountModificationCommandBatch.ConsumeResultSetAsync(Int32 startCommandIndex, RelationalDataReader reader, CancellationToken cancellationToken)
   at Microsoft.EntityFrameworkCore.Update.AffectedCountModificationCommandBatch.ConsumeAsync(RelationalDataReader reader, CancellationToken cancellationToken)
   at Microsoft.EntityFrameworkCore.Update.ReaderModificationCommandBatch.ExecuteAsync(IRelationalConnection connection, CancellationToken cancellationToken)
   at Microsoft.EntityFrameworkCore.Update.ReaderModificationCommandBatch.ExecuteAsync(IRelationalConnection connection, CancellationToken cancellationToken)
   at Microsoft.EntityFrameworkCore.SqlServer.Update.Internal.SqlServerModificationCommandBatch.ExecuteAsync(IRelationalConnection connection, CancellationToken cancellationToken)
   at Microsoft.EntityFrameworkCore.Update.Internal.BatchExecutor.ExecuteAsync(IEnumerable`1 commandBatches, IRelationalConnection connection, CancellationToken cancellationToken)
   at Microsoft.EntityFrameworkCore.Update.Internal.BatchExecutor.ExecuteAsync(IEnumerable`1 commandBatches, IRelationalConnection connection, CancellationToken cancellationToken)
   at Microsoft.EntityFrameworkCore.Update.Internal.BatchExecutor.ExecuteAsync(IEnumerable`1 commandBatches, IRelationalConnection connection, CancellationToken cancellationToken)
   at Microsoft.EntityFrameworkCore.ChangeTracking.Internal.StateManager.SaveChangesAsync(IList`1 entriesToSave, CancellationToken cancellationToken)
   at Microsoft.EntityFrameworkCore.ChangeTracking.Internal.StateManager.SaveChangesAsync(StateManager stateManager, Boolean acceptAllChangesOnSuccess, CancellationToken cancellationToken)
   at Microsoft.EntityFrameworkCore.SqlServer.Storage.Internal.SqlServerExecutionStrategy.ExecuteAsync[TState,TResult](TState state, Func`4 operation, Func`4 verifySucceeded, CancellationToken cancellationToken)
   at Microsoft.EntityFrameworkCore.DbContext.SaveChangesAsync(Boolean acceptAllChangesOnSuccess, CancellationToken cancellationToken)
Microsoft.EntityFrameworkCore.DbUpdateException: An error occurred while saving the entity changes. See the inner exception for details.
 ---> Microsoft.Data.SqlClient.SqlException (0x80131904): Cannot insert the value NULL into column 'Address_Country', table 'DynamiqCore_DEV.dbo.Organizations'; column does not allow nulls. INSERT fails.
   at Microsoft.Data.SqlClient.SqlConnection.OnError(SqlException exception, Boolean breakConnection, Action`1 wrapCloseInAction)
   at Microsoft.Data.SqlClient.SqlInternalConnection.OnError(SqlException exception, Boolean breakConnection, Action`1 wrapCloseInAction)
   at Microsoft.Data.SqlClient.TdsParser.ThrowExceptionAndWarning(TdsParserStateObject stateObj, Boolean callerHasConnectionLock, Boolean asyncClose)
   at Microsoft.Data.SqlClient.TdsParser.TryRun(RunBehavior runBehavior, SqlCommand cmdHandler, SqlDataReader dataStream, BulkCopySimpleResultSet bulkCopyHandler, TdsParserStateObject stateObj, Boolean& dataReady)
   at Microsoft.Data.SqlClient.SqlDataReader.TryHasMoreRows(Boolean& moreRows)
   at Microsoft.Data.SqlClient.SqlDataReader.TryReadInternal(Boolean setTimeout, Boolean& more)
   at Microsoft.Data.SqlClient.SqlDataReader.ReadAsyncExecute(Task task, Object state)
   at Microsoft.Data.SqlClient.SqlDataReader.InvokeAsyncCall[T](SqlDataReaderBaseAsyncCallContext`1 context)
--- End of stack trace from previous location ---
   at Microsoft.EntityFrameworkCore.Update.AffectedCountModificationCommandBatch.ConsumeResultSetAsync(Int32 startCommandIndex, RelationalDataReader reader, CancellationToken cancellationToken)
ClientConnectionId:2ec8549b-5257-4d99-925f-289c6bb1ca52
Error Number:515,State:2,Class:16
   --- End of inner exception stack trace ---
   at Microsoft.EntityFrameworkCore.Update.AffectedCountModificationCommandBatch.ConsumeResultSetAsync(Int32 startCommandIndex, RelationalDataReader reader, CancellationToken cancellationToken)
   at Microsoft.EntityFrameworkCore.Update.AffectedCountModificationCommandBatch.ConsumeAsync(RelationalDataReader reader, CancellationToken cancellationToken)
   at Microsoft.EntityFrameworkCore.Update.ReaderModificationCommandBatch.ExecuteAsync(IRelationalConnection connection, CancellationToken cancellationToken)
   at Microsoft.EntityFrameworkCore.Update.ReaderModificationCommandBatch.ExecuteAsync(IRelationalConnection connection, CancellationToken cancellationToken)
   at Microsoft.EntityFrameworkCore.SqlServer.Update.Internal.SqlServerModificationCommandBatch.ExecuteAsync(IRelationalConnection connection, CancellationToken cancellationToken)
   at Microsoft.EntityFrameworkCore.Update.Internal.BatchExecutor.ExecuteAsync(IEnumerable`1 commandBatches, IRelationalConnection connection, CancellationToken cancellationToken)
   at Microsoft.EntityFrameworkCore.Update.Internal.BatchExecutor.ExecuteAsync(IEnumerable`1 commandBatches, IRelationalConnection connection, CancellationToken cancellationToken)
   at Microsoft.EntityFrameworkCore.Update.Internal.BatchExecutor.ExecuteAsync(IEnumerable`1 commandBatches, IRelationalConnection connection, CancellationToken cancellationToken)
   at Microsoft.EntityFrameworkCore.ChangeTracking.Internal.StateManager.SaveChangesAsync(IList`1 entriesToSave, CancellationToken cancellationToken)
   at Microsoft.EntityFrameworkCore.ChangeTracking.Internal.StateManager.SaveChangesAsync(StateManager stateManager, Boolean acceptAllChangesOnSuccess, CancellationToken cancellationToken)
   at Microsoft.EntityFrameworkCore.SqlServer.Storage.Internal.SqlServerExecutionStrategy.ExecuteAsync[TState,TResult](TState state, Func`4 operation, Func`4 verifySucceeded, CancellationToken cancellationToken)
   at Microsoft.EntityFrameworkCore.DbContext.SaveChangesAsync(Boolean acceptAllChangesOnSuccess, CancellationToken cancellationToken)
2025-03-06 16:05:33.342 +05:00 [INF] User profile is available. Using 'C:\Users\naveed\AppData\Local\ASP.NET\DataProtection-Keys' as key repository and Windows DPAPI to encrypt keys at rest.
2025-03-06 16:05:33.592 +05:00 [INF] Now listening on: http://localhost:5137
2025-03-06 16:05:33.598 +05:00 [INF] Application started. Press Ctrl+C to shut down.
2025-03-06 16:05:33.602 +05:00 [INF] Hosting environment: Development
2025-03-06 16:05:33.604 +05:00 [INF] Content root path: D:\Personal\Repos\DynamiqCore\DynamiqCore.API
2025-03-06 16:05:33.828 +05:00 [INF] Request starting HTTP/1.1 GET http://localhost:5137/swagger/index.html - null null
2025-03-06 16:05:34.064 +05:00 [INF] Request finished HTTP/1.1 GET http://localhost:5137/swagger/index.html - 200 null text/html;charset=utf-8 241.4483ms
2025-03-06 16:05:34.141 +05:00 [INF] Request starting HTTP/1.1 GET http://localhost:5137/swagger/index.js - null null
2025-03-06 16:05:34.148 +05:00 [INF] Request finished HTTP/1.1 GET http://localhost:5137/swagger/index.js - 200 null application/javascript;charset=utf-8 6.7714ms
2025-03-06 16:05:35.048 +05:00 [INF] Request starting HTTP/1.1 GET http://localhost:5137/swagger/v1/swagger.json - null null
2025-03-06 16:05:35.319 +05:00 [INF] Request finished HTTP/1.1 GET http://localhost:5137/swagger/v1/swagger.json - 200 null application/json;charset=utf-8 270.6052ms
2025-03-06 16:05:40.573 +05:00 [INF] Request starting HTTP/1.1 POST http://localhost:5137/api/organizations/v1 - application/json 198
2025-03-06 16:05:40.588 +05:00 [INF] CORS policy execution successful.
2025-03-06 16:05:40.593 +05:00 [WRN] Failed to determine the https port for redirect.
2025-03-06 16:05:40.621 +05:00 [INF] Executing endpoint 'DynamiqCore.API.Controllers.OrganizationController.CreateOrganization (DynamiqCore.API)'
2025-03-06 16:05:40.658 +05:00 [INF] Route matched with {action = "CreateOrganization", controller = "Organization"}. Executing controller action with signature System.Threading.Tasks.Task`1[Microsoft.AspNetCore.Mvc.IActionResult] CreateOrganization(DynamiqCore.Application.Organizations.Commands.CreateOrganization.CreateOrganizationCommand) on controller DynamiqCore.API.Controllers.OrganizationController (DynamiqCore.API).
2025-03-06 16:05:40.726 +05:00 [INF] Executing action method DynamiqCore.API.Controllers.OrganizationController.CreateOrganization (DynamiqCore.API) - Validation state: "Valid"
2025-03-06 16:08:04.810 +05:00 [INF] User profile is available. Using 'C:\Users\naveed\AppData\Local\ASP.NET\DataProtection-Keys' as key repository and Windows DPAPI to encrypt keys at rest.
2025-03-06 16:08:05.082 +05:00 [INF] Now listening on: http://localhost:5137
2025-03-06 16:08:05.086 +05:00 [INF] Application started. Press Ctrl+C to shut down.
2025-03-06 16:08:05.088 +05:00 [INF] Hosting environment: Development
2025-03-06 16:08:05.090 +05:00 [INF] Content root path: D:\Personal\Repos\DynamiqCore\DynamiqCore.API
2025-03-06 16:08:05.194 +05:00 [INF] Request starting HTTP/1.1 GET http://localhost:5137/swagger/index.html - null null
2025-03-06 16:08:05.379 +05:00 [INF] Request finished HTTP/1.1 GET http://localhost:5137/swagger/index.html - 200 null text/html;charset=utf-8 185.6449ms
2025-03-06 16:08:05.662 +05:00 [INF] Request starting HTTP/1.1 GET http://localhost:5137/swagger/index.js - null null
2025-03-06 16:08:05.693 +05:00 [INF] Request finished HTTP/1.1 GET http://localhost:5137/swagger/index.js - 200 null application/javascript;charset=utf-8 30.917ms
2025-03-06 16:08:06.133 +05:00 [INF] Request starting HTTP/1.1 GET http://localhost:5137/swagger/v1/swagger.json - null null
2025-03-06 16:08:06.432 +05:00 [INF] Request finished HTTP/1.1 GET http://localhost:5137/swagger/v1/swagger.json - 200 null application/json;charset=utf-8 298.9446ms
2025-03-06 16:08:12.998 +05:00 [INF] Request starting HTTP/1.1 POST http://localhost:5137/api/organizations/v1 - application/json 198
2025-03-06 16:08:13.014 +05:00 [INF] CORS policy execution successful.
2025-03-06 16:08:13.020 +05:00 [WRN] Failed to determine the https port for redirect.
2025-03-06 16:08:13.038 +05:00 [INF] Executing endpoint 'DynamiqCore.API.Controllers.OrganizationController.CreateOrganization (DynamiqCore.API)'
2025-03-06 16:08:13.080 +05:00 [INF] Route matched with {action = "CreateOrganization", controller = "Organization"}. Executing controller action with signature System.Threading.Tasks.Task`1[Microsoft.AspNetCore.Mvc.IActionResult] CreateOrganization(DynamiqCore.Application.Organizations.Commands.CreateOrganization.CreateOrganizationCommand) on controller DynamiqCore.API.Controllers.OrganizationController (DynamiqCore.API).
2025-03-06 16:08:13.148 +05:00 [INF] Executing action method DynamiqCore.API.Controllers.OrganizationController.CreateOrganization (DynamiqCore.API) - Validation state: "Valid"
2025-03-06 16:08:21.125 +05:00 [INF] Executed DbCommand (80ms) [Parameters=[@p0='?' (DbType = Guid), @p1='?' (Size = 500), @p2='?' (Size = 500), @p3='?' (Size = 500), @p4='?' (DbType = DateTime2), @p5='?' (Size = 500), @p6='?' (Size = 100), @p7='?' (Size = 100), @p8='?' (Size = 10), @p9='?' (Size = 2), @p10='?' (Size = 200), @p11='?' (Size = 50)], CommandType='"Text"', CommandTimeout='30']
SET IMPLICIT_TRANSACTIONS OFF;
SET NOCOUNT ON;
INSERT INTO [Organizations] ([OrganizationId], [CreatedBy], [Description], [Name], [UpdateAt], [UpdatedBy], [Address_City], [Address_Country], [Address_PostalCode], [Address_State], [Address_Street], [Address_UnitNumber])
OUTPUT INSERTED.[CreateAt], INSERTED.[RowVersion]
VALUES (@p0, @p1, @p2, @p3, @p4, @p5, @p6, @p7, @p8, @p9, @p10, @p11);
2025-03-06 16:08:33.158 +05:00 [INF] Organization created successfully with ID: "4b3f300d-7a4d-4e56-7df1-08dd5c9f343f"
2025-03-06 16:08:49.040 +05:00 [INF] Executed action method DynamiqCore.API.Controllers.OrganizationController.CreateOrganization (DynamiqCore.API), returned result Microsoft.AspNetCore.Mvc.ObjectResult in 35883.1062ms.
2025-03-06 16:08:49.055 +05:00 [INF] Executing ObjectResult, writing value of type 'DynamiqCore.Shared.Results.Result`1[[DynamiqCore.Application.Organizations.Commands.CreateOrganization.Dtos.CreateOrganizationDto, DynamiqCore.Application, Version=1.0.0.0, Culture=neutral, PublicKeyToken=null]]'.
2025-03-06 16:08:49.101 +05:00 [INF] Executed action DynamiqCore.API.Controllers.OrganizationController.CreateOrganization (DynamiqCore.API) in 36011.38ms
2025-03-06 16:08:49.106 +05:00 [INF] Executed endpoint 'DynamiqCore.API.Controllers.OrganizationController.CreateOrganization (DynamiqCore.API)'
2025-03-06 16:08:49.119 +05:00 [INF] Request finished HTTP/1.1 POST http://localhost:5137/api/organizations/v1 - 200 null application/json; charset=utf-8 36121.0221ms
2025-03-06 16:10:07.923 +05:00 [INF] User profile is available. Using 'C:\Users\naveed\AppData\Local\ASP.NET\DataProtection-Keys' as key repository and Windows DPAPI to encrypt keys at rest.
2025-03-06 16:10:08.184 +05:00 [INF] Now listening on: http://localhost:5137
2025-03-06 16:10:08.189 +05:00 [INF] Application started. Press Ctrl+C to shut down.
2025-03-06 16:10:08.191 +05:00 [INF] Hosting environment: Development
2025-03-06 16:10:08.193 +05:00 [INF] Content root path: D:\Personal\Repos\DynamiqCore\DynamiqCore.API
2025-03-06 16:10:08.312 +05:00 [INF] Request starting HTTP/1.1 GET http://localhost:5137/swagger/index.html - null null
2025-03-06 16:10:08.549 +05:00 [INF] Request finished HTTP/1.1 GET http://localhost:5137/swagger/index.html - 200 null text/html;charset=utf-8 239.3269ms
2025-03-06 16:10:08.597 +05:00 [INF] Request starting HTTP/1.1 GET http://localhost:5137/swagger/index.js - null null
2025-03-06 16:10:08.622 +05:00 [INF] Request finished HTTP/1.1 GET http://localhost:5137/swagger/index.js - 200 null application/javascript;charset=utf-8 25.203ms
2025-03-06 16:10:10.083 +05:00 [INF] Request starting HTTP/1.1 GET http://localhost:5137/swagger/v1/swagger.json - null null
2025-03-06 16:10:10.379 +05:00 [INF] Request finished HTTP/1.1 GET http://localhost:5137/swagger/v1/swagger.json - 200 null application/json;charset=utf-8 296.5019ms
2025-03-06 16:10:13.588 +05:00 [INF] Request starting HTTP/1.1 POST http://localhost:5137/api/organizations/v1 - application/json 198
2025-03-06 16:10:13.603 +05:00 [INF] CORS policy execution successful.
2025-03-06 16:10:13.608 +05:00 [WRN] Failed to determine the https port for redirect.
2025-03-06 16:10:13.627 +05:00 [INF] Executing endpoint 'DynamiqCore.API.Controllers.OrganizationController.CreateOrganization (DynamiqCore.API)'
2025-03-06 16:10:13.660 +05:00 [INF] Route matched with {action = "CreateOrganization", controller = "Organization"}. Executing controller action with signature System.Threading.Tasks.Task`1[Microsoft.AspNetCore.Mvc.IActionResult] CreateOrganization(DynamiqCore.Application.Organizations.Commands.CreateOrganization.CreateOrganizationCommand) on controller DynamiqCore.API.Controllers.OrganizationController (DynamiqCore.API).
2025-03-06 16:10:13.733 +05:00 [INF] Executing action method DynamiqCore.API.Controllers.OrganizationController.CreateOrganization (DynamiqCore.API) - Validation state: "Valid"
2025-03-06 16:10:21.594 +05:00 [INF] Executed DbCommand (77ms) [Parameters=[@p0='?' (DbType = Guid), @p1='?' (Size = 500), @p2='?' (Size = 500), @p3='?' (Size = 500), @p4='?' (DbType = DateTime2), @p5='?' (Size = 500), @p6='?' (Size = 100), @p7='?' (Size = 100), @p8='?' (Size = 10), @p9='?' (Size = 2), @p10='?' (Size = 200), @p11='?' (Size = 50)], CommandType='"Text"', CommandTimeout='30']
SET IMPLICIT_TRANSACTIONS OFF;
SET NOCOUNT ON;
INSERT INTO [Organizations] ([OrganizationId], [CreatedBy], [Description], [Name], [UpdateAt], [UpdatedBy], [Address_City], [Address_Country], [Address_PostalCode], [Address_State], [Address_Street], [Address_UnitNumber])
OUTPUT INSERTED.[CreateAt], INSERTED.[RowVersion]
VALUES (@p0, @p1, @p2, @p3, @p4, @p5, @p6, @p7, @p8, @p9, @p10, @p11);
2025-03-06 16:10:23.066 +05:00 [INF] Organization created successfully with ID: "6a6f17cd-9375-45cd-7cc8-08dd5c9f7c06"
2025-03-06 16:10:26.867 +05:00 [INF] Executed action method DynamiqCore.API.Controllers.OrganizationController.CreateOrganization (DynamiqCore.API), returned result Microsoft.AspNetCore.Mvc.ObjectResult in 13126.1663ms.
2025-03-06 16:10:26.883 +05:00 [INF] Executing ObjectResult, writing value of type 'DynamiqCore.Shared.Results.Result`1[[DynamiqCore.Application.Organizations.Commands.CreateOrganization.Dtos.CreateOrganizationDto, DynamiqCore.Application, Version=1.0.0.0, Culture=neutral, PublicKeyToken=null]]'.
2025-03-06 16:10:26.909 +05:00 [INF] Executed action DynamiqCore.API.Controllers.OrganizationController.CreateOrganization (DynamiqCore.API) in 13238.2779ms
2025-03-06 16:10:26.914 +05:00 [INF] Executed endpoint 'DynamiqCore.API.Controllers.OrganizationController.CreateOrganization (DynamiqCore.API)'
2025-03-06 16:10:26.929 +05:00 [INF] Request finished HTTP/1.1 POST http://localhost:5137/api/organizations/v1 - 200 null application/json; charset=utf-8 13340.9287ms
2025-03-06 16:16:13.769 +05:00 [INF] User profile is available. Using 'C:\Users\naveed\AppData\Local\ASP.NET\DataProtection-Keys' as key repository and Windows DPAPI to encrypt keys at rest.
2025-03-06 16:16:14.057 +05:00 [INF] Now listening on: http://localhost:5137
2025-03-06 16:16:14.065 +05:00 [INF] Application started. Press Ctrl+C to shut down.
2025-03-06 16:16:14.067 +05:00 [INF] Hosting environment: Development
2025-03-06 16:16:14.075 +05:00 [INF] Content root path: D:\Personal\Repos\DynamiqCore\DynamiqCore.API
2025-03-06 16:16:14.383 +05:00 [INF] Request starting HTTP/1.1 GET http://localhost:5137/swagger/index.html - null null
2025-03-06 16:16:14.646 +05:00 [INF] Request finished HTTP/1.1 GET http://localhost:5137/swagger/index.html - 200 null text/html;charset=utf-8 266.5418ms
2025-03-06 16:16:14.746 +05:00 [INF] Request starting HTTP/1.1 GET http://localhost:5137/swagger/index.js - null null
2025-03-06 16:16:14.756 +05:00 [INF] Request finished HTTP/1.1 GET http://localhost:5137/swagger/index.js - 200 null application/javascript;charset=utf-8 9.358ms
2025-03-06 16:16:15.363 +05:00 [INF] Request starting HTTP/1.1 GET http://localhost:5137/swagger/v1/swagger.json - null null
2025-03-06 16:16:15.630 +05:00 [INF] Request finished HTTP/1.1 GET http://localhost:5137/swagger/v1/swagger.json - 200 null application/json;charset=utf-8 267.5891ms
2025-03-06 16:16:47.027 +05:00 [INF] Request starting HTTP/1.1 GET http://localhost:5137/api/organizations/v1/GetAllOrganizations - null null
2025-03-06 16:16:47.056 +05:00 [WRN] Failed to determine the https port for redirect.
2025-03-06 16:16:47.077 +05:00 [INF] Executing endpoint 'DynamiqCore.API.Controllers.OrganizationController.GetAll (DynamiqCore.API)'
2025-03-06 16:16:47.104 +05:00 [INF] Route matched with {action = "GetAll", controller = "Organization"}. Executing controller action with signature System.Threading.Tasks.Task`1[Microsoft.AspNetCore.Mvc.ActionResult`1[System.Collections.Generic.IEnumerable`1[DynamiqCore.Application.Organizations.Dtos.OrganizationDto]]] GetAll() on controller DynamiqCore.API.Controllers.OrganizationController (DynamiqCore.API).
2025-03-06 16:16:47.123 +05:00 [INF] Executing action method DynamiqCore.API.Controllers.OrganizationController.GetAll (DynamiqCore.API) - Validation state: "Valid"
2025-03-06 16:16:52.907 +05:00 [INF] Getting all organizations
2025-03-06 16:16:55.585 +05:00 [INF] Executed DbCommand (67ms) [Parameters=[], CommandType='"Text"', CommandTimeout='30']
SELECT COUNT(*)
FROM [Organizations] AS [o]
2025-03-06 16:16:55.668 +05:00 [WRN] The query uses a row limiting operator ('Skip'/'Take') without an 'OrderBy' operator. This may lead to unpredictable results. If the 'Distinct' operator is used after 'OrderBy', then make sure to use the 'OrderBy' operator after 'Distinct' as the ordering would otherwise get erased.
2025-03-06 16:16:55.671 +05:00 [WRN] The query uses a row limiting operator ('Skip'/'Take') without an 'OrderBy' operator. This may lead to unpredictable results. If the 'Distinct' operator is used after 'OrderBy', then make sure to use the 'OrderBy' operator after 'Distinct' as the ordering would otherwise get erased.
2025-03-06 16:16:55.752 +05:00 [INF] Executed DbCommand (9ms) [Parameters=[], CommandType='"Text"', CommandTimeout='30']
SELECT [o].[OrganizationId], [o].[CreateAt], [o].[CreatedBy], [o].[Description], [o].[Name], [o].[RowVersion], [o].[UpdateAt], [o].[UpdatedBy], [o].[Address_City], [o].[Address_Country], [o].[Address_PostalCode], [o].[Address_State], [o].[Address_Street], [o].[Address_UnitNumber]
FROM [Organizations] AS [o]
WHERE 0 = 1
2025-03-06 16:16:57.829 +05:00 [INF] Executed action method DynamiqCore.API.Controllers.OrganizationController.GetAll (DynamiqCore.API), returned result Microsoft.AspNetCore.Mvc.OkObjectResult in 10696.9216ms.
2025-03-06 16:16:57.847 +05:00 [INF] Executing OkObjectResult, writing value of type 'DynamiqCore.Application.Common.PagedResult`1[[DynamiqCore.Application.Organizations.Dtos.OrganizationDto, DynamiqCore.Application, Version=1.0.0.0, Culture=neutral, PublicKeyToken=null]]'.
2025-03-06 16:16:57.879 +05:00 [INF] Executed action DynamiqCore.API.Controllers.OrganizationController.GetAll (DynamiqCore.API) in 10764.2788ms
2025-03-06 16:16:57.884 +05:00 [INF] Executed endpoint 'DynamiqCore.API.Controllers.OrganizationController.GetAll (DynamiqCore.API)'
2025-03-06 16:16:57.898 +05:00 [INF] Request finished HTTP/1.1 GET http://localhost:5137/api/organizations/v1/GetAllOrganizations - 200 null application/json; charset=utf-8 10871.7607ms
2025-03-06 16:17:15.884 +05:00 [INF] Request starting HTTP/1.1 GET http://localhost:5137/api/organizations/v1/GetAllOrganizations - null null
2025-03-06 16:17:15.908 +05:00 [INF] Executing endpoint 'DynamiqCore.API.Controllers.OrganizationController.GetAll (DynamiqCore.API)'
2025-03-06 16:17:15.910 +05:00 [INF] Route matched with {action = "GetAll", controller = "Organization"}. Executing controller action with signature System.Threading.Tasks.Task`1[Microsoft.AspNetCore.Mvc.ActionResult`1[System.Collections.Generic.IEnumerable`1[DynamiqCore.Application.Organizations.Dtos.OrganizationDto]]] GetAll() on controller DynamiqCore.API.Controllers.OrganizationController (DynamiqCore.API).
2025-03-06 16:17:15.913 +05:00 [INF] Executing action method DynamiqCore.API.Controllers.OrganizationController.GetAll (DynamiqCore.API) - Validation state: "Valid"
2025-03-06 16:17:18.977 +05:00 [INF] Getting all organizations
2025-03-06 16:17:20.183 +05:00 [INF] Executed DbCommand (3ms) [Parameters=[], CommandType='"Text"', CommandTimeout='30']
SELECT COUNT(*)
FROM [Organizations] AS [o]
2025-03-06 16:17:20.264 +05:00 [INF] Executed DbCommand (1ms) [Parameters=[], CommandType='"Text"', CommandTimeout='30']
SELECT [o].[OrganizationId], [o].[CreateAt], [o].[CreatedBy], [o].[Description], [o].[Name], [o].[RowVersion], [o].[UpdateAt], [o].[UpdatedBy], [o].[Address_City], [o].[Address_Country], [o].[Address_PostalCode], [o].[Address_State], [o].[Address_Street], [o].[Address_UnitNumber]
FROM [Organizations] AS [o]
WHERE 0 = 1
2025-03-06 16:18:21.032 +05:00 [INF] Executed DbCommand (6ms) [Parameters=[], CommandType='"Text"', CommandTimeout='30']
SELECT COUNT(*)
FROM [Organizations] AS [o]
2025-03-06 16:18:27.424 +05:00 [INF] Executed DbCommand (2ms) [Parameters=[], CommandType='"Text"', CommandTimeout='30']
SELECT [o].[OrganizationId], [o].[CreateAt], [o].[CreatedBy], [o].[Description], [o].[Name], [o].[RowVersion], [o].[UpdateAt], [o].[UpdatedBy], [o].[Address_City], [o].[Address_Country], [o].[Address_PostalCode], [o].[Address_State], [o].[Address_Street], [o].[Address_UnitNumber]
FROM [Organizations] AS [o]
WHERE 0 = 1
2025-03-06 16:18:50.060 +05:00 [INF] Executed DbCommand (3ms) [Parameters=[], CommandType='"Text"', CommandTimeout='30']
SELECT [o].[OrganizationId], [o].[CreateAt], [o].[CreatedBy], [o].[Description], [o].[Name], [o].[RowVersion], [o].[UpdateAt], [o].[UpdatedBy], [o].[Address_City], [o].[Address_Country], [o].[Address_PostalCode], [o].[Address_State], [o].[Address_Street], [o].[Address_UnitNumber]
FROM [Organizations] AS [o]
2025-03-06 16:19:08.347 +05:00 [INF] Executed action method DynamiqCore.API.Controllers.OrganizationController.GetAll (DynamiqCore.API), returned result Microsoft.AspNetCore.Mvc.OkObjectResult in 112432.7201ms.
2025-03-06 16:19:08.352 +05:00 [INF] Executing OkObjectResult, writing value of type 'DynamiqCore.Application.Common.PagedResult`1[[DynamiqCore.Application.Organizations.Dtos.OrganizationDto, DynamiqCore.Application, Version=1.0.0.0, Culture=neutral, PublicKeyToken=null]]'.
2025-03-06 16:19:08.354 +05:00 [INF] Executed action DynamiqCore.API.Controllers.OrganizationController.GetAll (DynamiqCore.API) in 112441.7947ms
2025-03-06 16:19:08.357 +05:00 [INF] Executed endpoint 'DynamiqCore.API.Controllers.OrganizationController.GetAll (DynamiqCore.API)'
2025-03-06 16:19:08.360 +05:00 [INF] Request finished HTTP/1.1 GET http://localhost:5137/api/organizations/v1/GetAllOrganizations - 200 null application/json; charset=utf-8 112478.7925ms
2025-03-06 16:19:53.244 +05:00 [INF] Request starting HTTP/1.1 GET http://localhost:5137/api/organizations/v1/GetOrganizationById/4B3F300D-7A4D-4E56-7DF1-08DD5C9F343F - null null
2025-03-06 16:19:53.259 +05:00 [INF] Executing endpoint 'DynamiqCore.API.Controllers.OrganizationController.GetById (DynamiqCore.API)'
2025-03-06 16:19:53.270 +05:00 [INF] Route matched with {action = "GetById", controller = "Organization"}. Executing controller action with signature System.Threading.Tasks.Task`1[Microsoft.AspNetCore.Mvc.ActionResult`1[DynamiqCore.Application.Organizations.Dtos.OrganizationDto]] GetById(System.Guid) on controller DynamiqCore.API.Controllers.OrganizationController (DynamiqCore.API).
2025-03-06 16:19:53.311 +05:00 [INF] Executing action method DynamiqCore.API.Controllers.OrganizationController.GetById (DynamiqCore.API) - Validation state: "Valid"
2025-03-06 16:19:53.320 +05:00 [INF] Getting restaurant "4b3f300d-7a4d-4e56-7df1-08dd5c9f343f"
2025-03-06 16:19:53.432 +05:00 [INF] Executed DbCommand (34ms) [Parameters=[@__organizationId_0='?' (DbType = Guid)], CommandType='"Text"', CommandTimeout='30']
SELECT TOP(1) [o].[OrganizationId], [o].[CreateAt], [o].[CreatedBy], [o].[Description], [o].[Name], [o].[RowVersion], [o].[UpdateAt], [o].[UpdatedBy], [o].[Address_City], [o].[Address_Country], [o].[Address_PostalCode], [o].[Address_State], [o].[Address_Street], [o].[Address_UnitNumber]
FROM [Organizations] AS [o]
WHERE [o].[OrganizationId] = @__organizationId_0
2025-03-06 16:19:53.614 +05:00 [INF] Executed action DynamiqCore.API.Controllers.OrganizationController.GetById (DynamiqCore.API) in 338.5638ms
2025-03-06 16:19:53.620 +05:00 [INF] Executed endpoint 'DynamiqCore.API.Controllers.OrganizationController.GetById (DynamiqCore.API)'
2025-03-06 16:19:53.760 +05:00 [ERR] Missing type map configuration or unsupported mapping.

Mapping types:
Organization -> OrganizationDto
DynamiqCore.Domain.Entities.Organization -> DynamiqCore.Application.Organizations.Dtos.OrganizationDto
AutoMapper.AutoMapperMappingException: Missing type map configuration or unsupported mapping.

Mapping types:
Organization -> OrganizationDto
DynamiqCore.Domain.Entities.Organization -> DynamiqCore.Application.Organizations.Dtos.OrganizationDto
   at lambda_method140(Closure, Object, OrganizationDto, ResolutionContext)
   at DynamiqCore.Application.Organizations.Queries.GetOrganizationById.GetOrganizationByIdQueryHandler.Handle(GetOrganizationByIdQuery request, CancellationToken cancellationToken) in D:\Personal\Repos\DynamiqCore\DynamiqCore.Application\Organizations\Queries\GetOrganizationById\GetOrganizationByIdQueryHandler.cs:line 22
   at DynamiqCore.API.Controllers.OrganizationController.GetById(Guid id) in D:\Personal\Repos\DynamiqCore\DynamiqCore.API\Controllers\OrganizationController.cs:line 57
   at lambda_method132(Closure, Object)
   at Microsoft.AspNetCore.Mvc.Infrastructure.ActionMethodExecutor.AwaitableObjectResultExecutor.Execute(ActionContext actionContext, IActionResultTypeMapper mapper, ObjectMethodExecutor executor, Object controller, Object[] arguments)
   at Microsoft.AspNetCore.Mvc.Infrastructure.ControllerActionInvoker.<InvokeActionMethodAsync>g__Logged|12_1(ControllerActionInvoker invoker)
   at Microsoft.AspNetCore.Mvc.Infrastructure.ControllerActionInvoker.<InvokeNextActionFilterAsync>g__Awaited|10_0(ControllerActionInvoker invoker, Task lastTask, State next, Scope scope, Object state, Boolean isCompleted)
   at Microsoft.AspNetCore.Mvc.Infrastructure.ControllerActionInvoker.Rethrow(ActionExecutedContextSealed context)
   at Microsoft.AspNetCore.Mvc.Infrastructure.ControllerActionInvoker.Next(State& next, Scope& scope, Object& state, Boolean& isCompleted)
   at Microsoft.AspNetCore.Mvc.Infrastructure.ControllerActionInvoker.<InvokeInnerFilterAsync>g__Awaited|13_0(ControllerActionInvoker invoker, Task lastTask, State next, Scope scope, Object state, Boolean isCompleted)
   at Microsoft.AspNetCore.Mvc.Infrastructure.ResourceInvoker.<InvokeFilterPipelineAsync>g__Awaited|20_0(ResourceInvoker invoker, Task lastTask, State next, Scope scope, Object state, Boolean isCompleted)
   at Microsoft.AspNetCore.Mvc.Infrastructure.ResourceInvoker.<InvokeAsync>g__Logged|17_1(ResourceInvoker invoker)
   at Microsoft.AspNetCore.Mvc.Infrastructure.ResourceInvoker.<InvokeAsync>g__Logged|17_1(ResourceInvoker invoker)
   at Microsoft.AspNetCore.Routing.EndpointMiddleware.<Invoke>g__AwaitRequestTask|7_0(Endpoint endpoint, Task requestTask, ILogger logger)
   at Microsoft.AspNetCore.Authorization.AuthorizationMiddleware.Invoke(HttpContext context)
   at Microsoft.AspNetCore.Authentication.AuthenticationMiddleware.Invoke(HttpContext context)
   at Swashbuckle.AspNetCore.SwaggerUI.SwaggerUIMiddleware.Invoke(HttpContext httpContext)
   at Swashbuckle.AspNetCore.Swagger.SwaggerMiddleware.Invoke(HttpContext httpContext, ISwaggerProvider swaggerProvider)
   at DynamiqCore.API.Middlewares.ErrorHandlingMiddleware.InvokeAsync(HttpContext context, RequestDelegate next) in D:\Personal\Repos\DynamiqCore\DynamiqCore.API\Middlewares\ErrorHandlingMiddleware.cs:line 9
2025-03-06 16:19:53.818 +05:00 [INF] Request finished HTTP/1.1 GET http://localhost:5137/api/organizations/v1/GetOrganizationById/4B3F300D-7A4D-4E56-7DF1-08DD5C9F343F - 500 null null 574.3032ms
2025-03-06 16:20:17.683 +05:00 [INF] Request starting HTTP/1.1 GET http://localhost:5137/api/organizations/v1/GetOrganizationById/4B3F300D-7A4D-4E56-7DF1-08DD5C9F343F - null null
2025-03-06 16:20:17.713 +05:00 [INF] Executing endpoint 'DynamiqCore.API.Controllers.OrganizationController.GetById (DynamiqCore.API)'
2025-03-06 16:20:17.715 +05:00 [INF] Route matched with {action = "GetById", controller = "Organization"}. Executing controller action with signature System.Threading.Tasks.Task`1[Microsoft.AspNetCore.Mvc.ActionResult`1[DynamiqCore.Application.Organizations.Dtos.OrganizationDto]] GetById(System.Guid) on controller DynamiqCore.API.Controllers.OrganizationController (DynamiqCore.API).
2025-03-06 16:20:17.719 +05:00 [INF] Executing action method DynamiqCore.API.Controllers.OrganizationController.GetById (DynamiqCore.API) - Validation state: "Valid"
2025-03-06 16:20:17.721 +05:00 [INF] Getting restaurant "4b3f300d-7a4d-4e56-7df1-08dd5c9f343f"
2025-03-06 16:20:22.665 +05:00 [INF] Executed DbCommand (23ms) [Parameters=[@__organizationId_0='?' (DbType = Guid)], CommandType='"Text"', CommandTimeout='30']
SELECT TOP(1) [o].[OrganizationId], [o].[CreateAt], [o].[CreatedBy], [o].[Description], [o].[Name], [o].[RowVersion], [o].[UpdateAt], [o].[UpdatedBy], [o].[Address_City], [o].[Address_Country], [o].[Address_PostalCode], [o].[Address_State], [o].[Address_Street], [o].[Address_UnitNumber]
FROM [Organizations] AS [o]
WHERE [o].[OrganizationId] = @__organizationId_0
2025-03-06 16:20:37.019 +05:00 [INF] Executed action DynamiqCore.API.Controllers.OrganizationController.GetById (DynamiqCore.API) in 19301.3469ms
2025-03-06 16:20:37.023 +05:00 [INF] Executed endpoint 'DynamiqCore.API.Controllers.OrganizationController.GetById (DynamiqCore.API)'
2025-03-06 16:20:37.131 +05:00 [ERR] Missing type map configuration or unsupported mapping.

Mapping types:
Organization -> OrganizationDto
DynamiqCore.Domain.Entities.Organization -> DynamiqCore.Application.Organizations.Dtos.OrganizationDto
AutoMapper.AutoMapperMappingException: Missing type map configuration or unsupported mapping.

Mapping types:
Organization -> OrganizationDto
DynamiqCore.Domain.Entities.Organization -> DynamiqCore.Application.Organizations.Dtos.OrganizationDto
   at lambda_method140(Closure, Object, OrganizationDto, ResolutionContext)
   at DynamiqCore.Application.Organizations.Queries.GetOrganizationById.GetOrganizationByIdQueryHandler.Handle(GetOrganizationByIdQuery request, CancellationToken cancellationToken) in D:\Personal\Repos\DynamiqCore\DynamiqCore.Application\Organizations\Queries\GetOrganizationById\GetOrganizationByIdQueryHandler.cs:line 22
   at DynamiqCore.API.Controllers.OrganizationController.GetById(Guid id) in D:\Personal\Repos\DynamiqCore\DynamiqCore.API\Controllers\OrganizationController.cs:line 57
   at lambda_method132(Closure, Object)
   at Microsoft.AspNetCore.Mvc.Infrastructure.ActionMethodExecutor.AwaitableObjectResultExecutor.Execute(ActionContext actionContext, IActionResultTypeMapper mapper, ObjectMethodExecutor executor, Object controller, Object[] arguments)
   at Microsoft.AspNetCore.Mvc.Infrastructure.ControllerActionInvoker.<InvokeActionMethodAsync>g__Logged|12_1(ControllerActionInvoker invoker)
   at Microsoft.AspNetCore.Mvc.Infrastructure.ControllerActionInvoker.<InvokeNextActionFilterAsync>g__Awaited|10_0(ControllerActionInvoker invoker, Task lastTask, State next, Scope scope, Object state, Boolean isCompleted)
   at Microsoft.AspNetCore.Mvc.Infrastructure.ControllerActionInvoker.Rethrow(ActionExecutedContextSealed context)
   at Microsoft.AspNetCore.Mvc.Infrastructure.ControllerActionInvoker.Next(State& next, Scope& scope, Object& state, Boolean& isCompleted)
   at Microsoft.AspNetCore.Mvc.Infrastructure.ControllerActionInvoker.<InvokeInnerFilterAsync>g__Awaited|13_0(ControllerActionInvoker invoker, Task lastTask, State next, Scope scope, Object state, Boolean isCompleted)
   at Microsoft.AspNetCore.Mvc.Infrastructure.ResourceInvoker.<InvokeFilterPipelineAsync>g__Awaited|20_0(ResourceInvoker invoker, Task lastTask, State next, Scope scope, Object state, Boolean isCompleted)
   at Microsoft.AspNetCore.Mvc.Infrastructure.ResourceInvoker.<InvokeAsync>g__Logged|17_1(ResourceInvoker invoker)
   at Microsoft.AspNetCore.Mvc.Infrastructure.ResourceInvoker.<InvokeAsync>g__Logged|17_1(ResourceInvoker invoker)
   at Microsoft.AspNetCore.Routing.EndpointMiddleware.<Invoke>g__AwaitRequestTask|7_0(Endpoint endpoint, Task requestTask, ILogger logger)
   at Microsoft.AspNetCore.Authorization.AuthorizationMiddleware.Invoke(HttpContext context)
   at Microsoft.AspNetCore.Authentication.AuthenticationMiddleware.Invoke(HttpContext context)
   at Swashbuckle.AspNetCore.SwaggerUI.SwaggerUIMiddleware.Invoke(HttpContext httpContext)
   at Swashbuckle.AspNetCore.Swagger.SwaggerMiddleware.Invoke(HttpContext httpContext, ISwaggerProvider swaggerProvider)
   at DynamiqCore.API.Middlewares.ErrorHandlingMiddleware.InvokeAsync(HttpContext context, RequestDelegate next) in D:\Personal\Repos\DynamiqCore\DynamiqCore.API\Middlewares\ErrorHandlingMiddleware.cs:line 9
2025-03-06 16:20:37.145 +05:00 [INF] Request finished HTTP/1.1 GET http://localhost:5137/api/organizations/v1/GetOrganizationById/4B3F300D-7A4D-4E56-7DF1-08DD5C9F343F - 500 null null 19462.4051ms
2025-03-06 16:21:01.061 +05:00 [INF] Request starting HTTP/1.1 GET http://localhost:5137/api/organizations/v1/GetOrganizationById/4B3F300D-7A4D-4E56-7DF1-08DD5C9F343F - null null
2025-03-06 16:21:01.079 +05:00 [INF] Executing endpoint 'DynamiqCore.API.Controllers.OrganizationController.GetById (DynamiqCore.API)'
2025-03-06 16:21:01.081 +05:00 [INF] Route matched with {action = "GetById", controller = "Organization"}. Executing controller action with signature System.Threading.Tasks.Task`1[Microsoft.AspNetCore.Mvc.ActionResult`1[DynamiqCore.Application.Organizations.Dtos.OrganizationDto]] GetById(System.Guid) on controller DynamiqCore.API.Controllers.OrganizationController (DynamiqCore.API).
2025-03-06 16:21:01.084 +05:00 [INF] Executing action method DynamiqCore.API.Controllers.OrganizationController.GetById (DynamiqCore.API) - Validation state: "Valid"
2025-03-06 16:21:06.558 +05:00 [INF] Getting restaurant "4b3f300d-7a4d-4e56-7df1-08dd5c9f343f"
2025-03-06 16:21:08.115 +05:00 [INF] Executed DbCommand (4ms) [Parameters=[@__organizationId_0='?' (DbType = Guid)], CommandType='"Text"', CommandTimeout='30']
SELECT TOP(1) [o].[OrganizationId], [o].[CreateAt], [o].[CreatedBy], [o].[Description], [o].[Name], [o].[RowVersion], [o].[UpdateAt], [o].[UpdatedBy], [o].[Address_City], [o].[Address_Country], [o].[Address_PostalCode], [o].[Address_State], [o].[Address_Street], [o].[Address_UnitNumber]
FROM [Organizations] AS [o]
WHERE [o].[OrganizationId] = @__organizationId_0
2025-03-06 16:21:08.234 +05:00 [INF] Executed action DynamiqCore.API.Controllers.OrganizationController.GetById (DynamiqCore.API) in 7150.4123ms
2025-03-06 16:21:08.237 +05:00 [INF] Executed endpoint 'DynamiqCore.API.Controllers.OrganizationController.GetById (DynamiqCore.API)'
2025-03-06 16:21:08.363 +05:00 [ERR] Missing type map configuration or unsupported mapping.

Mapping types:
Organization -> OrganizationDto
DynamiqCore.Domain.Entities.Organization -> DynamiqCore.Application.Organizations.Dtos.OrganizationDto
AutoMapper.AutoMapperMappingException: Missing type map configuration or unsupported mapping.

Mapping types:
Organization -> OrganizationDto
DynamiqCore.Domain.Entities.Organization -> DynamiqCore.Application.Organizations.Dtos.OrganizationDto
   at lambda_method140(Closure, Object, OrganizationDto, ResolutionContext)
   at DynamiqCore.Application.Organizations.Queries.GetOrganizationById.GetOrganizationByIdQueryHandler.Handle(GetOrganizationByIdQuery request, CancellationToken cancellationToken) in D:\Personal\Repos\DynamiqCore\DynamiqCore.Application\Organizations\Queries\GetOrganizationById\GetOrganizationByIdQueryHandler.cs:line 22
   at DynamiqCore.API.Controllers.OrganizationController.GetById(Guid id) in D:\Personal\Repos\DynamiqCore\DynamiqCore.API\Controllers\OrganizationController.cs:line 57
   at lambda_method132(Closure, Object)
   at Microsoft.AspNetCore.Mvc.Infrastructure.ActionMethodExecutor.AwaitableObjectResultExecutor.Execute(ActionContext actionContext, IActionResultTypeMapper mapper, ObjectMethodExecutor executor, Object controller, Object[] arguments)
   at Microsoft.AspNetCore.Mvc.Infrastructure.ControllerActionInvoker.<InvokeActionMethodAsync>g__Logged|12_1(ControllerActionInvoker invoker)
   at Microsoft.AspNetCore.Mvc.Infrastructure.ControllerActionInvoker.<InvokeNextActionFilterAsync>g__Awaited|10_0(ControllerActionInvoker invoker, Task lastTask, State next, Scope scope, Object state, Boolean isCompleted)
   at Microsoft.AspNetCore.Mvc.Infrastructure.ControllerActionInvoker.Rethrow(ActionExecutedContextSealed context)
   at Microsoft.AspNetCore.Mvc.Infrastructure.ControllerActionInvoker.Next(State& next, Scope& scope, Object& state, Boolean& isCompleted)
   at Microsoft.AspNetCore.Mvc.Infrastructure.ControllerActionInvoker.<InvokeInnerFilterAsync>g__Awaited|13_0(ControllerActionInvoker invoker, Task lastTask, State next, Scope scope, Object state, Boolean isCompleted)
   at Microsoft.AspNetCore.Mvc.Infrastructure.ResourceInvoker.<InvokeFilterPipelineAsync>g__Awaited|20_0(ResourceInvoker invoker, Task lastTask, State next, Scope scope, Object state, Boolean isCompleted)
   at Microsoft.AspNetCore.Mvc.Infrastructure.ResourceInvoker.<InvokeAsync>g__Logged|17_1(ResourceInvoker invoker)
   at Microsoft.AspNetCore.Mvc.Infrastructure.ResourceInvoker.<InvokeAsync>g__Logged|17_1(ResourceInvoker invoker)
   at Microsoft.AspNetCore.Routing.EndpointMiddleware.<Invoke>g__AwaitRequestTask|7_0(Endpoint endpoint, Task requestTask, ILogger logger)
   at Microsoft.AspNetCore.Authorization.AuthorizationMiddleware.Invoke(HttpContext context)
   at Microsoft.AspNetCore.Authentication.AuthenticationMiddleware.Invoke(HttpContext context)
   at Swashbuckle.AspNetCore.SwaggerUI.SwaggerUIMiddleware.Invoke(HttpContext httpContext)
   at Swashbuckle.AspNetCore.Swagger.SwaggerMiddleware.Invoke(HttpContext httpContext, ISwaggerProvider swaggerProvider)
   at DynamiqCore.API.Middlewares.ErrorHandlingMiddleware.InvokeAsync(HttpContext context, RequestDelegate next) in D:\Personal\Repos\DynamiqCore\DynamiqCore.API\Middlewares\ErrorHandlingMiddleware.cs:line 9
2025-03-06 16:21:08.379 +05:00 [INF] Request finished HTTP/1.1 GET http://localhost:5137/api/organizations/v1/GetOrganizationById/4B3F300D-7A4D-4E56-7DF1-08DD5C9F343F - 500 null null 7317.7634ms
2025-03-06 16:21:25.760 +05:00 [INF] Request starting HTTP/1.1 GET http://localhost:5137/api/organizations/v1/GetOrganizationById/4B3F300D-7A4D-4E56-7DF1-08DD5C9F343F - null null
2025-03-06 16:21:25.766 +05:00 [INF] Executing endpoint 'DynamiqCore.API.Controllers.OrganizationController.GetById (DynamiqCore.API)'
2025-03-06 16:21:25.770 +05:00 [INF] Route matched with {action = "GetById", controller = "Organization"}. Executing controller action with signature System.Threading.Tasks.Task`1[Microsoft.AspNetCore.Mvc.ActionResult`1[DynamiqCore.Application.Organizations.Dtos.OrganizationDto]] GetById(System.Guid) on controller DynamiqCore.API.Controllers.OrganizationController (DynamiqCore.API).
2025-03-06 16:21:25.773 +05:00 [INF] Executing action method DynamiqCore.API.Controllers.OrganizationController.GetById (DynamiqCore.API) - Validation state: "Valid"
2025-03-06 16:21:29.296 +05:00 [INF] Getting restaurant "4b3f300d-7a4d-4e56-7df1-08dd5c9f343f"
2025-03-06 16:21:33.185 +05:00 [INF] Executed DbCommand (42ms) [Parameters=[@__organizationId_0='?' (DbType = Guid)], CommandType='"Text"', CommandTimeout='30']
SELECT TOP(1) [o].[OrganizationId], [o].[CreateAt], [o].[CreatedBy], [o].[Description], [o].[Name], [o].[RowVersion], [o].[UpdateAt], [o].[UpdatedBy], [o].[Address_City], [o].[Address_Country], [o].[Address_PostalCode], [o].[Address_State], [o].[Address_Street], [o].[Address_UnitNumber]
FROM [Organizations] AS [o]
WHERE [o].[OrganizationId] = @__organizationId_0
2025-03-06 16:21:50.511 +05:00 [INF] Executed action DynamiqCore.API.Controllers.OrganizationController.GetById (DynamiqCore.API) in 24737.4757ms
2025-03-06 16:21:50.515 +05:00 [INF] Executed endpoint 'DynamiqCore.API.Controllers.OrganizationController.GetById (DynamiqCore.API)'
2025-03-06 16:21:50.670 +05:00 [ERR] Missing type map configuration or unsupported mapping.

Mapping types:
Organization -> OrganizationDto
DynamiqCore.Domain.Entities.Organization -> DynamiqCore.Application.Organizations.Dtos.OrganizationDto
AutoMapper.AutoMapperMappingException: Missing type map configuration or unsupported mapping.

Mapping types:
Organization -> OrganizationDto
DynamiqCore.Domain.Entities.Organization -> DynamiqCore.Application.Organizations.Dtos.OrganizationDto
   at lambda_method140(Closure, Object, OrganizationDto, ResolutionContext)
   at DynamiqCore.Application.Organizations.Queries.GetOrganizationById.GetOrganizationByIdQueryHandler.Handle(GetOrganizationByIdQuery request, CancellationToken cancellationToken) in D:\Personal\Repos\DynamiqCore\DynamiqCore.Application\Organizations\Queries\GetOrganizationById\GetOrganizationByIdQueryHandler.cs:line 22
   at DynamiqCore.API.Controllers.OrganizationController.GetById(Guid id) in D:\Personal\Repos\DynamiqCore\DynamiqCore.API\Controllers\OrganizationController.cs:line 57
   at lambda_method132(Closure, Object)
   at Microsoft.AspNetCore.Mvc.Infrastructure.ActionMethodExecutor.AwaitableObjectResultExecutor.Execute(ActionContext actionContext, IActionResultTypeMapper mapper, ObjectMethodExecutor executor, Object controller, Object[] arguments)
   at Microsoft.AspNetCore.Mvc.Infrastructure.ControllerActionInvoker.<InvokeActionMethodAsync>g__Logged|12_1(ControllerActionInvoker invoker)
   at Microsoft.AspNetCore.Mvc.Infrastructure.ControllerActionInvoker.<InvokeNextActionFilterAsync>g__Awaited|10_0(ControllerActionInvoker invoker, Task lastTask, State next, Scope scope, Object state, Boolean isCompleted)
   at Microsoft.AspNetCore.Mvc.Infrastructure.ControllerActionInvoker.Rethrow(ActionExecutedContextSealed context)
   at Microsoft.AspNetCore.Mvc.Infrastructure.ControllerActionInvoker.Next(State& next, Scope& scope, Object& state, Boolean& isCompleted)
   at Microsoft.AspNetCore.Mvc.Infrastructure.ControllerActionInvoker.<InvokeInnerFilterAsync>g__Awaited|13_0(ControllerActionInvoker invoker, Task lastTask, State next, Scope scope, Object state, Boolean isCompleted)
   at Microsoft.AspNetCore.Mvc.Infrastructure.ResourceInvoker.<InvokeFilterPipelineAsync>g__Awaited|20_0(ResourceInvoker invoker, Task lastTask, State next, Scope scope, Object state, Boolean isCompleted)
   at Microsoft.AspNetCore.Mvc.Infrastructure.ResourceInvoker.<InvokeAsync>g__Logged|17_1(ResourceInvoker invoker)
   at Microsoft.AspNetCore.Mvc.Infrastructure.ResourceInvoker.<InvokeAsync>g__Logged|17_1(ResourceInvoker invoker)
   at Microsoft.AspNetCore.Routing.EndpointMiddleware.<Invoke>g__AwaitRequestTask|7_0(Endpoint endpoint, Task requestTask, ILogger logger)
   at Microsoft.AspNetCore.Authorization.AuthorizationMiddleware.Invoke(HttpContext context)
   at Microsoft.AspNetCore.Authentication.AuthenticationMiddleware.Invoke(HttpContext context)
   at Swashbuckle.AspNetCore.SwaggerUI.SwaggerUIMiddleware.Invoke(HttpContext httpContext)
   at Swashbuckle.AspNetCore.Swagger.SwaggerMiddleware.Invoke(HttpContext httpContext, ISwaggerProvider swaggerProvider)
   at DynamiqCore.API.Middlewares.ErrorHandlingMiddleware.InvokeAsync(HttpContext context, RequestDelegate next) in D:\Personal\Repos\DynamiqCore\DynamiqCore.API\Middlewares\ErrorHandlingMiddleware.cs:line 9
2025-03-06 16:21:50.685 +05:00 [INF] Request finished HTTP/1.1 GET http://localhost:5137/api/organizations/v1/GetOrganizationById/4B3F300D-7A4D-4E56-7DF1-08DD5C9F343F - 500 null null 24925.1016ms
