2024-12-31 05:37:25.442 +05:00 [INF] Executed DbCommand (36ms) [Parameters=[], CommandType='"Text"', CommandTimeout='30']
SELECT 1
2024-12-31 05:37:25.748 +05:00 [INF] Executed DbCommand (15ms) [Parameters=[], CommandType='"Text"', CommandTimeout='30']
SELECT CASE
    WHEN EXISTS (
        SELECT 1
        FROM [AspNetRoles] AS [a]) THEN CAST(1 AS bit)
    ELSE CAST(0 AS bit)
END
2024-12-31 05:37:25.985 +05:00 [INF] User profile is available. Using 'C:\Users\naveed\AppData\Local\ASP.NET\DataProtection-Keys' as key repository and Windows DPAPI to encrypt keys at rest.
2024-12-31 05:37:26.328 +05:00 [WRN] The ASP.NET Core developer certificate is not trusted. For information about trusting the ASP.NET Core developer certificate, see https://aka.ms/aspnet/https-trust-dev-cert.
2024-12-31 05:37:26.556 +05:00 [INF] Now listening on: https://localhost:7217
2024-12-31 05:37:26.558 +05:00 [INF] Now listening on: http://localhost:5137
2024-12-31 05:37:26.646 +05:00 [INF] Application started. Press Ctrl+C to shut down.
2024-12-31 05:37:26.648 +05:00 [INF] Hosting environment: Development
2024-12-31 05:37:26.649 +05:00 [INF] Content root path: D:\Personal\Repos\DynamiqCore\DynamiqCore.API
2024-12-31 05:37:31.527 +05:00 [INF] Request starting HTTP/2 GET https://localhost:7217/weatherforecast - null null
2024-12-31 05:37:32.266 +05:00 [INF] Executed DbCommand (122ms) [Parameters=[@__p_0='?' (Size = 450)], CommandType='"Text"', CommandTimeout='30']
SELECT TOP(1) [a].[Id], [a].[AccessFailedCount], [a].[ConcurrencyStamp], [a].[DateOfBirth], [a].[Email], [a].[EmailConfirmed], [a].[LockoutEnabled], [a].[LockoutEnd], [a].[Nationality], [a].[NormalizedEmail], [a].[NormalizedUserName], [a].[OrganizationId], [a].[PasswordHash], [a].[PhoneNumber], [a].[PhoneNumberConfirmed], [a].[SecurityStamp], [a].[TwoFactorEnabled], [a].[UserName]
FROM [AspNetUsers] AS [a]
WHERE [a].[Id] = @__p_0
2024-12-31 05:37:32.463 +05:00 [INF] Executed DbCommand (6ms) [Parameters=[@__user_Id_0='?' (Size = 450)], CommandType='"Text"', CommandTimeout='30']
SELECT [a].[Id], [a].[ClaimType], [a].[ClaimValue], [a].[UserId]
FROM [AspNetUserClaims] AS [a]
WHERE [a].[UserId] = @__user_Id_0
2024-12-31 05:37:32.495 +05:00 [INF] Executed DbCommand (4ms) [Parameters=[@__userId_0='?' (Size = 450)], CommandType='"Text"', CommandTimeout='30']
SELECT [a0].[Name]
FROM [AspNetUserRoles] AS [a]
INNER JOIN [AspNetRoles] AS [a0] ON [a].[RoleId] = [a0].[Id]
WHERE [a].[UserId] = @__userId_0
2024-12-31 05:37:32.527 +05:00 [INF] Request finished HTTP/2 GET https://localhost:7217/weatherforecast - 404 0 null 1011.7891ms
2024-12-31 05:37:32.543 +05:00 [INF] Request reached the end of the middleware pipeline without being handled by application code. Request path: GET https://localhost:7217/weatherforecast, Response status code: 404
2024-12-31 05:37:36.623 +05:00 [INF] Request starting HTTP/2 GET https://localhost:7217/swagger/index.html - null null
2024-12-31 05:37:36.832 +05:00 [INF] Request finished HTTP/2 GET https://localhost:7217/swagger/index.html - 200 null text/html;charset=utf-8 209.9651ms
2024-12-31 05:37:39.145 +05:00 [INF] Request starting HTTP/2 GET https://localhost:7217/swagger/index.css - null null
2024-12-31 05:37:39.145 +05:00 [INF] Request starting HTTP/2 GET https://localhost:7217/swagger/swagger-ui.css - null null
2024-12-31 05:37:39.145 +05:00 [INF] Request starting HTTP/2 GET https://localhost:7217/swagger/swagger-ui-bundle.js - null null
2024-12-31 05:37:39.145 +05:00 [INF] Request starting HTTP/2 GET https://localhost:7217/swagger/swagger-ui-standalone-preset.js - null null
2024-12-31 05:37:39.145 +05:00 [INF] Request starting HTTP/2 GET https://localhost:7217/swagger/index.js - null null
2024-12-31 05:37:39.146 +05:00 [INF] Request starting HTTP/2 GET https://localhost:7217/_framework/aspnetcore-browser-refresh.js - null null
2024-12-31 05:37:39.183 +05:00 [INF] Request finished HTTP/2 GET https://localhost:7217/swagger/index.js - 200 null application/javascript;charset=utf-8 37.6219ms
2024-12-31 05:37:39.190 +05:00 [INF] Sending file. Request path: '/index.css'. Physical path: 'N/A'
2024-12-31 05:37:39.199 +05:00 [INF] Request finished HTTP/2 GET https://localhost:7217/_framework/aspnetcore-browser-refresh.js - 200 13766 application/javascript; charset=utf-8 52.5096ms
2024-12-31 05:37:39.200 +05:00 [INF] Request finished HTTP/2 GET https://localhost:7217/swagger/index.css - 200 202 text/css 55.5595ms
2024-12-31 05:37:39.234 +05:00 [INF] Sending file. Request path: '/swagger-ui.css'. Physical path: 'N/A'
2024-12-31 05:37:39.234 +05:00 [INF] Sending file. Request path: '/swagger-ui-standalone-preset.js'. Physical path: 'N/A'
2024-12-31 05:37:39.236 +05:00 [INF] Request finished HTTP/2 GET https://localhost:7217/swagger/swagger-ui.css - 200 152034 text/css 91.7508ms
2024-12-31 05:37:39.240 +05:00 [INF] Request starting HTTP/2 GET https://localhost:7217/_vs/browserLink - null null
2024-12-31 05:37:39.241 +05:00 [INF] Request finished HTTP/2 GET https://localhost:7217/swagger/swagger-ui-standalone-preset.js - 200 230293 text/javascript 94.8782ms
2024-12-31 05:37:39.261 +05:00 [INF] Sending file. Request path: '/swagger-ui-bundle.js'. Physical path: 'N/A'
2024-12-31 05:37:39.271 +05:00 [INF] Request finished HTTP/2 GET https://localhost:7217/swagger/swagger-ui-bundle.js - 200 1452753 text/javascript 126.0179ms
2024-12-31 05:37:39.340 +05:00 [INF] Request finished HTTP/2 GET https://localhost:7217/_vs/browserLink - 200 null text/javascript; charset=UTF-8 100.879ms
2024-12-31 05:37:39.579 +05:00 [INF] Request starting HTTP/2 GET https://localhost:7217/swagger/v1/swagger.json - null null
2024-12-31 05:37:39.608 +05:00 [INF] Request finished HTTP/2 GET https://localhost:7217/swagger/v1/swagger.json - 200 null application/json;charset=utf-8 28.8523ms
2024-12-31 05:45:55.325 +05:00 [INF] Executed DbCommand (35ms) [Parameters=[], CommandType='"Text"', CommandTimeout='30']
SELECT 1
2024-12-31 05:45:55.566 +05:00 [INF] Executed DbCommand (8ms) [Parameters=[], CommandType='"Text"', CommandTimeout='30']
SELECT CASE
    WHEN EXISTS (
        SELECT 1
        FROM [AspNetRoles] AS [a]) THEN CAST(1 AS bit)
    ELSE CAST(0 AS bit)
END
2024-12-31 05:45:55.744 +05:00 [INF] User profile is available. Using 'C:\Users\naveed\AppData\Local\ASP.NET\DataProtection-Keys' as key repository and Windows DPAPI to encrypt keys at rest.
2024-12-31 05:45:55.996 +05:00 [INF] Now listening on: https://localhost:7217
2024-12-31 05:45:55.998 +05:00 [INF] Now listening on: http://localhost:5137
2024-12-31 05:45:56.062 +05:00 [INF] Application started. Press Ctrl+C to shut down.
2024-12-31 05:45:56.064 +05:00 [INF] Hosting environment: Development
2024-12-31 05:45:56.066 +05:00 [INF] Content root path: D:\Personal\Repos\DynamiqCore\DynamiqCore.API
2024-12-31 05:45:58.232 +05:00 [INF] Request starting HTTP/2 GET https://localhost:7217/weatherforecast - null null
2024-12-31 05:45:58.484 +05:00 [INF] Request finished HTTP/2 GET https://localhost:7217/weatherforecast - 404 0 null 259.1451ms
2024-12-31 05:45:58.494 +05:00 [INF] Request reached the end of the middleware pipeline without being handled by application code. Request path: GET https://localhost:7217/weatherforecast, Response status code: 404
2024-12-31 05:46:03.411 +05:00 [INF] Request starting HTTP/2 GET https://localhost:7217/swagger - null null
2024-12-31 05:46:03.476 +05:00 [INF] Request finished HTTP/2 GET https://localhost:7217/swagger - 301 0 null 65.2839ms
2024-12-31 05:46:03.481 +05:00 [INF] Request starting HTTP/2 GET https://localhost:7217/swagger/index.html - null null
2024-12-31 05:46:03.588 +05:00 [INF] Request finished HTTP/2 GET https://localhost:7217/swagger/index.html - 200 null text/html;charset=utf-8 107.1902ms
2024-12-31 05:46:03.602 +05:00 [INF] Request starting HTTP/2 GET https://localhost:7217/swagger/swagger-ui.css - null null
2024-12-31 05:46:03.602 +05:00 [INF] Request starting HTTP/2 GET https://localhost:7217/swagger/swagger-ui-bundle.js - null null
2024-12-31 05:46:03.602 +05:00 [INF] Request starting HTTP/2 GET https://localhost:7217/swagger/index.css - null null
2024-12-31 05:46:03.603 +05:00 [INF] Request starting HTTP/2 GET https://localhost:7217/swagger/swagger-ui-standalone-preset.js - null null
2024-12-31 05:46:03.603 +05:00 [INF] Request starting HTTP/2 GET https://localhost:7217/_framework/aspnetcore-browser-refresh.js - null null
2024-12-31 05:46:03.603 +05:00 [INF] Request starting HTTP/2 GET https://localhost:7217/swagger/index.js - null null
2024-12-31 05:46:03.634 +05:00 [INF] Request finished HTTP/2 GET https://localhost:7217/swagger/index.js - 200 null application/javascript;charset=utf-8 30.7049ms
2024-12-31 05:46:03.677 +05:00 [INF] Sending file. Request path: '/index.css'. Physical path: 'N/A'
2024-12-31 05:46:03.679 +05:00 [INF] Request finished HTTP/2 GET https://localhost:7217/_framework/aspnetcore-browser-refresh.js - 200 13766 application/javascript; charset=utf-8 75.5816ms
2024-12-31 05:46:03.680 +05:00 [INF] Request finished HTTP/2 GET https://localhost:7217/swagger/index.css - 200 202 text/css 77.7645ms
2024-12-31 05:46:03.682 +05:00 [INF] Sending file. Request path: '/swagger-ui.css'. Physical path: 'N/A'
2024-12-31 05:46:03.683 +05:00 [INF] Sending file. Request path: '/swagger-ui-standalone-preset.js'. Physical path: 'N/A'
2024-12-31 05:46:03.695 +05:00 [INF] Request finished HTTP/2 GET https://localhost:7217/swagger/swagger-ui.css - 200 152034 text/css 92.4018ms
2024-12-31 05:46:03.702 +05:00 [INF] Request starting HTTP/2 GET https://localhost:7217/_vs/browserLink - null null
2024-12-31 05:46:03.705 +05:00 [INF] Request finished HTTP/2 GET https://localhost:7217/swagger/swagger-ui-standalone-preset.js - 200 230293 text/javascript 102.2779ms
2024-12-31 05:46:03.711 +05:00 [INF] Sending file. Request path: '/swagger-ui-bundle.js'. Physical path: 'N/A'
2024-12-31 05:46:03.717 +05:00 [INF] Request finished HTTP/2 GET https://localhost:7217/swagger/swagger-ui-bundle.js - 200 1452753 text/javascript 114.6872ms
2024-12-31 05:46:03.759 +05:00 [INF] Request finished HTTP/2 GET https://localhost:7217/_vs/browserLink - 200 null text/javascript; charset=UTF-8 59.9582ms
2024-12-31 05:46:03.978 +05:00 [INF] Request starting HTTP/2 GET https://localhost:7217/swagger/v1/swagger.json - null null
2024-12-31 05:46:04.002 +05:00 [INF] Request finished HTTP/2 GET https://localhost:7217/swagger/v1/swagger.json - 200 null application/json;charset=utf-8 24.0383ms
2024-12-31 05:49:08.812 +05:00 [INF] Executed DbCommand (30ms) [Parameters=[], CommandType='"Text"', CommandTimeout='30']
SELECT 1
2024-12-31 05:49:09.070 +05:00 [INF] Executed DbCommand (8ms) [Parameters=[], CommandType='"Text"', CommandTimeout='30']
SELECT CASE
    WHEN EXISTS (
        SELECT 1
        FROM [AspNetRoles] AS [a]) THEN CAST(1 AS bit)
    ELSE CAST(0 AS bit)
END
2024-12-31 05:49:09.236 +05:00 [INF] User profile is available. Using 'C:\Users\naveed\AppData\Local\ASP.NET\DataProtection-Keys' as key repository and Windows DPAPI to encrypt keys at rest.
2024-12-31 05:49:09.484 +05:00 [INF] Now listening on: https://localhost:7217
2024-12-31 05:49:09.485 +05:00 [INF] Now listening on: http://localhost:5137
2024-12-31 05:49:09.554 +05:00 [INF] Application started. Press Ctrl+C to shut down.
2024-12-31 05:49:09.556 +05:00 [INF] Hosting environment: Development
2024-12-31 05:49:09.558 +05:00 [INF] Content root path: D:\Personal\Repos\DynamiqCore\DynamiqCore.API
2024-12-31 05:49:11.742 +05:00 [INF] Request starting HTTP/2 GET https://localhost:7217/weatherforecast - null null
2024-12-31 05:49:12.023 +05:00 [INF] Request finished HTTP/2 GET https://localhost:7217/weatherforecast - 404 0 null 289.5063ms
2024-12-31 05:49:12.034 +05:00 [INF] Request reached the end of the middleware pipeline without being handled by application code. Request path: GET https://localhost:7217/weatherforecast, Response status code: 404
2024-12-31 05:49:17.475 +05:00 [INF] Request starting HTTP/2 GET https://localhost:7217/swagger/index.html - null null
2024-12-31 05:49:17.606 +05:00 [INF] Request finished HTTP/2 GET https://localhost:7217/swagger/index.html - 200 null text/html;charset=utf-8 130.5817ms
2024-12-31 05:49:17.622 +05:00 [INF] Request starting HTTP/2 GET https://localhost:7217/swagger/index.js - null null
2024-12-31 05:49:17.622 +05:00 [INF] Request starting HTTP/2 GET https://localhost:7217/_framework/aspnetcore-browser-refresh.js - null null
2024-12-31 05:49:17.633 +05:00 [INF] Request starting HTTP/2 GET https://localhost:7217/_vs/browserLink - null null
2024-12-31 05:49:17.635 +05:00 [INF] Request finished HTTP/2 GET https://localhost:7217/swagger/index.js - 200 null application/javascript;charset=utf-8 13.2795ms
2024-12-31 05:49:17.660 +05:00 [INF] Request finished HTTP/2 GET https://localhost:7217/_framework/aspnetcore-browser-refresh.js - 200 13766 application/javascript; charset=utf-8 40.598ms
2024-12-31 05:49:17.697 +05:00 [INF] Request finished HTTP/2 GET https://localhost:7217/_vs/browserLink - 200 null text/javascript; charset=UTF-8 63.6812ms
2024-12-31 05:49:17.919 +05:00 [INF] Request starting HTTP/2 GET https://localhost:7217/swagger/v1/swagger.json - null null
2024-12-31 05:49:17.957 +05:00 [INF] Request finished HTTP/2 GET https://localhost:7217/swagger/v1/swagger.json - 200 null application/json;charset=utf-8 37.9601ms
