2024-09-22 03:51:52.649 +05:00 [INF] Executed DbCommand (56ms) [Parameters=[], CommandType='"Text"', CommandTimeout='30']
SELECT 1
2024-09-22 03:52:02.716 +05:00 [INF] Executed DbCommand (10ms) [Parameters=[], CommandType='"Text"', CommandTimeout='30']
SELECT CASE
    WHEN EXISTS (
        SELECT 1
        FROM [AspNetRoles] AS [a]) THEN CAST(1 AS bit)
    ELSE CAST(0 AS bit)
END
2024-09-22 03:52:07.331 +05:00 [INF] Executed DbCommand (103ms) [Parameters=[@p0='?' (Size = 450), @p1='?' (Size = 4000), @p2='?' (Size = 256), @p3='?' (Size = 256), @p4='?' (Size = 450), @p5='?' (Size = 4000), @p6='?' (Size = 256), @p7='?' (Size = 256), @p8='?' (Size = 450), @p9='?' (Size = 4000), @p10='?' (Size = 256), @p11='?' (Size = 256), @p12='?' (Size = 450), @p13='?' (Size = 4000), @p14='?' (Size = 256), @p15='?' (Size = 256), @p16='?' (Size = 450), @p17='?' (Size = 4000), @p18='?' (Size = 256), @p19='?' (Size = 256)], CommandType='"Text"', CommandTimeout='30']
SET IMPLICIT_TRANSACTIONS OFF;
SET NOCOUNT ON;
INSERT INTO [AspNetRoles] ([Id], [ConcurrencyStamp], [Name], [NormalizedName])
VALUES (@p0, @p1, @p2, @p3),
(@p4, @p5, @p6, @p7),
(@p8, @p9, @p10, @p11),
(@p12, @p13, @p14, @p15),
(@p16, @p17, @p18, @p19);
2024-09-22 03:52:09.820 +05:00 [INF] User profile is available. Using 'C:\Users\naveed\AppData\Local\ASP.NET\DataProtection-Keys' as key repository and Windows DPAPI to encrypt keys at rest.
2024-09-22 03:52:10.290 +05:00 [INF] Now listening on: http://localhost:5137
2024-09-22 03:52:10.293 +05:00 [INF] Application started. Press Ctrl+C to shut down.
2024-09-22 03:52:10.295 +05:00 [INF] Hosting environment: Development
2024-09-22 03:52:10.297 +05:00 [INF] Content root path: D:\Personal\Repos\DynamiqCore\DynamiqCore.API
2024-09-22 03:56:28.892 +05:00 [INF] Executed DbCommand (62ms) [Parameters=[], CommandType='"Text"', CommandTimeout='30']
SELECT 1
2024-09-22 03:56:36.205 +05:00 [INF] Executed DbCommand (10ms) [Parameters=[], CommandType='"Text"', CommandTimeout='30']
SELECT CASE
    WHEN EXISTS (
        SELECT 1
        FROM [AspNetRoles] AS [a]) THEN CAST(1 AS bit)
    ELSE CAST(0 AS bit)
END
2024-09-22 03:56:36.288 +05:00 [INF] User profile is available. Using 'C:\Users\naveed\AppData\Local\ASP.NET\DataProtection-Keys' as key repository and Windows DPAPI to encrypt keys at rest.
2024-09-22 03:56:36.644 +05:00 [INF] Now listening on: http://localhost:5137
2024-09-22 03:56:36.648 +05:00 [INF] Application started. Press Ctrl+C to shut down.
2024-09-22 03:56:36.651 +05:00 [INF] Hosting environment: Development
2024-09-22 03:56:36.654 +05:00 [INF] Content root path: D:\Personal\Repos\DynamiqCore\DynamiqCore.API
2024-09-22 03:56:38.104 +05:00 [INF] Request starting HTTP/1.1 GET http://localhost:5137/weatherforecast - null null
2024-09-22 03:56:38.198 +05:00 [WRN] Failed to determine the https port for redirect.
2024-09-22 03:56:38.203 +05:00 [INF] Executing endpoint 'DynamiqCore.API.Controllers.WeatherForecastController.Get (DynamiqCore.API)'
2024-09-22 03:56:38.228 +05:00 [INF] Route matched with {action = "Get", controller = "WeatherForecast"}. Executing controller action with signature System.Collections.Generic.IEnumerable`1[DynamiqCore.API.WeatherForecast] Get() on controller DynamiqCore.API.Controllers.WeatherForecastController (DynamiqCore.API).
2024-09-22 03:56:38.240 +05:00 [INF] Executing action method DynamiqCore.API.Controllers.WeatherForecastController.Get (DynamiqCore.API) - Validation state: "Valid"
2024-09-22 03:56:38.250 +05:00 [INF] Executed action method DynamiqCore.API.Controllers.WeatherForecastController.Get (DynamiqCore.API), returned result Microsoft.AspNetCore.Mvc.ObjectResult in 2.052ms.
2024-09-22 03:56:38.274 +05:00 [INF] Executing ObjectResult, writing value of type 'DynamiqCore.API.WeatherForecast[]'.
2024-09-22 03:56:38.334 +05:00 [INF] Executed action DynamiqCore.API.Controllers.WeatherForecastController.Get (DynamiqCore.API) in 98.8951ms
2024-09-22 03:56:38.337 +05:00 [INF] Executed endpoint 'DynamiqCore.API.Controllers.WeatherForecastController.Get (DynamiqCore.API)'
2024-09-22 03:56:38.342 +05:00 [INF] Request finished HTTP/1.1 GET http://localhost:5137/weatherforecast - 200 null application/json; charset=utf-8 239.625ms
2024-09-22 03:56:42.097 +05:00 [INF] Request starting HTTP/1.1 POST http://localhost:5137/api/identity/v1/register - application/json 77
2024-09-22 03:56:42.108 +05:00 [INF] Executing endpoint 'HTTP: POST api/identity/v1/register'
2024-09-22 03:56:42.533 +05:00 [INF] Executed DbCommand (85ms) [Parameters=[@__normalizedUserName_0='?' (Size = 256)], CommandType='"Text"', CommandTimeout='30']
SELECT TOP(1) [a].[Id], [a].[AccessFailedCount], [a].[ConcurrencyStamp], [a].[DateOfBirth], [a].[Email], [a].[EmailConfirmed], [a].[LockoutEnabled], [a].[LockoutEnd], [a].[Nationality], [a].[NormalizedEmail], [a].[NormalizedUserName], [a].[OrganizationId], [a].[PasswordHash], [a].[PhoneNumber], [a].[PhoneNumberConfirmed], [a].[SecurityStamp], [a].[TwoFactorEnabled], [a].[UserName]
FROM [AspNetUsers] AS [a]
WHERE [a].[NormalizedUserName] = @__normalizedUserName_0
2024-09-22 03:56:42.849 +05:00 [INF] Executed DbCommand (8ms) [Parameters=[@p0='?' (Size = 450), @p1='?' (DbType = Int32), @p2='?' (Size = 4000), @p3='?' (DbType = Date), @p4='?' (Size = 256), @p5='?' (DbType = Boolean), @p6='?' (DbType = Boolean), @p7='?' (DbType = DateTimeOffset), @p8='?' (Size = 4000), @p9='?' (Size = 256), @p10='?' (Size = 256), @p11='?' (DbType = Guid), @p12='?' (Size = 4000), @p13='?' (Size = 4000), @p14='?' (DbType = Boolean), @p15='?' (Size = 4000), @p16='?' (DbType = Boolean), @p17='?' (Size = 256)], CommandType='"Text"', CommandTimeout='30']
SET IMPLICIT_TRANSACTIONS OFF;
SET NOCOUNT ON;
INSERT INTO [AspNetUsers] ([Id], [AccessFailedCount], [ConcurrencyStamp], [DateOfBirth], [Email], [EmailConfirmed], [LockoutEnabled], [LockoutEnd], [Nationality], [NormalizedEmail], [NormalizedUserName], [OrganizationId], [PasswordHash], [PhoneNumber], [PhoneNumberConfirmed], [SecurityStamp], [TwoFactorEnabled], [UserName])
VALUES (@p0, @p1, @p2, @p3, @p4, @p5, @p6, @p7, @p8, @p9, @p10, @p11, @p12, @p13, @p14, @p15, @p16, @p17);
2024-09-22 03:56:42.885 +05:00 [INF] Setting HTTP status code 200.
2024-09-22 03:56:42.887 +05:00 [INF] Executed endpoint 'HTTP: POST api/identity/v1/register'
2024-09-22 03:56:42.902 +05:00 [INF] Request finished HTTP/1.1 POST http://localhost:5137/api/identity/v1/register - 200 0 null 804.814ms
2024-09-22 03:56:52.519 +05:00 [INF] Request starting HTTP/1.1 POST http://localhost:5137/api/identity/v1/login - application/json 77
2024-09-22 03:56:52.533 +05:00 [INF] Executing endpoint 'HTTP: POST api/identity/v1/login'
2024-09-22 03:56:52.573 +05:00 [INF] Executed DbCommand (1ms) [Parameters=[@__normalizedUserName_0='?' (Size = 256)], CommandType='"Text"', CommandTimeout='30']
SELECT TOP(1) [a].[Id], [a].[AccessFailedCount], [a].[ConcurrencyStamp], [a].[DateOfBirth], [a].[Email], [a].[EmailConfirmed], [a].[LockoutEnabled], [a].[LockoutEnd], [a].[Nationality], [a].[NormalizedEmail], [a].[NormalizedUserName], [a].[OrganizationId], [a].[PasswordHash], [a].[PhoneNumber], [a].[PhoneNumberConfirmed], [a].[SecurityStamp], [a].[TwoFactorEnabled], [a].[UserName]
FROM [AspNetUsers] AS [a]
WHERE [a].[NormalizedUserName] = @__normalizedUserName_0
2024-09-22 03:56:52.779 +05:00 [INF] Executed DbCommand (2ms) [Parameters=[@__user_Id_0='?' (Size = 450)], CommandType='"Text"', CommandTimeout='30']
SELECT [a].[Id], [a].[ClaimType], [a].[ClaimValue], [a].[UserId]
FROM [AspNetUserClaims] AS [a]
WHERE [a].[UserId] = @__user_Id_0
2024-09-22 03:56:52.803 +05:00 [INF] AuthenticationScheme: Identity.Bearer signed in.
2024-09-22 03:56:52.822 +05:00 [INF] Executed endpoint 'HTTP: POST api/identity/v1/login'
2024-09-22 03:56:52.824 +05:00 [INF] Request finished HTTP/1.1 POST http://localhost:5137/api/identity/v1/login - 200 null application/json; charset=utf-8 304.9472ms
2024-09-22 04:05:17.635 +05:00 [INF] Request starting HTTP/1.1 POST http://localhost:5137/api/identity/v1/login - application/json 61
2024-09-22 04:05:17.640 +05:00 [INF] Executing endpoint 'HTTP: POST api/identity/v1/login'
2024-09-22 04:05:17.665 +05:00 [INF] Executed DbCommand (6ms) [Parameters=[@__normalizedUserName_0='?' (Size = 256)], CommandType='"Text"', CommandTimeout='30']
SELECT TOP(1) [a].[Id], [a].[AccessFailedCount], [a].[ConcurrencyStamp], [a].[DateOfBirth], [a].[Email], [a].[EmailConfirmed], [a].[LockoutEnabled], [a].[LockoutEnd], [a].[Nationality], [a].[NormalizedEmail], [a].[NormalizedUserName], [a].[OrganizationId], [a].[PasswordHash], [a].[PhoneNumber], [a].[PhoneNumberConfirmed], [a].[SecurityStamp], [a].[TwoFactorEnabled], [a].[UserName]
FROM [AspNetUsers] AS [a]
WHERE [a].[NormalizedUserName] = @__normalizedUserName_0
2024-09-22 04:05:17.766 +05:00 [INF] Executed DbCommand (3ms) [Parameters=[@__user_Id_0='?' (Size = 450)], CommandType='"Text"', CommandTimeout='30']
SELECT [a].[Id], [a].[ClaimType], [a].[ClaimValue], [a].[UserId]
FROM [AspNetUserClaims] AS [a]
WHERE [a].[UserId] = @__user_Id_0
2024-09-22 04:05:17.771 +05:00 [INF] AuthenticationScheme: Identity.Bearer signed in.
2024-09-22 04:05:17.776 +05:00 [INF] Executed endpoint 'HTTP: POST api/identity/v1/login'
2024-09-22 04:05:17.779 +05:00 [INF] Request finished HTTP/1.1 POST http://localhost:5137/api/identity/v1/login - 200 null application/json; charset=utf-8 143.7989ms
2024-09-22 04:05:17.801 +05:00 [INF] Request starting HTTP/1.1 POST http://localhost:5137/api/identity/v1/login - application/json 77
2024-09-22 04:05:17.807 +05:00 [INF] Executing endpoint 'HTTP: POST api/identity/v1/login'
2024-09-22 04:05:17.818 +05:00 [INF] Executed DbCommand (3ms) [Parameters=[@__normalizedUserName_0='?' (Size = 256)], CommandType='"Text"', CommandTimeout='30']
SELECT TOP(1) [a].[Id], [a].[AccessFailedCount], [a].[ConcurrencyStamp], [a].[DateOfBirth], [a].[Email], [a].[EmailConfirmed], [a].[LockoutEnabled], [a].[LockoutEnd], [a].[Nationality], [a].[NormalizedEmail], [a].[NormalizedUserName], [a].[OrganizationId], [a].[PasswordHash], [a].[PhoneNumber], [a].[PhoneNumberConfirmed], [a].[SecurityStamp], [a].[TwoFactorEnabled], [a].[UserName]
FROM [AspNetUsers] AS [a]
WHERE [a].[NormalizedUserName] = @__normalizedUserName_0
2024-09-22 04:05:17.926 +05:00 [INF] Executed DbCommand (2ms) [Parameters=[@__user_Id_0='?' (Size = 450)], CommandType='"Text"', CommandTimeout='30']
SELECT [a].[Id], [a].[ClaimType], [a].[ClaimValue], [a].[UserId]
FROM [AspNetUserClaims] AS [a]
WHERE [a].[UserId] = @__user_Id_0
2024-09-22 04:05:17.930 +05:00 [INF] AuthenticationScheme: Identity.Bearer signed in.
2024-09-22 04:05:17.932 +05:00 [INF] Executed endpoint 'HTTP: POST api/identity/v1/login'
2024-09-22 04:05:17.936 +05:00 [INF] Request finished HTTP/1.1 POST http://localhost:5137/api/identity/v1/login - 200 null application/json; charset=utf-8 134.5395ms
2024-09-22 04:08:27.984 +05:00 [INF] Request starting HTTP/1.1 POST http://localhost:5137/api/identity/v1/login - application/json 61
2024-09-22 04:08:27.990 +05:00 [INF] Executing endpoint 'HTTP: POST api/identity/v1/login'
2024-09-22 04:08:27.999 +05:00 [INF] Executed DbCommand (4ms) [Parameters=[@__normalizedUserName_0='?' (Size = 256)], CommandType='"Text"', CommandTimeout='30']
SELECT TOP(1) [a].[Id], [a].[AccessFailedCount], [a].[ConcurrencyStamp], [a].[DateOfBirth], [a].[Email], [a].[EmailConfirmed], [a].[LockoutEnabled], [a].[LockoutEnd], [a].[Nationality], [a].[NormalizedEmail], [a].[NormalizedUserName], [a].[OrganizationId], [a].[PasswordHash], [a].[PhoneNumber], [a].[PhoneNumberConfirmed], [a].[SecurityStamp], [a].[TwoFactorEnabled], [a].[UserName]
FROM [AspNetUsers] AS [a]
WHERE [a].[NormalizedUserName] = @__normalizedUserName_0
2024-09-22 04:08:28.110 +05:00 [INF] Executed DbCommand (4ms) [Parameters=[@__user_Id_0='?' (Size = 450)], CommandType='"Text"', CommandTimeout='30']
SELECT [a].[Id], [a].[ClaimType], [a].[ClaimValue], [a].[UserId]
FROM [AspNetUserClaims] AS [a]
WHERE [a].[UserId] = @__user_Id_0
2024-09-22 04:08:28.116 +05:00 [INF] AuthenticationScheme: Identity.Bearer signed in.
2024-09-22 04:08:28.118 +05:00 [INF] Executed endpoint 'HTTP: POST api/identity/v1/login'
2024-09-22 04:08:28.119 +05:00 [INF] Request finished HTTP/1.1 POST http://localhost:5137/api/identity/v1/login - 200 null application/json; charset=utf-8 135.3228ms
2024-09-22 04:08:28.160 +05:00 [INF] Request starting HTTP/1.1 POST http://localhost:5137/api/identity/v1/login - application/json 77
2024-09-22 04:08:28.167 +05:00 [INF] Executing endpoint 'HTTP: POST api/identity/v1/login'
2024-09-22 04:08:28.172 +05:00 [INF] Executed DbCommand (2ms) [Parameters=[@__normalizedUserName_0='?' (Size = 256)], CommandType='"Text"', CommandTimeout='30']
SELECT TOP(1) [a].[Id], [a].[AccessFailedCount], [a].[ConcurrencyStamp], [a].[DateOfBirth], [a].[Email], [a].[EmailConfirmed], [a].[LockoutEnabled], [a].[LockoutEnd], [a].[Nationality], [a].[NormalizedEmail], [a].[NormalizedUserName], [a].[OrganizationId], [a].[PasswordHash], [a].[PhoneNumber], [a].[PhoneNumberConfirmed], [a].[SecurityStamp], [a].[TwoFactorEnabled], [a].[UserName]
FROM [AspNetUsers] AS [a]
WHERE [a].[NormalizedUserName] = @__normalizedUserName_0
2024-09-22 04:08:28.286 +05:00 [INF] Executed DbCommand (2ms) [Parameters=[@__user_Id_0='?' (Size = 450)], CommandType='"Text"', CommandTimeout='30']
SELECT [a].[Id], [a].[ClaimType], [a].[ClaimValue], [a].[UserId]
FROM [AspNetUserClaims] AS [a]
WHERE [a].[UserId] = @__user_Id_0
2024-09-22 04:08:28.289 +05:00 [INF] AuthenticationScheme: Identity.Bearer signed in.
2024-09-22 04:08:28.291 +05:00 [INF] Executed endpoint 'HTTP: POST api/identity/v1/login'
2024-09-22 04:08:28.293 +05:00 [INF] Request finished HTTP/1.1 POST http://localhost:5137/api/identity/v1/login - 200 null application/json; charset=utf-8 132.3842ms
2024-09-22 04:14:46.557 +05:00 [INF] Request starting HTTP/1.1 GET http://localhost:5137/api/organizations/v1 - application/json 77
2024-09-22 04:14:46.565 +05:00 [INF] Identity.Bearer was not authenticated. Failure message: Unprotected token failed
2024-09-22 04:14:46.568 +05:00 [INF] Identity.BearerAndApplication was not authenticated. Failure message: Unprotected token failed
2024-09-22 04:14:46.575 +05:00 [INF] Authorization failed. These requirements were not met:
RolesAuthorizationRequirement:User.IsInRole must be true for one of the following roles: (SystemUser)
2024-09-22 04:14:46.582 +05:00 [INF] AuthenticationScheme: Identity.Bearer was challenged.
2024-09-22 04:14:46.584 +05:00 [INF] Request finished HTTP/1.1 GET http://localhost:5137/api/organizations/v1 - 401 0 null 26.8415ms
2024-09-22 04:15:00.044 +05:00 [INF] Request starting HTTP/1.1 GET http://localhost:5137/api/organizations/v1 - application/json 77
2024-09-22 04:15:00.047 +05:00 [INF] Identity.Bearer was not authenticated. Failure message: Unprotected token failed
2024-09-22 04:15:00.049 +05:00 [INF] Identity.BearerAndApplication was not authenticated. Failure message: Unprotected token failed
2024-09-22 04:15:00.052 +05:00 [INF] Authorization failed. These requirements were not met:
RolesAuthorizationRequirement:User.IsInRole must be true for one of the following roles: (SystemUser)
2024-09-22 04:15:00.055 +05:00 [INF] AuthenticationScheme: Identity.Bearer was challenged.
2024-09-22 04:15:00.058 +05:00 [INF] Request finished HTTP/1.1 GET http://localhost:5137/api/organizations/v1 - 401 0 null 13.5548ms
2024-09-22 04:15:24.984 +05:00 [INF] Executed DbCommand (56ms) [Parameters=[], CommandType='"Text"', CommandTimeout='30']
SELECT 1
2024-09-22 04:15:25.367 +05:00 [INF] Executed DbCommand (9ms) [Parameters=[], CommandType='"Text"', CommandTimeout='30']
SELECT CASE
    WHEN EXISTS (
        SELECT 1
        FROM [AspNetRoles] AS [a]) THEN CAST(1 AS bit)
    ELSE CAST(0 AS bit)
END
2024-09-22 04:15:25.441 +05:00 [INF] User profile is available. Using 'C:\Users\naveed\AppData\Local\ASP.NET\DataProtection-Keys' as key repository and Windows DPAPI to encrypt keys at rest.
2024-09-22 04:15:25.778 +05:00 [INF] Now listening on: http://localhost:5137
2024-09-22 04:15:25.783 +05:00 [INF] Application started. Press Ctrl+C to shut down.
2024-09-22 04:15:25.785 +05:00 [INF] Hosting environment: Development
2024-09-22 04:15:25.786 +05:00 [INF] Content root path: D:\Personal\Repos\DynamiqCore\DynamiqCore.API
2024-09-22 04:15:25.956 +05:00 [INF] Request starting HTTP/1.1 GET http://localhost:5137/weatherforecast - null null
2024-09-22 04:15:26.046 +05:00 [WRN] Failed to determine the https port for redirect.
2024-09-22 04:15:26.054 +05:00 [INF] Executing endpoint 'DynamiqCore.API.Controllers.WeatherForecastController.Get (DynamiqCore.API)'
2024-09-22 04:15:26.080 +05:00 [INF] Route matched with {action = "Get", controller = "WeatherForecast"}. Executing controller action with signature System.Collections.Generic.IEnumerable`1[DynamiqCore.API.WeatherForecast] Get() on controller DynamiqCore.API.Controllers.WeatherForecastController (DynamiqCore.API).
2024-09-22 04:15:26.096 +05:00 [INF] Executing action method DynamiqCore.API.Controllers.WeatherForecastController.Get (DynamiqCore.API) - Validation state: "Valid"
2024-09-22 04:15:26.110 +05:00 [INF] Executed action method DynamiqCore.API.Controllers.WeatherForecastController.Get (DynamiqCore.API), returned result Microsoft.AspNetCore.Mvc.ObjectResult in 3.687ms.
2024-09-22 04:15:26.163 +05:00 [INF] Executing ObjectResult, writing value of type 'DynamiqCore.API.WeatherForecast[]'.
2024-09-22 04:15:26.255 +05:00 [INF] Executed action DynamiqCore.API.Controllers.WeatherForecastController.Get (DynamiqCore.API) in 164.7959ms
2024-09-22 04:15:26.258 +05:00 [INF] Executed endpoint 'DynamiqCore.API.Controllers.WeatherForecastController.Get (DynamiqCore.API)'
2024-09-22 04:15:26.262 +05:00 [INF] Request finished HTTP/1.1 GET http://localhost:5137/weatherforecast - 200 null application/json; charset=utf-8 307.0424ms
2024-09-22 04:15:29.498 +05:00 [INF] Request starting HTTP/1.1 GET http://localhost:5137/api/organizations/v1 - application/json 77
2024-09-22 04:15:29.521 +05:00 [INF] Identity.Bearer was not authenticated. Failure message: Unprotected token failed
2024-09-22 04:15:29.525 +05:00 [INF] Identity.BearerAndApplication was not authenticated. Failure message: Unprotected token failed
2024-09-22 04:15:29.540 +05:00 [INF] Authorization failed. These requirements were not met:
DenyAnonymousAuthorizationRequirement: Requires an authenticated user.
2024-09-22 04:15:29.546 +05:00 [INF] AuthenticationScheme: Identity.Bearer was challenged.
2024-09-22 04:15:29.551 +05:00 [INF] Request finished HTTP/1.1 GET http://localhost:5137/api/organizations/v1 - 401 0 null 53.8091ms
2024-09-22 04:15:38.541 +05:00 [INF] Request starting HTTP/1.1 GET http://localhost:5137/api/organizations/v1 - application/json 77
2024-09-22 04:15:38.548 +05:00 [INF] Identity.Bearer was not authenticated. Failure message: Unprotected token failed
2024-09-22 04:15:38.550 +05:00 [INF] Identity.BearerAndApplication was not authenticated. Failure message: Unprotected token failed
2024-09-22 04:15:38.556 +05:00 [INF] Authorization failed. These requirements were not met:
DenyAnonymousAuthorizationRequirement: Requires an authenticated user.
2024-09-22 04:15:38.559 +05:00 [INF] AuthenticationScheme: Identity.Bearer was challenged.
2024-09-22 04:15:38.561 +05:00 [INF] Request finished HTTP/1.1 GET http://localhost:5137/api/organizations/v1 - 401 0 null 19.8071ms
2024-09-22 04:15:47.084 +05:00 [INF] Request starting HTTP/1.1 POST http://localhost:5137/api/identity/v1/login - application/json 77
2024-09-22 04:15:47.091 +05:00 [INF] Executing endpoint 'HTTP: POST api/identity/v1/login'
2024-09-22 04:15:47.307 +05:00 [INF] Executed DbCommand (50ms) [Parameters=[@__normalizedUserName_0='?' (Size = 256)], CommandType='"Text"', CommandTimeout='30']
SELECT TOP(1) [a].[Id], [a].[AccessFailedCount], [a].[ConcurrencyStamp], [a].[DateOfBirth], [a].[Email], [a].[EmailConfirmed], [a].[LockoutEnabled], [a].[LockoutEnd], [a].[Nationality], [a].[NormalizedEmail], [a].[NormalizedUserName], [a].[OrganizationId], [a].[PasswordHash], [a].[PhoneNumber], [a].[PhoneNumberConfirmed], [a].[SecurityStamp], [a].[TwoFactorEnabled], [a].[UserName]
FROM [AspNetUsers] AS [a]
WHERE [a].[NormalizedUserName] = @__normalizedUserName_0
2024-09-22 04:15:47.632 +05:00 [INF] Executed DbCommand (4ms) [Parameters=[@__user_Id_0='?' (Size = 450)], CommandType='"Text"', CommandTimeout='30']
SELECT [a].[Id], [a].[ClaimType], [a].[ClaimValue], [a].[UserId]
FROM [AspNetUserClaims] AS [a]
WHERE [a].[UserId] = @__user_Id_0
2024-09-22 04:15:47.651 +05:00 [INF] AuthenticationScheme: Identity.Bearer signed in.
2024-09-22 04:15:47.668 +05:00 [INF] Executed endpoint 'HTTP: POST api/identity/v1/login'
2024-09-22 04:15:47.687 +05:00 [INF] Request finished HTTP/1.1 POST http://localhost:5137/api/identity/v1/login - 200 null application/json; charset=utf-8 603.915ms
2024-09-22 04:16:31.881 +05:00 [INF] Request starting HTTP/1.1 GET http://localhost:5137/api/organizations/v1 - application/json 77
2024-09-22 04:16:31.895 +05:00 [INF] Executing endpoint 'DynamiqCore.API.Controllers.OrganizationController.GetAll (DynamiqCore.API)'
2024-09-22 04:16:31.902 +05:00 [INF] Route matched with {action = "GetAll", controller = "Organization"}. Executing controller action with signature System.Threading.Tasks.Task`1[Microsoft.AspNetCore.Mvc.ActionResult`1[System.Collections.Generic.IEnumerable`1[DynamiqCore.Application.Organizations.Dtos.OrganizationDto]]] GetAll() on controller DynamiqCore.API.Controllers.OrganizationController (DynamiqCore.API).
2024-09-22 04:16:31.906 +05:00 [INF] Executing action method DynamiqCore.API.Controllers.OrganizationController.GetAll (DynamiqCore.API) - Validation state: "Valid"
2024-09-22 04:16:35.925 +05:00 [INF] Getting all organizations
2024-09-22 04:16:36.047 +05:00 [INF] Executed DbCommand (3ms) [Parameters=[], CommandType='"Text"', CommandTimeout='30']
SELECT COUNT(*)
FROM [Organizations] AS [o]
2024-09-22 04:16:36.071 +05:00 [WRN] The query uses a row limiting operator ('Skip'/'Take') without an 'OrderBy' operator. This may lead to unpredictable results. If the 'Distinct' operator is used after 'OrderBy', then make sure to use the 'OrderBy' operator after 'Distinct' as the ordering would otherwise get erased.
2024-09-22 04:16:36.074 +05:00 [WRN] The query uses a row limiting operator ('Skip'/'Take') without an 'OrderBy' operator. This may lead to unpredictable results. If the 'Distinct' operator is used after 'OrderBy', then make sure to use the 'OrderBy' operator after 'Distinct' as the ordering would otherwise get erased.
2024-09-22 04:16:36.094 +05:00 [INF] Executed DbCommand (1ms) [Parameters=[], CommandType='"Text"', CommandTimeout='30']
SELECT [o].[OrganizationId], [o].[CreateAt], [o].[CreatedBy], [o].[Description], [o].[Name], [o].[ParentOrganizationId], [o].[RowVersion], [o].[UpdateAt], [o].[UpdatedBy], [o].[Address_City], [o].[Address_Country], [o].[Address_PostalCode], [o].[Address_State], [o].[Address_Street], [o].[Address_UnitNumber]
FROM [Organizations] AS [o]
WHERE 0 = 1
2024-09-22 04:16:36.132 +05:00 [INF] Executed action method DynamiqCore.API.Controllers.OrganizationController.GetAll (DynamiqCore.API), returned result Microsoft.AspNetCore.Mvc.OkObjectResult in 4224.747ms.
2024-09-22 04:16:36.136 +05:00 [INF] Executing OkObjectResult, writing value of type 'DynamiqCore.Application.Common.PagedResult`1[[DynamiqCore.Application.Organizations.Dtos.OrganizationDto, DynamiqCore.Application, Version=1.0.0.0, Culture=neutral, PublicKeyToken=null]]'.
2024-09-22 04:16:36.150 +05:00 [INF] Executed action DynamiqCore.API.Controllers.OrganizationController.GetAll (DynamiqCore.API) in 4244.3529ms
2024-09-22 04:16:36.151 +05:00 [INF] Executed endpoint 'DynamiqCore.API.Controllers.OrganizationController.GetAll (DynamiqCore.API)'
2024-09-22 04:16:36.153 +05:00 [INF] Request finished HTTP/1.1 GET http://localhost:5137/api/organizations/v1 - 200 null application/json; charset=utf-8 4271.8542ms
2024-09-22 04:17:04.493 +05:00 [INF] Executed DbCommand (48ms) [Parameters=[], CommandType='"Text"', CommandTimeout='30']
SELECT 1
2024-09-22 04:17:04.841 +05:00 [INF] Executed DbCommand (11ms) [Parameters=[], CommandType='"Text"', CommandTimeout='30']
SELECT CASE
    WHEN EXISTS (
        SELECT 1
        FROM [AspNetRoles] AS [a]) THEN CAST(1 AS bit)
    ELSE CAST(0 AS bit)
END
2024-09-22 04:17:04.945 +05:00 [INF] User profile is available. Using 'C:\Users\naveed\AppData\Local\ASP.NET\DataProtection-Keys' as key repository and Windows DPAPI to encrypt keys at rest.
2024-09-22 04:17:05.394 +05:00 [INF] Now listening on: http://localhost:5137
2024-09-22 04:17:05.398 +05:00 [INF] Application started. Press Ctrl+C to shut down.
2024-09-22 04:17:05.400 +05:00 [INF] Hosting environment: Development
2024-09-22 04:17:05.401 +05:00 [INF] Content root path: D:\Personal\Repos\DynamiqCore\DynamiqCore.API
2024-09-22 04:17:06.075 +05:00 [INF] Request starting HTTP/1.1 GET http://localhost:5137/weatherforecast - null null
2024-09-22 04:17:06.177 +05:00 [WRN] Failed to determine the https port for redirect.
2024-09-22 04:17:06.184 +05:00 [INF] Executing endpoint 'DynamiqCore.API.Controllers.WeatherForecastController.Get (DynamiqCore.API)'
2024-09-22 04:17:06.215 +05:00 [INF] Route matched with {action = "Get", controller = "WeatherForecast"}. Executing controller action with signature System.Collections.Generic.IEnumerable`1[DynamiqCore.API.WeatherForecast] Get() on controller DynamiqCore.API.Controllers.WeatherForecastController (DynamiqCore.API).
2024-09-22 04:17:06.232 +05:00 [INF] Executing action method DynamiqCore.API.Controllers.WeatherForecastController.Get (DynamiqCore.API) - Validation state: "Valid"
2024-09-22 04:17:06.250 +05:00 [INF] Executed action method DynamiqCore.API.Controllers.WeatherForecastController.Get (DynamiqCore.API), returned result Microsoft.AspNetCore.Mvc.ObjectResult in 3.3486ms.
2024-09-22 04:17:06.297 +05:00 [INF] Executing ObjectResult, writing value of type 'DynamiqCore.API.WeatherForecast[]'.
2024-09-22 04:17:06.404 +05:00 [INF] Executed action DynamiqCore.API.Controllers.WeatherForecastController.Get (DynamiqCore.API) in 176.1986ms
2024-09-22 04:17:06.413 +05:00 [INF] Executed endpoint 'DynamiqCore.API.Controllers.WeatherForecastController.Get (DynamiqCore.API)'
2024-09-22 04:17:06.422 +05:00 [INF] Request finished HTTP/1.1 GET http://localhost:5137/weatherforecast - 200 null application/json; charset=utf-8 347.2352ms
2024-09-22 04:17:06.881 +05:00 [INF] Request starting HTTP/1.1 GET http://localhost:5137/api/organizations/v1 - application/json 77
2024-09-22 04:17:06.899 +05:00 [INF] Authorization failed. These requirements were not met:
RolesAuthorizationRequirement:User.IsInRole must be true for one of the following roles: (SystemUser)
2024-09-22 04:17:06.905 +05:00 [INF] AuthenticationScheme: Identity.Bearer was forbidden.
2024-09-22 04:17:06.907 +05:00 [INF] Request finished HTTP/1.1 GET http://localhost:5137/api/organizations/v1 - 403 0 null 26.0627ms
2024-09-22 04:17:15.537 +05:00 [INF] Request starting HTTP/1.1 GET http://localhost:5137/api/organizations/v1 - application/json 77
2024-09-22 04:17:15.545 +05:00 [INF] Authorization failed. These requirements were not met:
RolesAuthorizationRequirement:User.IsInRole must be true for one of the following roles: (SystemUser)
2024-09-22 04:17:15.549 +05:00 [INF] AuthenticationScheme: Identity.Bearer was forbidden.
2024-09-22 04:17:15.550 +05:00 [INF] Request finished HTTP/1.1 GET http://localhost:5137/api/organizations/v1 - 403 0 null 13.264ms
2024-09-22 04:45:12.875 +05:00 [INF] Executed DbCommand (63ms) [Parameters=[], CommandType='"Text"', CommandTimeout='30']
SELECT 1
2024-09-22 04:45:13.502 +05:00 [INF] Executed DbCommand (18ms) [Parameters=[], CommandType='"Text"', CommandTimeout='30']
SELECT CASE
    WHEN EXISTS (
        SELECT 1
        FROM [AspNetRoles] AS [a]) THEN CAST(1 AS bit)
    ELSE CAST(0 AS bit)
END
2024-09-22 04:45:13.589 +05:00 [INF] User profile is available. Using 'C:\Users\naveed\AppData\Local\ASP.NET\DataProtection-Keys' as key repository and Windows DPAPI to encrypt keys at rest.
2024-09-22 04:45:13.947 +05:00 [INF] Now listening on: http://localhost:5137
2024-09-22 04:45:13.953 +05:00 [INF] Application started. Press Ctrl+C to shut down.
2024-09-22 04:45:13.955 +05:00 [INF] Hosting environment: Development
2024-09-22 04:45:13.956 +05:00 [INF] Content root path: D:\Personal\Repos\DynamiqCore\DynamiqCore.API
2024-09-22 04:45:14.123 +05:00 [INF] Request starting HTTP/1.1 GET http://localhost:5137/weatherforecast - null null
2024-09-22 04:45:14.266 +05:00 [WRN] Failed to determine the https port for redirect.
2024-09-22 04:45:14.279 +05:00 [INF] Executing endpoint 'DynamiqCore.API.Controllers.WeatherForecastController.Get (DynamiqCore.API)'
2024-09-22 04:45:14.432 +05:00 [INF] Route matched with {action = "Get", controller = "WeatherForecast"}. Executing controller action with signature System.Collections.Generic.IEnumerable`1[DynamiqCore.API.WeatherForecast] Get() on controller DynamiqCore.API.Controllers.WeatherForecastController (DynamiqCore.API).
2024-09-22 04:45:14.462 +05:00 [INF] Executing action method DynamiqCore.API.Controllers.WeatherForecastController.Get (DynamiqCore.API) - Validation state: "Valid"
2024-09-22 04:45:14.474 +05:00 [INF] Executed action method DynamiqCore.API.Controllers.WeatherForecastController.Get (DynamiqCore.API), returned result Microsoft.AspNetCore.Mvc.ObjectResult in 2.9385ms.
2024-09-22 04:45:14.499 +05:00 [INF] Executing ObjectResult, writing value of type 'DynamiqCore.API.WeatherForecast[]'.
2024-09-22 04:45:14.570 +05:00 [INF] Executed action DynamiqCore.API.Controllers.WeatherForecastController.Get (DynamiqCore.API) in 129.1184ms
2024-09-22 04:45:14.572 +05:00 [INF] Executed endpoint 'DynamiqCore.API.Controllers.WeatherForecastController.Get (DynamiqCore.API)'
2024-09-22 04:45:14.577 +05:00 [INF] Request finished HTTP/1.1 GET http://localhost:5137/weatherforecast - 200 null application/json; charset=utf-8 455.2532ms
2024-09-22 04:45:15.854 +05:00 [INF] Request starting HTTP/1.1 POST http://localhost:5137/api/identity/v1/login - application/json 77
2024-09-22 04:45:15.870 +05:00 [INF] Executing endpoint 'HTTP: POST api/identity/v1/login'
2024-09-22 04:45:16.188 +05:00 [INF] Executed DbCommand (58ms) [Parameters=[@__normalizedUserName_0='?' (Size = 256)], CommandType='"Text"', CommandTimeout='30']
SELECT TOP(1) [a].[Id], [a].[AccessFailedCount], [a].[ConcurrencyStamp], [a].[DateOfBirth], [a].[Email], [a].[EmailConfirmed], [a].[LockoutEnabled], [a].[LockoutEnd], [a].[Nationality], [a].[NormalizedEmail], [a].[NormalizedUserName], [a].[OrganizationId], [a].[PasswordHash], [a].[PhoneNumber], [a].[PhoneNumberConfirmed], [a].[SecurityStamp], [a].[TwoFactorEnabled], [a].[UserName]
FROM [AspNetUsers] AS [a]
WHERE [a].[NormalizedUserName] = @__normalizedUserName_0
2024-09-22 04:45:16.621 +05:00 [INF] Executed DbCommand (4ms) [Parameters=[@__user_Id_0='?' (Size = 450)], CommandType='"Text"', CommandTimeout='30']
SELECT [a].[Id], [a].[ClaimType], [a].[ClaimValue], [a].[UserId]
FROM [AspNetUserClaims] AS [a]
WHERE [a].[UserId] = @__user_Id_0
2024-09-22 04:45:16.684 +05:00 [INF] Executed DbCommand (5ms) [Parameters=[@__userId_0='?' (Size = 450)], CommandType='"Text"', CommandTimeout='30']
SELECT [a0].[Name]
FROM [AspNetUserRoles] AS [a]
INNER JOIN [AspNetRoles] AS [a0] ON [a].[RoleId] = [a0].[Id]
WHERE [a].[UserId] = @__userId_0
2024-09-22 04:45:16.705 +05:00 [INF] AuthenticationScheme: Identity.Bearer signed in.
2024-09-22 04:45:16.730 +05:00 [INF] Executed endpoint 'HTTP: POST api/identity/v1/login'
2024-09-22 04:45:16.753 +05:00 [INF] Request finished HTTP/1.1 POST http://localhost:5137/api/identity/v1/login - 200 null application/json; charset=utf-8 898.395ms
2024-09-22 04:45:21.632 +05:00 [INF] Request starting HTTP/1.1 GET http://localhost:5137/api/organizations/v1 - application/json 77
2024-09-22 04:45:21.647 +05:00 [INF] Authorization failed. These requirements were not met:
RolesAuthorizationRequirement:User.IsInRole must be true for one of the following roles: (SystemUser)
2024-09-22 04:45:21.651 +05:00 [INF] AuthenticationScheme: Identity.Bearer was forbidden.
2024-09-22 04:45:21.653 +05:00 [INF] Request finished HTTP/1.1 GET http://localhost:5137/api/organizations/v1 - 403 0 null 20.7432ms
2024-09-22 04:45:52.769 +05:00 [INF] Request starting HTTP/1.1 POST http://localhost:5137/api/identity/v1/login - application/json 77
2024-09-22 04:45:52.781 +05:00 [INF] Executing endpoint 'HTTP: POST api/identity/v1/login'
2024-09-22 04:45:52.821 +05:00 [INF] Executed DbCommand (5ms) [Parameters=[@__normalizedUserName_0='?' (Size = 256)], CommandType='"Text"', CommandTimeout='30']
SELECT TOP(1) [a].[Id], [a].[AccessFailedCount], [a].[ConcurrencyStamp], [a].[DateOfBirth], [a].[Email], [a].[EmailConfirmed], [a].[LockoutEnabled], [a].[LockoutEnd], [a].[Nationality], [a].[NormalizedEmail], [a].[NormalizedUserName], [a].[OrganizationId], [a].[PasswordHash], [a].[PhoneNumber], [a].[PhoneNumberConfirmed], [a].[SecurityStamp], [a].[TwoFactorEnabled], [a].[UserName]
FROM [AspNetUsers] AS [a]
WHERE [a].[NormalizedUserName] = @__normalizedUserName_0
2024-09-22 04:45:52.942 +05:00 [INF] Executed DbCommand (3ms) [Parameters=[@__user_Id_0='?' (Size = 450)], CommandType='"Text"', CommandTimeout='30']
SELECT [a].[Id], [a].[ClaimType], [a].[ClaimValue], [a].[UserId]
FROM [AspNetUserClaims] AS [a]
WHERE [a].[UserId] = @__user_Id_0
2024-09-22 04:45:52.955 +05:00 [INF] Executed DbCommand (4ms) [Parameters=[@__userId_0='?' (Size = 450)], CommandType='"Text"', CommandTimeout='30']
SELECT [a0].[Name]
FROM [AspNetUserRoles] AS [a]
INNER JOIN [AspNetRoles] AS [a0] ON [a].[RoleId] = [a0].[Id]
WHERE [a].[UserId] = @__userId_0
2024-09-22 04:45:52.960 +05:00 [INF] AuthenticationScheme: Identity.Bearer signed in.
2024-09-22 04:45:52.961 +05:00 [INF] Executed endpoint 'HTTP: POST api/identity/v1/login'
2024-09-22 04:45:52.963 +05:00 [INF] Request finished HTTP/1.1 POST http://localhost:5137/api/identity/v1/login - 200 null application/json; charset=utf-8 193.8939ms
2024-09-22 04:46:47.649 +05:00 [INF] Request starting HTTP/1.1 GET http://localhost:5137/api/organizations/v1 - application/json 77
2024-09-22 04:46:47.657 +05:00 [INF] Authorization failed. These requirements were not met:
RolesAuthorizationRequirement:User.IsInRole must be true for one of the following roles: (SystemUser)
2024-09-22 04:46:47.659 +05:00 [INF] AuthenticationScheme: Identity.Bearer was forbidden.
2024-09-22 04:46:47.661 +05:00 [INF] Request finished HTTP/1.1 GET http://localhost:5137/api/organizations/v1 - 403 0 null 11.8972ms
2024-09-22 04:47:40.979 +05:00 [INF] Request starting HTTP/1.1 GET http://localhost:5137/api/organizations/v1 - application/json 77
2024-09-22 04:47:40.990 +05:00 [INF] Authorization failed. These requirements were not met:
RolesAuthorizationRequirement:User.IsInRole must be true for one of the following roles: (SystemUser)
2024-09-22 04:47:40.991 +05:00 [INF] AuthenticationScheme: Identity.Bearer was forbidden.
2024-09-22 04:47:40.993 +05:00 [INF] Request finished HTTP/1.1 GET http://localhost:5137/api/organizations/v1 - 403 0 null 14.0148ms
2024-09-22 04:50:55.922 +05:00 [INF] Request starting HTTP/1.1 POST http://localhost:5137/api/identity/v1/register - application/json 77
2024-09-22 04:50:55.939 +05:00 [INF] Executing endpoint 'HTTP: POST api/identity/v1/register'
2024-09-22 04:50:56.079 +05:00 [INF] Executed DbCommand (5ms) [Parameters=[@__normalizedUserName_0='?' (Size = 256)], CommandType='"Text"', CommandTimeout='30']
SELECT TOP(1) [a].[Id], [a].[AccessFailedCount], [a].[ConcurrencyStamp], [a].[DateOfBirth], [a].[Email], [a].[EmailConfirmed], [a].[LockoutEnabled], [a].[LockoutEnd], [a].[Nationality], [a].[NormalizedEmail], [a].[NormalizedUserName], [a].[OrganizationId], [a].[PasswordHash], [a].[PhoneNumber], [a].[PhoneNumberConfirmed], [a].[SecurityStamp], [a].[TwoFactorEnabled], [a].[UserName]
FROM [AspNetUsers] AS [a]
WHERE [a].[NormalizedUserName] = @__normalizedUserName_0
2024-09-22 04:50:56.280 +05:00 [INF] Executed DbCommand (10ms) [Parameters=[@p0='?' (Size = 450), @p1='?' (DbType = Int32), @p2='?' (Size = 4000), @p3='?' (DbType = Date), @p4='?' (Size = 256), @p5='?' (DbType = Boolean), @p6='?' (DbType = Boolean), @p7='?' (DbType = DateTimeOffset), @p8='?' (Size = 4000), @p9='?' (Size = 256), @p10='?' (Size = 256), @p11='?' (DbType = Guid), @p12='?' (Size = 4000), @p13='?' (Size = 4000), @p14='?' (DbType = Boolean), @p15='?' (Size = 4000), @p16='?' (DbType = Boolean), @p17='?' (Size = 256)], CommandType='"Text"', CommandTimeout='30']
SET IMPLICIT_TRANSACTIONS OFF;
SET NOCOUNT ON;
INSERT INTO [AspNetUsers] ([Id], [AccessFailedCount], [ConcurrencyStamp], [DateOfBirth], [Email], [EmailConfirmed], [LockoutEnabled], [LockoutEnd], [Nationality], [NormalizedEmail], [NormalizedUserName], [OrganizationId], [PasswordHash], [PhoneNumber], [PhoneNumberConfirmed], [SecurityStamp], [TwoFactorEnabled], [UserName])
VALUES (@p0, @p1, @p2, @p3, @p4, @p5, @p6, @p7, @p8, @p9, @p10, @p11, @p12, @p13, @p14, @p15, @p16, @p17);
2024-09-22 04:50:56.334 +05:00 [INF] Setting HTTP status code 200.
2024-09-22 04:50:56.336 +05:00 [INF] Executed endpoint 'HTTP: POST api/identity/v1/register'
2024-09-22 04:50:56.338 +05:00 [INF] Request finished HTTP/1.1 POST http://localhost:5137/api/identity/v1/register - 200 0 null 419.2311ms
2024-09-22 04:51:00.349 +05:00 [INF] Request starting HTTP/1.1 POST http://localhost:5137/api/identity/v1/login - application/json 77
2024-09-22 04:51:00.352 +05:00 [INF] Executing endpoint 'HTTP: POST api/identity/v1/login'
2024-09-22 04:51:00.369 +05:00 [INF] Executed DbCommand (5ms) [Parameters=[@__normalizedUserName_0='?' (Size = 256)], CommandType='"Text"', CommandTimeout='30']
SELECT TOP(1) [a].[Id], [a].[AccessFailedCount], [a].[ConcurrencyStamp], [a].[DateOfBirth], [a].[Email], [a].[EmailConfirmed], [a].[LockoutEnabled], [a].[LockoutEnd], [a].[Nationality], [a].[NormalizedEmail], [a].[NormalizedUserName], [a].[OrganizationId], [a].[PasswordHash], [a].[PhoneNumber], [a].[PhoneNumberConfirmed], [a].[SecurityStamp], [a].[TwoFactorEnabled], [a].[UserName]
FROM [AspNetUsers] AS [a]
WHERE [a].[NormalizedUserName] = @__normalizedUserName_0
2024-09-22 04:51:00.475 +05:00 [INF] Executed DbCommand (3ms) [Parameters=[@__user_Id_0='?' (Size = 450)], CommandType='"Text"', CommandTimeout='30']
SELECT [a].[Id], [a].[ClaimType], [a].[ClaimValue], [a].[UserId]
FROM [AspNetUserClaims] AS [a]
WHERE [a].[UserId] = @__user_Id_0
2024-09-22 04:51:00.485 +05:00 [INF] Executed DbCommand (3ms) [Parameters=[@__userId_0='?' (Size = 450)], CommandType='"Text"', CommandTimeout='30']
SELECT [a0].[Name]
FROM [AspNetUserRoles] AS [a]
INNER JOIN [AspNetRoles] AS [a0] ON [a].[RoleId] = [a0].[Id]
WHERE [a].[UserId] = @__userId_0
2024-09-22 04:51:00.488 +05:00 [INF] AuthenticationScheme: Identity.Bearer signed in.
2024-09-22 04:51:00.489 +05:00 [INF] Executed endpoint 'HTTP: POST api/identity/v1/login'
2024-09-22 04:51:00.490 +05:00 [INF] Request finished HTTP/1.1 POST http://localhost:5137/api/identity/v1/login - 200 null application/json; charset=utf-8 141.8193ms
2024-09-22 04:53:36.998 +05:00 [INF] Request starting HTTP/1.1 POST http://localhost:5137/api/identity/v1/register - application/json 76
2024-09-22 04:53:37.008 +05:00 [INF] Executing endpoint 'HTTP: POST api/identity/v1/register'
2024-09-22 04:53:37.127 +05:00 [INF] Executed DbCommand (5ms) [Parameters=[@__normalizedUserName_0='?' (Size = 256)], CommandType='"Text"', CommandTimeout='30']
SELECT TOP(1) [a].[Id], [a].[AccessFailedCount], [a].[ConcurrencyStamp], [a].[DateOfBirth], [a].[Email], [a].[EmailConfirmed], [a].[LockoutEnabled], [a].[LockoutEnd], [a].[Nationality], [a].[NormalizedEmail], [a].[NormalizedUserName], [a].[OrganizationId], [a].[PasswordHash], [a].[PhoneNumber], [a].[PhoneNumberConfirmed], [a].[SecurityStamp], [a].[TwoFactorEnabled], [a].[UserName]
FROM [AspNetUsers] AS [a]
WHERE [a].[NormalizedUserName] = @__normalizedUserName_0
2024-09-22 04:53:37.143 +05:00 [INF] Executed DbCommand (7ms) [Parameters=[@p0='?' (Size = 450), @p1='?' (DbType = Int32), @p2='?' (Size = 4000), @p3='?' (DbType = Date), @p4='?' (Size = 256), @p5='?' (DbType = Boolean), @p6='?' (DbType = Boolean), @p7='?' (DbType = DateTimeOffset), @p8='?' (Size = 4000), @p9='?' (Size = 256), @p10='?' (Size = 256), @p11='?' (DbType = Guid), @p12='?' (Size = 4000), @p13='?' (Size = 4000), @p14='?' (DbType = Boolean), @p15='?' (Size = 4000), @p16='?' (DbType = Boolean), @p17='?' (Size = 256)], CommandType='"Text"', CommandTimeout='30']
SET IMPLICIT_TRANSACTIONS OFF;
SET NOCOUNT ON;
INSERT INTO [AspNetUsers] ([Id], [AccessFailedCount], [ConcurrencyStamp], [DateOfBirth], [Email], [EmailConfirmed], [LockoutEnabled], [LockoutEnd], [Nationality], [NormalizedEmail], [NormalizedUserName], [OrganizationId], [PasswordHash], [PhoneNumber], [PhoneNumberConfirmed], [SecurityStamp], [TwoFactorEnabled], [UserName])
VALUES (@p0, @p1, @p2, @p3, @p4, @p5, @p6, @p7, @p8, @p9, @p10, @p11, @p12, @p13, @p14, @p15, @p16, @p17);
2024-09-22 04:53:37.148 +05:00 [INF] Setting HTTP status code 200.
2024-09-22 04:53:37.149 +05:00 [INF] Executed endpoint 'HTTP: POST api/identity/v1/register'
2024-09-22 04:53:37.151 +05:00 [INF] Request finished HTTP/1.1 POST http://localhost:5137/api/identity/v1/register - 200 0 null 152.9762ms
2024-09-22 04:53:46.924 +05:00 [INF] Request starting HTTP/1.1 POST http://localhost:5137/api/identity/v1/login - application/json 76
2024-09-22 04:53:46.928 +05:00 [INF] Executing endpoint 'HTTP: POST api/identity/v1/login'
2024-09-22 04:53:46.934 +05:00 [INF] Executed DbCommand (3ms) [Parameters=[@__normalizedUserName_0='?' (Size = 256)], CommandType='"Text"', CommandTimeout='30']
SELECT TOP(1) [a].[Id], [a].[AccessFailedCount], [a].[ConcurrencyStamp], [a].[DateOfBirth], [a].[Email], [a].[EmailConfirmed], [a].[LockoutEnabled], [a].[LockoutEnd], [a].[Nationality], [a].[NormalizedEmail], [a].[NormalizedUserName], [a].[OrganizationId], [a].[PasswordHash], [a].[PhoneNumber], [a].[PhoneNumberConfirmed], [a].[SecurityStamp], [a].[TwoFactorEnabled], [a].[UserName]
FROM [AspNetUsers] AS [a]
WHERE [a].[NormalizedUserName] = @__normalizedUserName_0
2024-09-22 04:53:47.050 +05:00 [INF] Executed DbCommand (3ms) [Parameters=[@__user_Id_0='?' (Size = 450)], CommandType='"Text"', CommandTimeout='30']
SELECT [a].[Id], [a].[ClaimType], [a].[ClaimValue], [a].[UserId]
FROM [AspNetUserClaims] AS [a]
WHERE [a].[UserId] = @__user_Id_0
2024-09-22 04:53:47.058 +05:00 [INF] Executed DbCommand (4ms) [Parameters=[@__userId_0='?' (Size = 450)], CommandType='"Text"', CommandTimeout='30']
SELECT [a0].[Name]
FROM [AspNetUserRoles] AS [a]
INNER JOIN [AspNetRoles] AS [a0] ON [a].[RoleId] = [a0].[Id]
WHERE [a].[UserId] = @__userId_0
2024-09-22 04:53:47.063 +05:00 [INF] AuthenticationScheme: Identity.Bearer signed in.
2024-09-22 04:53:47.065 +05:00 [INF] Executed endpoint 'HTTP: POST api/identity/v1/login'
2024-09-22 04:53:47.067 +05:00 [INF] Request finished HTTP/1.1 POST http://localhost:5137/api/identity/v1/login - 200 null application/json; charset=utf-8 143.1494ms
2024-09-22 04:55:57.722 +05:00 [INF] Request starting HTTP/1.1 GET http://localhost:5137/api/organizations/v1 - application/json 77
2024-09-22 04:55:57.727 +05:00 [INF] Authorization failed. These requirements were not met:
RolesAuthorizationRequirement:User.IsInRole must be true for one of the following roles: (SystemUser)
2024-09-22 04:55:57.729 +05:00 [INF] AuthenticationScheme: Identity.Bearer was forbidden.
2024-09-22 04:55:57.730 +05:00 [INF] Request finished HTTP/1.1 GET http://localhost:5137/api/organizations/v1 - 403 0 null 7.6639ms
2024-09-22 04:55:59.337 +05:00 [INF] Request starting HTTP/1.1 GET http://localhost:5137/api/organizations/v1 - application/json 77
2024-09-22 04:55:59.346 +05:00 [INF] Authorization failed. These requirements were not met:
RolesAuthorizationRequirement:User.IsInRole must be true for one of the following roles: (SystemUser)
2024-09-22 04:55:59.347 +05:00 [INF] AuthenticationScheme: Identity.Bearer was forbidden.
2024-09-22 04:55:59.347 +05:00 [INF] Request finished HTTP/1.1 GET http://localhost:5137/api/organizations/v1 - 403 0 null 10.05ms
2024-09-22 04:56:10.308 +05:00 [INF] Request starting HTTP/1.1 POST http://localhost:5137/api/identity/v1/login - application/json 77
2024-09-22 04:56:10.352 +05:00 [INF] Executing endpoint 'HTTP: POST api/identity/v1/login'
2024-09-22 04:56:10.359 +05:00 [INF] Executed DbCommand (3ms) [Parameters=[@__normalizedUserName_0='?' (Size = 256)], CommandType='"Text"', CommandTimeout='30']
SELECT TOP(1) [a].[Id], [a].[AccessFailedCount], [a].[ConcurrencyStamp], [a].[DateOfBirth], [a].[Email], [a].[EmailConfirmed], [a].[LockoutEnabled], [a].[LockoutEnd], [a].[Nationality], [a].[NormalizedEmail], [a].[NormalizedUserName], [a].[OrganizationId], [a].[PasswordHash], [a].[PhoneNumber], [a].[PhoneNumberConfirmed], [a].[SecurityStamp], [a].[TwoFactorEnabled], [a].[UserName]
FROM [AspNetUsers] AS [a]
WHERE [a].[NormalizedUserName] = @__normalizedUserName_0
2024-09-22 04:56:10.472 +05:00 [INF] Executed DbCommand (2ms) [Parameters=[@__user_Id_0='?' (Size = 450)], CommandType='"Text"', CommandTimeout='30']
SELECT [a].[Id], [a].[ClaimType], [a].[ClaimValue], [a].[UserId]
FROM [AspNetUserClaims] AS [a]
WHERE [a].[UserId] = @__user_Id_0
2024-09-22 04:56:10.484 +05:00 [INF] Executed DbCommand (7ms) [Parameters=[@__userId_0='?' (Size = 450)], CommandType='"Text"', CommandTimeout='30']
SELECT [a0].[Name]
FROM [AspNetUserRoles] AS [a]
INNER JOIN [AspNetRoles] AS [a0] ON [a].[RoleId] = [a0].[Id]
WHERE [a].[UserId] = @__userId_0
2024-09-22 04:56:10.499 +05:00 [INF] Executed DbCommand (2ms) [Parameters=[@__normalizedName_0='?' (Size = 256)], CommandType='"Text"', CommandTimeout='30']
SELECT TOP(1) [a].[Id], [a].[ConcurrencyStamp], [a].[Name], [a].[NormalizedName]
FROM [AspNetRoles] AS [a]
WHERE [a].[NormalizedName] = @__normalizedName_0
2024-09-22 04:56:10.528 +05:00 [INF] Executed DbCommand (4ms) [Parameters=[@__role_Id_0='?' (Size = 450)], CommandType='"Text"', CommandTimeout='30']
SELECT [a].[ClaimType], [a].[ClaimValue]
FROM [AspNetRoleClaims] AS [a]
WHERE [a].[RoleId] = @__role_Id_0
2024-09-22 04:56:10.540 +05:00 [INF] Executed DbCommand (1ms) [Parameters=[@__normalizedName_0='?' (Size = 256)], CommandType='"Text"', CommandTimeout='30']
SELECT TOP(1) [a].[Id], [a].[ConcurrencyStamp], [a].[Name], [a].[NormalizedName]
FROM [AspNetRoles] AS [a]
WHERE [a].[NormalizedName] = @__normalizedName_0
2024-09-22 04:56:10.548 +05:00 [INF] Executed DbCommand (1ms) [Parameters=[@__role_Id_0='?' (Size = 450)], CommandType='"Text"', CommandTimeout='30']
SELECT [a].[ClaimType], [a].[ClaimValue]
FROM [AspNetRoleClaims] AS [a]
WHERE [a].[RoleId] = @__role_Id_0
2024-09-22 04:56:10.552 +05:00 [INF] AuthenticationScheme: Identity.Bearer signed in.
2024-09-22 04:56:10.555 +05:00 [INF] Executed endpoint 'HTTP: POST api/identity/v1/login'
2024-09-22 04:56:10.557 +05:00 [INF] Request finished HTTP/1.1 POST http://localhost:5137/api/identity/v1/login - 200 null application/json; charset=utf-8 249.3747ms
2024-09-22 04:56:27.894 +05:00 [INF] Request starting HTTP/1.1 GET http://localhost:5137/api/organizations/v1 - application/json 77
2024-09-22 04:56:27.903 +05:00 [INF] Executing endpoint 'DynamiqCore.API.Controllers.OrganizationController.GetAll (DynamiqCore.API)'
2024-09-22 04:56:27.909 +05:00 [INF] Route matched with {action = "GetAll", controller = "Organization"}. Executing controller action with signature System.Threading.Tasks.Task`1[Microsoft.AspNetCore.Mvc.ActionResult`1[System.Collections.Generic.IEnumerable`1[DynamiqCore.Application.Organizations.Dtos.OrganizationDto]]] GetAll() on controller DynamiqCore.API.Controllers.OrganizationController (DynamiqCore.API).
2024-09-22 04:56:27.913 +05:00 [INF] Executing action method DynamiqCore.API.Controllers.OrganizationController.GetAll (DynamiqCore.API) - Validation state: "Valid"
2024-09-22 04:56:31.423 +05:00 [INF] Getting all organizations
2024-09-22 04:56:31.518 +05:00 [INF] Executed DbCommand (2ms) [Parameters=[], CommandType='"Text"', CommandTimeout='30']
SELECT COUNT(*)
FROM [Organizations] AS [o]
2024-09-22 04:56:31.544 +05:00 [WRN] The query uses a row limiting operator ('Skip'/'Take') without an 'OrderBy' operator. This may lead to unpredictable results. If the 'Distinct' operator is used after 'OrderBy', then make sure to use the 'OrderBy' operator after 'Distinct' as the ordering would otherwise get erased.
2024-09-22 04:56:31.548 +05:00 [WRN] The query uses a row limiting operator ('Skip'/'Take') without an 'OrderBy' operator. This may lead to unpredictable results. If the 'Distinct' operator is used after 'OrderBy', then make sure to use the 'OrderBy' operator after 'Distinct' as the ordering would otherwise get erased.
2024-09-22 04:56:31.575 +05:00 [INF] Executed DbCommand (2ms) [Parameters=[], CommandType='"Text"', CommandTimeout='30']
SELECT [o].[OrganizationId], [o].[CreateAt], [o].[CreatedBy], [o].[Description], [o].[Name], [o].[ParentOrganizationId], [o].[RowVersion], [o].[UpdateAt], [o].[UpdatedBy], [o].[Address_City], [o].[Address_Country], [o].[Address_PostalCode], [o].[Address_State], [o].[Address_Street], [o].[Address_UnitNumber]
FROM [Organizations] AS [o]
WHERE 0 = 1
2024-09-22 04:56:31.615 +05:00 [INF] Executed action method DynamiqCore.API.Controllers.OrganizationController.GetAll (DynamiqCore.API), returned result Microsoft.AspNetCore.Mvc.OkObjectResult in 3701.4453ms.
2024-09-22 04:56:31.621 +05:00 [INF] Executing OkObjectResult, writing value of type 'DynamiqCore.Application.Common.PagedResult`1[[DynamiqCore.Application.Organizations.Dtos.OrganizationDto, DynamiqCore.Application, Version=1.0.0.0, Culture=neutral, PublicKeyToken=null]]'.
2024-09-22 04:56:31.637 +05:00 [INF] Executed action DynamiqCore.API.Controllers.OrganizationController.GetAll (DynamiqCore.API) in 3725.2436ms
2024-09-22 04:56:31.640 +05:00 [INF] Executed endpoint 'DynamiqCore.API.Controllers.OrganizationController.GetAll (DynamiqCore.API)'
2024-09-22 04:56:31.645 +05:00 [INF] Request finished HTTP/1.1 GET http://localhost:5137/api/organizations/v1 - 200 null application/json; charset=utf-8 3750.4945ms
2024-09-22 06:01:39.924 +05:00 [INF] Executed DbCommand (59ms) [Parameters=[], CommandType='"Text"', CommandTimeout='30']
SELECT 1
2024-09-22 06:01:40.507 +05:00 [INF] Executed DbCommand (14ms) [Parameters=[], CommandType='"Text"', CommandTimeout='30']
SELECT CASE
    WHEN EXISTS (
        SELECT 1
        FROM [AspNetRoles] AS [a]) THEN CAST(1 AS bit)
    ELSE CAST(0 AS bit)
END
2024-09-22 06:01:40.604 +05:00 [INF] User profile is available. Using 'C:\Users\naveed\AppData\Local\ASP.NET\DataProtection-Keys' as key repository and Windows DPAPI to encrypt keys at rest.
2024-09-22 06:01:41.070 +05:00 [INF] Now listening on: http://localhost:5137
2024-09-22 06:01:41.074 +05:00 [INF] Application started. Press Ctrl+C to shut down.
2024-09-22 06:01:41.076 +05:00 [INF] Hosting environment: Development
2024-09-22 06:01:41.078 +05:00 [INF] Content root path: D:\Personal\Repos\DynamiqCore\DynamiqCore.API
2024-09-22 06:01:41.302 +05:00 [INF] Request starting HTTP/1.1 GET http://localhost:5137/weatherforecast - null null
2024-09-22 06:01:41.432 +05:00 [WRN] Failed to determine the https port for redirect.
2024-09-22 06:01:41.441 +05:00 [INF] Executing endpoint 'DynamiqCore.API.Controllers.WeatherForecastController.Get (DynamiqCore.API)'
2024-09-22 06:01:41.499 +05:00 [INF] Route matched with {action = "Get", controller = "WeatherForecast"}. Executing controller action with signature System.Collections.Generic.IEnumerable`1[DynamiqCore.API.WeatherForecast] Get() on controller DynamiqCore.API.Controllers.WeatherForecastController (DynamiqCore.API).
2024-09-22 06:01:41.516 +05:00 [INF] Executing action method DynamiqCore.API.Controllers.WeatherForecastController.Get (DynamiqCore.API) - Validation state: "Valid"
2024-09-22 06:01:41.530 +05:00 [INF] Executed action method DynamiqCore.API.Controllers.WeatherForecastController.Get (DynamiqCore.API), returned result Microsoft.AspNetCore.Mvc.ObjectResult in 6.1922ms.
2024-09-22 06:01:41.560 +05:00 [INF] Executing ObjectResult, writing value of type 'DynamiqCore.API.WeatherForecast[]'.
2024-09-22 06:01:41.634 +05:00 [INF] Executed action DynamiqCore.API.Controllers.WeatherForecastController.Get (DynamiqCore.API) in 124.7358ms
2024-09-22 06:01:41.636 +05:00 [INF] Executed endpoint 'DynamiqCore.API.Controllers.WeatherForecastController.Get (DynamiqCore.API)'
2024-09-22 06:01:41.638 +05:00 [INF] Request finished HTTP/1.1 GET http://localhost:5137/weatherforecast - 200 null application/json; charset=utf-8 341.252ms
2024-09-22 06:03:45.281 +05:00 [INF] Request starting HTTP/1.1 GET http://localhost:5137/swagger/index.html - null null
2024-09-22 06:03:45.446 +05:00 [INF] Request finished HTTP/1.1 GET http://localhost:5137/swagger/index.html - 200 null text/html;charset=utf-8 165.4042ms
2024-09-22 06:03:45.514 +05:00 [INF] Request starting HTTP/1.1 GET http://localhost:5137/swagger/index.js - null null
2024-09-22 06:03:45.527 +05:00 [INF] Request finished HTTP/1.1 GET http://localhost:5137/swagger/index.js - 200 null application/javascript;charset=utf-8 13.8426ms
2024-09-22 06:03:46.697 +05:00 [INF] Request starting HTTP/1.1 GET http://localhost:5137/swagger/v1/swagger.json - null null
2024-09-22 06:03:47.056 +05:00 [INF] Request finished HTTP/1.1 GET http://localhost:5137/swagger/v1/swagger.json - 200 null application/json;charset=utf-8 358.8449ms
2024-09-22 06:04:47.886 +05:00 [INF] Request starting HTTP/1.1 POST http://localhost:5137/api/identity/v1/register - application/json 61
2024-09-22 06:04:47.895 +05:00 [INF] Executing endpoint 'HTTP: POST api/identity/v1/register'
2024-09-22 06:04:48.261 +05:00 [INF] Executed DbCommand (55ms) [Parameters=[@__normalizedUserName_0='?' (Size = 256)], CommandType='"Text"', CommandTimeout='30']
SELECT TOP(1) [a].[Id], [a].[AccessFailedCount], [a].[ConcurrencyStamp], [a].[DateOfBirth], [a].[Email], [a].[EmailConfirmed], [a].[LockoutEnabled], [a].[LockoutEnd], [a].[Nationality], [a].[NormalizedEmail], [a].[NormalizedUserName], [a].[OrganizationId], [a].[PasswordHash], [a].[PhoneNumber], [a].[PhoneNumberConfirmed], [a].[SecurityStamp], [a].[TwoFactorEnabled], [a].[UserName]
FROM [AspNetUsers] AS [a]
WHERE [a].[NormalizedUserName] = @__normalizedUserName_0
2024-09-22 06:04:48.545 +05:00 [INF] Executed DbCommand (6ms) [Parameters=[@p0='?' (Size = 450), @p1='?' (DbType = Int32), @p2='?' (Size = 4000), @p3='?' (DbType = Date), @p4='?' (Size = 256), @p5='?' (DbType = Boolean), @p6='?' (DbType = Boolean), @p7='?' (DbType = DateTimeOffset), @p8='?' (Size = 4000), @p9='?' (Size = 256), @p10='?' (Size = 256), @p11='?' (DbType = Guid), @p12='?' (Size = 4000), @p13='?' (Size = 4000), @p14='?' (DbType = Boolean), @p15='?' (Size = 4000), @p16='?' (DbType = Boolean), @p17='?' (Size = 256)], CommandType='"Text"', CommandTimeout='30']
SET IMPLICIT_TRANSACTIONS OFF;
SET NOCOUNT ON;
INSERT INTO [AspNetUsers] ([Id], [AccessFailedCount], [ConcurrencyStamp], [DateOfBirth], [Email], [EmailConfirmed], [LockoutEnabled], [LockoutEnd], [Nationality], [NormalizedEmail], [NormalizedUserName], [OrganizationId], [PasswordHash], [PhoneNumber], [PhoneNumberConfirmed], [SecurityStamp], [TwoFactorEnabled], [UserName])
VALUES (@p0, @p1, @p2, @p3, @p4, @p5, @p6, @p7, @p8, @p9, @p10, @p11, @p12, @p13, @p14, @p15, @p16, @p17);
2024-09-22 06:04:48.589 +05:00 [INF] Setting HTTP status code 200.
2024-09-22 06:04:48.593 +05:00 [INF] Executed endpoint 'HTTP: POST api/identity/v1/register'
2024-09-22 06:04:48.615 +05:00 [INF] Request finished HTTP/1.1 POST http://localhost:5137/api/identity/v1/register - 200 0 null 731.8002ms
2024-09-22 06:06:26.650 +05:00 [INF] Request starting HTTP/1.1 POST http://localhost:5137/api/identity/v1/login - application/json 65
2024-09-22 06:06:26.662 +05:00 [INF] Executing endpoint 'HTTP: POST api/identity/v1/login'
2024-09-22 06:06:26.688 +05:00 [INF] Executed endpoint 'HTTP: POST api/identity/v1/login'
2024-09-22 06:06:27.058 +05:00 [ERR] Failed to read parameter "LoginRequest login" from the request body as JSON.
Microsoft.AspNetCore.Http.BadHttpRequestException: Failed to read parameter "LoginRequest login" from the request body as JSON.
 ---> System.Text.Json.JsonException: The JSON object contains a trailing comma at the end which is not supported in this mode. Change the reader options. Path: $ | LineNumber: 4 | BytePositionInLine: 0.
 ---> System.Text.Json.JsonReaderException: The JSON object contains a trailing comma at the end which is not supported in this mode. Change the reader options. LineNumber: 4 | BytePositionInLine: 0.
   at System.Text.Json.ThrowHelper.ThrowJsonReaderException(Utf8JsonReader& json, ExceptionResource resource, Byte nextByte, ReadOnlySpan`1 bytes)
   at System.Text.Json.Utf8JsonReader.ConsumeNextToken(Byte marker)
   at System.Text.Json.Utf8JsonReader.ConsumeNextTokenOrRollback(Byte marker)
   at System.Text.Json.Utf8JsonReader.ReadSingleSegment()
   at System.Text.Json.Utf8JsonReader.Read()
   at System.Text.Json.Serialization.Converters.ObjectWithParameterizedConstructorConverter`1.ReadConstructorArgumentsWithContinuation(ReadStack& state, Utf8JsonReader& reader, JsonSerializerOptions options)
   at System.Text.Json.Serialization.Converters.ObjectWithParameterizedConstructorConverter`1.OnTryRead(Utf8JsonReader& reader, Type typeToConvert, JsonSerializerOptions options, ReadStack& state, T& value)
   at System.Text.Json.Serialization.JsonConverter`1.TryRead(Utf8JsonReader& reader, Type typeToConvert, JsonSerializerOptions options, ReadStack& state, T& value, Boolean& isPopulatedValue)
   at System.Text.Json.Serialization.JsonConverter`1.ReadCore(Utf8JsonReader& reader, JsonSerializerOptions options, ReadStack& state)
   --- End of inner exception stack trace ---
   at System.Text.Json.ThrowHelper.ReThrowWithPath(ReadStack& state, JsonReaderException ex)
   at System.Text.Json.Serialization.JsonConverter`1.ReadCore(Utf8JsonReader& reader, JsonSerializerOptions options, ReadStack& state)
   at System.Text.Json.Serialization.Metadata.JsonTypeInfo`1.ContinueDeserialize(ReadBufferState& bufferState, JsonReaderState& jsonReaderState, ReadStack& readStack)
   at System.Text.Json.Serialization.Metadata.JsonTypeInfo`1.DeserializeAsync(Stream utf8Json, CancellationToken cancellationToken)
   at Microsoft.AspNetCore.Http.HttpRequestJsonExtensions.ReadFromJsonAsync[TValue](HttpRequest request, JsonTypeInfo`1 jsonTypeInfo, CancellationToken cancellationToken)
   at Microsoft.AspNetCore.Http.HttpRequestJsonExtensions.ReadFromJsonAsync[TValue](HttpRequest request, JsonTypeInfo`1 jsonTypeInfo, CancellationToken cancellationToken)
   at Microsoft.AspNetCore.Http.Generated.<GeneratedRouteBuilderExtensions_g>F69328E0708B4B584C5AACA22FE2C51A1CF192D6622828F613FC57C583CA77B63__GeneratedRouteBuilderExtensionsCore.TryResolveBodyAsync[T](HttpContext httpContext, <GeneratedRouteBuilderExtensions_g>F69328E0708B4B584C5AACA22FE2C51A1CF192D6622828F613FC57C583CA77B63__LogOrThrowExceptionHelper logOrThrowExceptionHelper, Boolean allowEmpty, String parameterTypeName, String parameterName, JsonTypeInfo`1 jsonTypeInfo, Boolean isInferred)
   --- End of inner exception stack trace ---
   at Microsoft.AspNetCore.Http.Generated.<GeneratedRouteBuilderExtensions_g>F69328E0708B4B584C5AACA22FE2C51A1CF192D6622828F613FC57C583CA77B63__LogOrThrowExceptionHelper.InvalidJsonRequestBody(String parameterTypeName, String parameterName, Exception exception)
   at Microsoft.AspNetCore.Http.Generated.<GeneratedRouteBuilderExtensions_g>F69328E0708B4B584C5AACA22FE2C51A1CF192D6622828F613FC57C583CA77B63__GeneratedRouteBuilderExtensionsCore.TryResolveBodyAsync[T](HttpContext httpContext, <GeneratedRouteBuilderExtensions_g>F69328E0708B4B584C5AACA22FE2C51A1CF192D6622828F613FC57C583CA77B63__LogOrThrowExceptionHelper logOrThrowExceptionHelper, Boolean allowEmpty, String parameterTypeName, String parameterName, JsonTypeInfo`1 jsonTypeInfo, Boolean isInferred)
   at Microsoft.AspNetCore.Http.Generated.<GeneratedRouteBuilderExtensions_g>F69328E0708B4B584C5AACA22FE2C51A1CF192D6622828F613FC57C583CA77B63__GeneratedRouteBuilderExtensionsCore.<>c__DisplayClass4_0.<<MapPost1>g__RequestHandler|4>d.MoveNext()
--- End of stack trace from previous location ---
   at Microsoft.AspNetCore.Routing.EndpointMiddleware.<Invoke>g__AwaitRequestTask|7_0(Endpoint endpoint, Task requestTask, ILogger logger)
   at Microsoft.AspNetCore.Authorization.AuthorizationMiddleware.Invoke(HttpContext context)
   at Swashbuckle.AspNetCore.SwaggerUI.SwaggerUIMiddleware.Invoke(HttpContext httpContext)
   at Swashbuckle.AspNetCore.Swagger.SwaggerMiddleware.Invoke(HttpContext httpContext, ISwaggerProvider swaggerProvider)
   at DynamiqCore.API.Middlewares.ErrorHandlingMiddleware.InvokeAsync(HttpContext context, RequestDelegate next) in D:\Personal\Repos\DynamiqCore\DynamiqCore.API\Middlewares\ErrorHandlingMiddleware.cs:line 9
2024-09-22 06:06:27.123 +05:00 [INF] Request finished HTTP/1.1 POST http://localhost:5137/api/identity/v1/login - 500 null null 474.2632ms
2024-09-22 06:07:12.991 +05:00 [INF] Request starting HTTP/1.1 POST http://localhost:5137/api/identity/v1/login - application/json 64
2024-09-22 06:07:13.010 +05:00 [INF] Executing endpoint 'HTTP: POST api/identity/v1/login'
2024-09-22 06:07:13.054 +05:00 [INF] Executed DbCommand (4ms) [Parameters=[@__normalizedUserName_0='?' (Size = 256)], CommandType='"Text"', CommandTimeout='30']
SELECT TOP(1) [a].[Id], [a].[AccessFailedCount], [a].[ConcurrencyStamp], [a].[DateOfBirth], [a].[Email], [a].[EmailConfirmed], [a].[LockoutEnabled], [a].[LockoutEnd], [a].[Nationality], [a].[NormalizedEmail], [a].[NormalizedUserName], [a].[OrganizationId], [a].[PasswordHash], [a].[PhoneNumber], [a].[PhoneNumberConfirmed], [a].[SecurityStamp], [a].[TwoFactorEnabled], [a].[UserName]
FROM [AspNetUsers] AS [a]
WHERE [a].[NormalizedUserName] = @__normalizedUserName_0
2024-09-22 06:07:13.176 +05:00 [INF] Executed DbCommand (2ms) [Parameters=[@__normalizedUserName_0='?' (Size = 256)], CommandType='"Text"', CommandTimeout='30']
SELECT TOP(1) [a].[Id], [a].[AccessFailedCount], [a].[ConcurrencyStamp], [a].[DateOfBirth], [a].[Email], [a].[EmailConfirmed], [a].[LockoutEnabled], [a].[LockoutEnd], [a].[Nationality], [a].[NormalizedEmail], [a].[NormalizedUserName], [a].[OrganizationId], [a].[PasswordHash], [a].[PhoneNumber], [a].[PhoneNumberConfirmed], [a].[SecurityStamp], [a].[TwoFactorEnabled], [a].[UserName]
FROM [AspNetUsers] AS [a]
WHERE [a].[NormalizedUserName] = @__normalizedUserName_0
2024-09-22 06:07:13.212 +05:00 [INF] Executed DbCommand (10ms) [Parameters=[@p17='?' (Size = 450), @p0='?' (DbType = Int32), @p1='?' (Size = 4000), @p18='?' (Size = 4000), @p2='?' (DbType = Date), @p3='?' (Size = 256), @p4='?' (DbType = Boolean), @p5='?' (DbType = Boolean), @p6='?' (DbType = DateTimeOffset), @p7='?' (Size = 4000), @p8='?' (Size = 256), @p9='?' (Size = 256), @p10='?' (DbType = Guid), @p11='?' (Size = 4000), @p12='?' (Size = 4000), @p13='?' (DbType = Boolean), @p14='?' (Size = 4000), @p15='?' (DbType = Boolean), @p16='?' (Size = 256)], CommandType='"Text"', CommandTimeout='30']
SET IMPLICIT_TRANSACTIONS OFF;
SET NOCOUNT ON;
UPDATE [AspNetUsers] SET [AccessFailedCount] = @p0, [ConcurrencyStamp] = @p1, [DateOfBirth] = @p2, [Email] = @p3, [EmailConfirmed] = @p4, [LockoutEnabled] = @p5, [LockoutEnd] = @p6, [Nationality] = @p7, [NormalizedEmail] = @p8, [NormalizedUserName] = @p9, [OrganizationId] = @p10, [PasswordHash] = @p11, [PhoneNumber] = @p12, [PhoneNumberConfirmed] = @p13, [SecurityStamp] = @p14, [TwoFactorEnabled] = @p15, [UserName] = @p16
OUTPUT 1
WHERE [Id] = @p17 AND [ConcurrencyStamp] = @p18;
2024-09-22 06:07:13.229 +05:00 [INF] Setting HTTP status code 401.
2024-09-22 06:07:13.243 +05:00 [INF] Writing value of type 'ProblemDetails' as Json.
2024-09-22 06:07:13.251 +05:00 [INF] Executed endpoint 'HTTP: POST api/identity/v1/login'
2024-09-22 06:07:13.255 +05:00 [INF] Request finished HTTP/1.1 POST http://localhost:5137/api/identity/v1/login - 401 null application/problem+json 264.3547ms
2024-09-22 06:07:33.883 +05:00 [INF] Request starting HTTP/1.1 POST http://localhost:5137/api/identity/v1/login - application/json 64
2024-09-22 06:07:33.899 +05:00 [INF] Executing endpoint 'HTTP: POST api/identity/v1/login'
2024-09-22 06:07:33.914 +05:00 [INF] Executed DbCommand (3ms) [Parameters=[@__normalizedUserName_0='?' (Size = 256)], CommandType='"Text"', CommandTimeout='30']
SELECT TOP(1) [a].[Id], [a].[AccessFailedCount], [a].[ConcurrencyStamp], [a].[DateOfBirth], [a].[Email], [a].[EmailConfirmed], [a].[LockoutEnabled], [a].[LockoutEnd], [a].[Nationality], [a].[NormalizedEmail], [a].[NormalizedUserName], [a].[OrganizationId], [a].[PasswordHash], [a].[PhoneNumber], [a].[PhoneNumberConfirmed], [a].[SecurityStamp], [a].[TwoFactorEnabled], [a].[UserName]
FROM [AspNetUsers] AS [a]
WHERE [a].[NormalizedUserName] = @__normalizedUserName_0
2024-09-22 06:07:34.023 +05:00 [INF] Executed DbCommand (1ms) [Parameters=[@__normalizedUserName_0='?' (Size = 256)], CommandType='"Text"', CommandTimeout='30']
SELECT TOP(1) [a].[Id], [a].[AccessFailedCount], [a].[ConcurrencyStamp], [a].[DateOfBirth], [a].[Email], [a].[EmailConfirmed], [a].[LockoutEnabled], [a].[LockoutEnd], [a].[Nationality], [a].[NormalizedEmail], [a].[NormalizedUserName], [a].[OrganizationId], [a].[PasswordHash], [a].[PhoneNumber], [a].[PhoneNumberConfirmed], [a].[SecurityStamp], [a].[TwoFactorEnabled], [a].[UserName]
FROM [AspNetUsers] AS [a]
WHERE [a].[NormalizedUserName] = @__normalizedUserName_0
2024-09-22 06:07:34.032 +05:00 [INF] Executed DbCommand (2ms) [Parameters=[@p17='?' (Size = 450), @p0='?' (DbType = Int32), @p1='?' (Size = 4000), @p18='?' (Size = 4000), @p2='?' (DbType = Date), @p3='?' (Size = 256), @p4='?' (DbType = Boolean), @p5='?' (DbType = Boolean), @p6='?' (DbType = DateTimeOffset), @p7='?' (Size = 4000), @p8='?' (Size = 256), @p9='?' (Size = 256), @p10='?' (DbType = Guid), @p11='?' (Size = 4000), @p12='?' (Size = 4000), @p13='?' (DbType = Boolean), @p14='?' (Size = 4000), @p15='?' (DbType = Boolean), @p16='?' (Size = 256)], CommandType='"Text"', CommandTimeout='30']
SET IMPLICIT_TRANSACTIONS OFF;
SET NOCOUNT ON;
UPDATE [AspNetUsers] SET [AccessFailedCount] = @p0, [ConcurrencyStamp] = @p1, [DateOfBirth] = @p2, [Email] = @p3, [EmailConfirmed] = @p4, [LockoutEnabled] = @p5, [LockoutEnd] = @p6, [Nationality] = @p7, [NormalizedEmail] = @p8, [NormalizedUserName] = @p9, [OrganizationId] = @p10, [PasswordHash] = @p11, [PhoneNumber] = @p12, [PhoneNumberConfirmed] = @p13, [SecurityStamp] = @p14, [TwoFactorEnabled] = @p15, [UserName] = @p16
OUTPUT 1
WHERE [Id] = @p17 AND [ConcurrencyStamp] = @p18;
2024-09-22 06:07:34.092 +05:00 [INF] Executed DbCommand (3ms) [Parameters=[@__user_Id_0='?' (Size = 450)], CommandType='"Text"', CommandTimeout='30']
SELECT [a].[Id], [a].[ClaimType], [a].[ClaimValue], [a].[UserId]
FROM [AspNetUserClaims] AS [a]
WHERE [a].[UserId] = @__user_Id_0
2024-09-22 06:07:34.134 +05:00 [INF] Executed DbCommand (4ms) [Parameters=[@__userId_0='?' (Size = 450)], CommandType='"Text"', CommandTimeout='30']
SELECT [a0].[Name]
FROM [AspNetUserRoles] AS [a]
INNER JOIN [AspNetRoles] AS [a0] ON [a].[RoleId] = [a0].[Id]
WHERE [a].[UserId] = @__userId_0
2024-09-22 06:07:34.151 +05:00 [INF] AuthenticationScheme: Identity.Bearer signed in.
2024-09-22 06:07:34.165 +05:00 [INF] Executed endpoint 'HTTP: POST api/identity/v1/login'
2024-09-22 06:07:34.169 +05:00 [INF] Request finished HTTP/1.1 POST http://localhost:5137/api/identity/v1/login - 200 null application/json; charset=utf-8 285.8914ms
2024-09-22 06:30:57.941 +05:00 [INF] Executed DbCommand (61ms) [Parameters=[], CommandType='"Text"', CommandTimeout='30']
SELECT 1
2024-09-22 06:30:58.381 +05:00 [INF] Executed DbCommand (14ms) [Parameters=[], CommandType='"Text"', CommandTimeout='30']
SELECT CASE
    WHEN EXISTS (
        SELECT 1
        FROM [AspNetRoles] AS [a]) THEN CAST(1 AS bit)
    ELSE CAST(0 AS bit)
END
2024-09-22 06:30:58.468 +05:00 [INF] User profile is available. Using 'C:\Users\naveed\AppData\Local\ASP.NET\DataProtection-Keys' as key repository and Windows DPAPI to encrypt keys at rest.
2024-09-22 06:30:58.823 +05:00 [INF] Now listening on: http://localhost:5137
2024-09-22 06:30:58.828 +05:00 [INF] Application started. Press Ctrl+C to shut down.
2024-09-22 06:30:58.830 +05:00 [INF] Hosting environment: Development
2024-09-22 06:30:58.832 +05:00 [INF] Content root path: D:\Personal\Repos\DynamiqCore\DynamiqCore.API
2024-09-22 06:31:00.474 +05:00 [INF] Request starting HTTP/1.1 GET http://localhost:5137/weatherforecast - null null
2024-09-22 06:31:00.590 +05:00 [WRN] Failed to determine the https port for redirect.
2024-09-22 06:31:00.595 +05:00 [INF] Executing endpoint 'DynamiqCore.API.Controllers.WeatherForecastController.Get (DynamiqCore.API)'
2024-09-22 06:31:00.631 +05:00 [INF] Route matched with {action = "Get", controller = "WeatherForecast"}. Executing controller action with signature System.Collections.Generic.IEnumerable`1[DynamiqCore.API.WeatherForecast] Get() on controller DynamiqCore.API.Controllers.WeatherForecastController (DynamiqCore.API).
2024-09-22 06:31:00.644 +05:00 [INF] Executing action method DynamiqCore.API.Controllers.WeatherForecastController.Get (DynamiqCore.API) - Validation state: "Valid"
2024-09-22 06:31:00.653 +05:00 [INF] Executed action method DynamiqCore.API.Controllers.WeatherForecastController.Get (DynamiqCore.API), returned result Microsoft.AspNetCore.Mvc.ObjectResult in 3.0371ms.
2024-09-22 06:31:00.674 +05:00 [INF] Executing ObjectResult, writing value of type 'DynamiqCore.API.WeatherForecast[]'.
2024-09-22 06:31:00.733 +05:00 [INF] Executed action DynamiqCore.API.Controllers.WeatherForecastController.Get (DynamiqCore.API) in 93.447ms
2024-09-22 06:31:00.736 +05:00 [INF] Executed endpoint 'DynamiqCore.API.Controllers.WeatherForecastController.Get (DynamiqCore.API)'
2024-09-22 06:31:00.740 +05:00 [INF] Request finished HTTP/1.1 GET http://localhost:5137/weatherforecast - 200 null application/json; charset=utf-8 269.5769ms
2024-09-22 06:31:12.500 +05:00 [INF] Request starting HTTP/1.1 POST http://localhost:5137/api/identity/v1/AssignRoleToUser - application/json 68
2024-09-22 06:31:12.521 +05:00 [INF] Authorization failed. These requirements were not met:
RolesAuthorizationRequirement:User.IsInRole must be true for one of the following roles: (SystemAdmin)
RolesAuthorizationRequirement:User.IsInRole must be true for one of the following roles: (SystemAdmin)
2024-09-22 06:31:12.526 +05:00 [INF] AuthenticationScheme: Identity.Bearer was forbidden.
2024-09-22 06:31:12.529 +05:00 [INF] Request finished HTTP/1.1 POST http://localhost:5137/api/identity/v1/AssignRoleToUser - 403 0 null 28.4593ms
2024-09-22 06:31:28.833 +05:00 [INF] Request starting HTTP/1.1 POST http://localhost:5137/api/identity/v1/login - application/json 64
2024-09-22 06:31:28.843 +05:00 [INF] Executing endpoint 'HTTP: POST api/identity/v1/login'
2024-09-22 06:31:29.042 +05:00 [INF] Executed DbCommand (45ms) [Parameters=[@__normalizedUserName_0='?' (Size = 256)], CommandType='"Text"', CommandTimeout='30']
SELECT TOP(1) [a].[Id], [a].[AccessFailedCount], [a].[ConcurrencyStamp], [a].[DateOfBirth], [a].[Email], [a].[EmailConfirmed], [a].[LockoutEnabled], [a].[LockoutEnd], [a].[Nationality], [a].[NormalizedEmail], [a].[NormalizedUserName], [a].[OrganizationId], [a].[PasswordHash], [a].[PhoneNumber], [a].[PhoneNumberConfirmed], [a].[SecurityStamp], [a].[TwoFactorEnabled], [a].[UserName]
FROM [AspNetUsers] AS [a]
WHERE [a].[NormalizedUserName] = @__normalizedUserName_0
2024-09-22 06:31:29.307 +05:00 [INF] Executed DbCommand (3ms) [Parameters=[@__user_Id_0='?' (Size = 450)], CommandType='"Text"', CommandTimeout='30']
SELECT [a].[Id], [a].[ClaimType], [a].[ClaimValue], [a].[UserId]
FROM [AspNetUserClaims] AS [a]
WHERE [a].[UserId] = @__user_Id_0
2024-09-22 06:31:29.346 +05:00 [INF] Executed DbCommand (3ms) [Parameters=[@__userId_0='?' (Size = 450)], CommandType='"Text"', CommandTimeout='30']
SELECT [a0].[Name]
FROM [AspNetUserRoles] AS [a]
INNER JOIN [AspNetRoles] AS [a0] ON [a].[RoleId] = [a0].[Id]
WHERE [a].[UserId] = @__userId_0
2024-09-22 06:31:29.361 +05:00 [INF] AuthenticationScheme: Identity.Bearer signed in.
2024-09-22 06:31:29.378 +05:00 [INF] Executed endpoint 'HTTP: POST api/identity/v1/login'
2024-09-22 06:31:29.396 +05:00 [INF] Request finished HTTP/1.1 POST http://localhost:5137/api/identity/v1/login - 200 null application/json; charset=utf-8 563.1344ms
2024-09-22 06:31:59.558 +05:00 [INF] Request starting HTTP/1.1 POST http://localhost:5137/api/identity/v1/AssignRoleToUser - application/json 68
2024-09-22 06:31:59.574 +05:00 [INF] Authorization failed. These requirements were not met:
RolesAuthorizationRequirement:User.IsInRole must be true for one of the following roles: (SystemAdmin)
RolesAuthorizationRequirement:User.IsInRole must be true for one of the following roles: (SystemAdmin)
2024-09-22 06:31:59.577 +05:00 [INF] AuthenticationScheme: Identity.Bearer was forbidden.
2024-09-22 06:31:59.579 +05:00 [INF] Request finished HTTP/1.1 POST http://localhost:5137/api/identity/v1/AssignRoleToUser - 403 0 null 21.7632ms
2024-09-22 06:32:44.997 +05:00 [INF] Request starting HTTP/1.1 POST http://localhost:5137/api/identity/v1/login - application/json 73
2024-09-22 06:32:45.005 +05:00 [INF] Executing endpoint 'HTTP: POST api/identity/v1/login'
2024-09-22 06:32:45.060 +05:00 [INF] Executed DbCommand (5ms) [Parameters=[@__normalizedUserName_0='?' (Size = 256)], CommandType='"Text"', CommandTimeout='30']
SELECT TOP(1) [a].[Id], [a].[AccessFailedCount], [a].[ConcurrencyStamp], [a].[DateOfBirth], [a].[Email], [a].[EmailConfirmed], [a].[LockoutEnabled], [a].[LockoutEnd], [a].[Nationality], [a].[NormalizedEmail], [a].[NormalizedUserName], [a].[OrganizationId], [a].[PasswordHash], [a].[PhoneNumber], [a].[PhoneNumberConfirmed], [a].[SecurityStamp], [a].[TwoFactorEnabled], [a].[UserName]
FROM [AspNetUsers] AS [a]
WHERE [a].[NormalizedUserName] = @__normalizedUserName_0
2024-09-22 06:32:45.185 +05:00 [INF] Executed DbCommand (2ms) [Parameters=[@__user_Id_0='?' (Size = 450)], CommandType='"Text"', CommandTimeout='30']
SELECT [a].[Id], [a].[ClaimType], [a].[ClaimValue], [a].[UserId]
FROM [AspNetUserClaims] AS [a]
WHERE [a].[UserId] = @__user_Id_0
2024-09-22 06:32:45.194 +05:00 [INF] Executed DbCommand (4ms) [Parameters=[@__userId_0='?' (Size = 450)], CommandType='"Text"', CommandTimeout='30']
SELECT [a0].[Name]
FROM [AspNetUserRoles] AS [a]
INNER JOIN [AspNetRoles] AS [a0] ON [a].[RoleId] = [a0].[Id]
WHERE [a].[UserId] = @__userId_0
2024-09-22 06:32:45.210 +05:00 [INF] Executed DbCommand (3ms) [Parameters=[@__normalizedName_0='?' (Size = 256)], CommandType='"Text"', CommandTimeout='30']
SELECT TOP(1) [a].[Id], [a].[ConcurrencyStamp], [a].[Name], [a].[NormalizedName]
FROM [AspNetRoles] AS [a]
WHERE [a].[NormalizedName] = @__normalizedName_0
2024-09-22 06:32:45.234 +05:00 [INF] Executed DbCommand (3ms) [Parameters=[@__role_Id_0='?' (Size = 450)], CommandType='"Text"', CommandTimeout='30']
SELECT [a].[ClaimType], [a].[ClaimValue]
FROM [AspNetRoleClaims] AS [a]
WHERE [a].[RoleId] = @__role_Id_0
2024-09-22 06:32:45.240 +05:00 [INF] Executed DbCommand (1ms) [Parameters=[@__normalizedName_0='?' (Size = 256)], CommandType='"Text"', CommandTimeout='30']
SELECT TOP(1) [a].[Id], [a].[ConcurrencyStamp], [a].[Name], [a].[NormalizedName]
FROM [AspNetRoles] AS [a]
WHERE [a].[NormalizedName] = @__normalizedName_0
2024-09-22 06:32:45.245 +05:00 [INF] Executed DbCommand (1ms) [Parameters=[@__role_Id_0='?' (Size = 450)], CommandType='"Text"', CommandTimeout='30']
SELECT [a].[ClaimType], [a].[ClaimValue]
FROM [AspNetRoleClaims] AS [a]
WHERE [a].[RoleId] = @__role_Id_0
2024-09-22 06:32:45.249 +05:00 [INF] AuthenticationScheme: Identity.Bearer signed in.
2024-09-22 06:32:45.251 +05:00 [INF] Executed endpoint 'HTTP: POST api/identity/v1/login'
2024-09-22 06:32:45.253 +05:00 [INF] Request finished HTTP/1.1 POST http://localhost:5137/api/identity/v1/login - 200 null application/json; charset=utf-8 258.8744ms
2024-09-22 06:33:04.903 +05:00 [INF] Request starting HTTP/1.1 POST http://localhost:5137/api/identity/v1/AssignRoleToUser - application/json 68
2024-09-22 06:33:04.909 +05:00 [INF] Executing endpoint 'DynamiqCore.API.Controllers.IdentityController.AssignUserRole (DynamiqCore.API)'
2024-09-22 06:33:04.929 +05:00 [INF] Route matched with {action = "AssignUserRole", controller = "Identity"}. Executing controller action with signature System.Threading.Tasks.Task`1[Microsoft.AspNetCore.Mvc.IActionResult] AssignUserRole(DynamiqCore.Application.Users.Commands.AssignUserRole.AssignUserRoleCommand) on controller DynamiqCore.API.Controllers.IdentityController (DynamiqCore.API).
2024-09-22 06:33:05.017 +05:00 [INF] Executing action method DynamiqCore.API.Controllers.IdentityController.AssignUserRole (DynamiqCore.API) - Validation state: "Valid"
2024-09-22 06:33:32.994 +05:00 [INF] Assigning user role: {"UserEmail":"test@test.com","RoleName":"Organizationuser","$type":"AssignUserRoleCommand"}
2024-09-22 06:33:33.824 +05:00 [INF] Executed DbCommand (4ms) [Parameters=[@__normalizedEmail_0='?' (Size = 256)], CommandType='"Text"', CommandTimeout='30']
SELECT TOP(2) [a].[Id], [a].[AccessFailedCount], [a].[ConcurrencyStamp], [a].[DateOfBirth], [a].[Email], [a].[EmailConfirmed], [a].[LockoutEnabled], [a].[LockoutEnd], [a].[Nationality], [a].[NormalizedEmail], [a].[NormalizedUserName], [a].[OrganizationId], [a].[PasswordHash], [a].[PhoneNumber], [a].[PhoneNumberConfirmed], [a].[SecurityStamp], [a].[TwoFactorEnabled], [a].[UserName]
FROM [AspNetUsers] AS [a]
WHERE [a].[NormalizedEmail] = @__normalizedEmail_0
2024-09-22 06:33:37.426 +05:00 [INF] Executed DbCommand (19ms) [Parameters=[@__normalizedName_0='?' (Size = 256)], CommandType='"Text"', CommandTimeout='30']
SELECT TOP(1) [a].[Id], [a].[ConcurrencyStamp], [a].[Name], [a].[NormalizedName]
FROM [AspNetRoles] AS [a]
WHERE [a].[NormalizedName] = @__normalizedName_0
2024-09-22 06:33:40.962 +05:00 [INF] Executed DbCommand (4ms) [Parameters=[@__normalizedRoleName_0='?' (Size = 256)], CommandType='"Text"', CommandTimeout='30']
SELECT TOP(2) [a].[Id], [a].[ConcurrencyStamp], [a].[Name], [a].[NormalizedName]
FROM [AspNetRoles] AS [a]
WHERE [a].[NormalizedName] = @__normalizedRoleName_0
2024-09-22 06:33:41.070 +05:00 [INF] Executed DbCommand (2ms) [Parameters=[@__p_0='?' (Size = 450), @__p_1='?' (Size = 450)], CommandType='"Text"', CommandTimeout='30']
SELECT TOP(1) [a].[UserId], [a].[RoleId]
FROM [AspNetUserRoles] AS [a]
WHERE [a].[UserId] = @__p_0 AND [a].[RoleId] = @__p_1
2024-09-22 06:33:41.079 +05:00 [INF] Executed DbCommand (1ms) [Parameters=[@__normalizedRoleName_0='?' (Size = 256)], CommandType='"Text"', CommandTimeout='30']
SELECT TOP(2) [a].[Id], [a].[ConcurrencyStamp], [a].[Name], [a].[NormalizedName]
FROM [AspNetRoles] AS [a]
WHERE [a].[NormalizedName] = @__normalizedRoleName_0
2024-09-22 06:33:41.117 +05:00 [INF] Executed DbCommand (3ms) [Parameters=[@__normalizedUserName_0='?' (Size = 256)], CommandType='"Text"', CommandTimeout='30']
SELECT TOP(1) [a].[Id], [a].[AccessFailedCount], [a].[ConcurrencyStamp], [a].[DateOfBirth], [a].[Email], [a].[EmailConfirmed], [a].[LockoutEnabled], [a].[LockoutEnd], [a].[Nationality], [a].[NormalizedEmail], [a].[NormalizedUserName], [a].[OrganizationId], [a].[PasswordHash], [a].[PhoneNumber], [a].[PhoneNumberConfirmed], [a].[SecurityStamp], [a].[TwoFactorEnabled], [a].[UserName]
FROM [AspNetUsers] AS [a]
WHERE [a].[NormalizedUserName] = @__normalizedUserName_0
2024-09-22 06:33:41.307 +05:00 [INF] Executed DbCommand (10ms) [Parameters=[@p0='?' (Size = 450), @p1='?' (Size = 450), @p19='?' (Size = 450), @p2='?' (DbType = Int32), @p3='?' (Size = 4000), @p20='?' (Size = 4000), @p4='?' (DbType = Date), @p5='?' (Size = 256), @p6='?' (DbType = Boolean), @p7='?' (DbType = Boolean), @p8='?' (DbType = DateTimeOffset), @p9='?' (Size = 4000), @p10='?' (Size = 256), @p11='?' (Size = 256), @p12='?' (DbType = Guid), @p13='?' (Size = 4000), @p14='?' (Size = 4000), @p15='?' (DbType = Boolean), @p16='?' (Size = 4000), @p17='?' (DbType = Boolean), @p18='?' (Size = 256)], CommandType='"Text"', CommandTimeout='30']
SET NOCOUNT ON;
INSERT INTO [AspNetUserRoles] ([RoleId], [UserId])
VALUES (@p0, @p1);
UPDATE [AspNetUsers] SET [AccessFailedCount] = @p2, [ConcurrencyStamp] = @p3, [DateOfBirth] = @p4, [Email] = @p5, [EmailConfirmed] = @p6, [LockoutEnabled] = @p7, [LockoutEnd] = @p8, [Nationality] = @p9, [NormalizedEmail] = @p10, [NormalizedUserName] = @p11, [OrganizationId] = @p12, [PasswordHash] = @p13, [PhoneNumber] = @p14, [PhoneNumberConfirmed] = @p15, [SecurityStamp] = @p16, [TwoFactorEnabled] = @p17, [UserName] = @p18
OUTPUT 1
WHERE [Id] = @p19 AND [ConcurrencyStamp] = @p20;
2024-09-22 06:33:44.323 +05:00 [INF] Executed action method DynamiqCore.API.Controllers.IdentityController.AssignUserRole (DynamiqCore.API), returned result Microsoft.AspNetCore.Mvc.NoContentResult in 39303.4377ms.
2024-09-22 06:33:44.332 +05:00 [INF] Executing StatusCodeResult, setting HTTP status code 204
2024-09-22 06:33:44.335 +05:00 [INF] Executed action DynamiqCore.API.Controllers.IdentityController.AssignUserRole (DynamiqCore.API) in 39402.3205ms
2024-09-22 06:33:44.338 +05:00 [INF] Executed endpoint 'DynamiqCore.API.Controllers.IdentityController.AssignUserRole (DynamiqCore.API)'
2024-09-22 06:33:44.339 +05:00 [INF] Request finished HTTP/1.1 POST http://localhost:5137/api/identity/v1/AssignRoleToUser - 204 null null 39435.1639ms
2024-09-22 06:35:53.607 +05:00 [INF] Request starting HTTP/1.1 POST http://localhost:5137/api/identity/v1/AssignRoleToUser - application/json 69
2024-09-22 06:35:53.620 +05:00 [INF] Executing endpoint 'DynamiqCore.API.Controllers.IdentityController.AssignUserRole (DynamiqCore.API)'
2024-09-22 06:35:53.622 +05:00 [INF] Route matched with {action = "AssignUserRole", controller = "Identity"}. Executing controller action with signature System.Threading.Tasks.Task`1[Microsoft.AspNetCore.Mvc.IActionResult] AssignUserRole(DynamiqCore.Application.Users.Commands.AssignUserRole.AssignUserRoleCommand) on controller DynamiqCore.API.Controllers.IdentityController (DynamiqCore.API).
2024-09-22 06:35:53.637 +05:00 [INF] Executing action method DynamiqCore.API.Controllers.IdentityController.AssignUserRole (DynamiqCore.API) - Validation state: "Valid"
2024-09-22 06:35:59.410 +05:00 [INF] Assigning user role: {"UserEmail":"test@test.com","RoleName":"Organizationuser1","$type":"AssignUserRoleCommand"}
2024-09-22 06:36:01.460 +05:00 [INF] Executed DbCommand (65ms) [Parameters=[@__normalizedEmail_0='?' (Size = 256)], CommandType='"Text"', CommandTimeout='30']
SELECT TOP(2) [a].[Id], [a].[AccessFailedCount], [a].[ConcurrencyStamp], [a].[DateOfBirth], [a].[Email], [a].[EmailConfirmed], [a].[LockoutEnabled], [a].[LockoutEnd], [a].[Nationality], [a].[NormalizedEmail], [a].[NormalizedUserName], [a].[OrganizationId], [a].[PasswordHash], [a].[PhoneNumber], [a].[PhoneNumberConfirmed], [a].[SecurityStamp], [a].[TwoFactorEnabled], [a].[UserName]
FROM [AspNetUsers] AS [a]
WHERE [a].[NormalizedEmail] = @__normalizedEmail_0
2024-09-22 06:36:03.098 +05:00 [INF] Executed DbCommand (28ms) [Parameters=[@__normalizedName_0='?' (Size = 256)], CommandType='"Text"', CommandTimeout='30']
SELECT TOP(1) [a].[Id], [a].[ConcurrencyStamp], [a].[Name], [a].[NormalizedName]
FROM [AspNetRoles] AS [a]
WHERE [a].[NormalizedName] = @__normalizedName_0
2024-09-22 06:36:10.966 +05:00 [INF] Executed action DynamiqCore.API.Controllers.IdentityController.AssignUserRole (DynamiqCore.API) in 17340.3392ms
2024-09-22 06:36:10.969 +05:00 [INF] Executed endpoint 'DynamiqCore.API.Controllers.IdentityController.AssignUserRole (DynamiqCore.API)'
2024-09-22 06:36:11.100 +05:00 [ERR] IdentityRole with id: Organizationuser1 doesn't exist
DynamiqCore.Domain.Exceptions.NotFoundException: IdentityRole with id: Organizationuser1 doesn't exist
   at DynamiqCore.Application.Users.Commands.AssignUserRole.AssignUserRoleCommandHandler.Handle(AssignUserRoleCommand request, CancellationToken cancellationToken) in D:\Personal\Repos\DynamiqCore\DynamiqCore.Application\Users\Commands\UpdateUserDetails\AssignUserRoleCommandHandler.cs:line 20
   at MediatR.Wrappers.RequestHandlerWrapperImpl`1.<>c__DisplayClass1_0.<<Handle>g__Handler|0>d.MoveNext()
--- End of stack trace from previous location ---
   at DynamiqCore.API.Controllers.IdentityController.AssignUserRole(AssignUserRoleCommand command) in D:\Personal\Repos\DynamiqCore\DynamiqCore.API\Controllers\IdentityController.cs:line 26
   at Microsoft.AspNetCore.Mvc.Infrastructure.ActionMethodExecutor.TaskOfIActionResultExecutor.Execute(ActionContext actionContext, IActionResultTypeMapper mapper, ObjectMethodExecutor executor, Object controller, Object[] arguments)
   at Microsoft.AspNetCore.Mvc.Infrastructure.ControllerActionInvoker.<InvokeActionMethodAsync>g__Logged|12_1(ControllerActionInvoker invoker)
   at Microsoft.AspNetCore.Mvc.Infrastructure.ControllerActionInvoker.<InvokeNextActionFilterAsync>g__Awaited|10_0(ControllerActionInvoker invoker, Task lastTask, State next, Scope scope, Object state, Boolean isCompleted)
   at Microsoft.AspNetCore.Mvc.Infrastructure.ControllerActionInvoker.Rethrow(ActionExecutedContextSealed context)
   at Microsoft.AspNetCore.Mvc.Infrastructure.ControllerActionInvoker.Next(State& next, Scope& scope, Object& state, Boolean& isCompleted)
   at Microsoft.AspNetCore.Mvc.Infrastructure.ControllerActionInvoker.<InvokeInnerFilterAsync>g__Awaited|13_0(ControllerActionInvoker invoker, Task lastTask, State next, Scope scope, Object state, Boolean isCompleted)
   at Microsoft.AspNetCore.Mvc.Infrastructure.ResourceInvoker.<InvokeFilterPipelineAsync>g__Awaited|20_0(ResourceInvoker invoker, Task lastTask, State next, Scope scope, Object state, Boolean isCompleted)
   at Microsoft.AspNetCore.Mvc.Infrastructure.ResourceInvoker.<InvokeAsync>g__Logged|17_1(ResourceInvoker invoker)
   at Microsoft.AspNetCore.Mvc.Infrastructure.ResourceInvoker.<InvokeAsync>g__Logged|17_1(ResourceInvoker invoker)
   at Microsoft.AspNetCore.Routing.EndpointMiddleware.<Invoke>g__AwaitRequestTask|7_0(Endpoint endpoint, Task requestTask, ILogger logger)
   at Microsoft.AspNetCore.Authorization.AuthorizationMiddleware.Invoke(HttpContext context)
   at Swashbuckle.AspNetCore.SwaggerUI.SwaggerUIMiddleware.Invoke(HttpContext httpContext)
   at Swashbuckle.AspNetCore.Swagger.SwaggerMiddleware.Invoke(HttpContext httpContext, ISwaggerProvider swaggerProvider)
   at DynamiqCore.API.Middlewares.ErrorHandlingMiddleware.InvokeAsync(HttpContext context, RequestDelegate next) in D:\Personal\Repos\DynamiqCore\DynamiqCore.API\Middlewares\ErrorHandlingMiddleware.cs:line 9
2024-09-22 06:36:11.115 +05:00 [INF] Request finished HTTP/1.1 POST http://localhost:5137/api/identity/v1/AssignRoleToUser - 500 null null 17507.8534ms
