2024-12-29 21:13:30.083 +05:00 [INF] Executed DbCommand (31ms) [Parameters=[], CommandType='"Text"', CommandTimeout='30']
SELECT 1
2024-12-29 21:13:30.387 +05:00 [INF] Executed DbCommand (8ms) [Parameters=[], CommandType='"Text"', CommandTimeout='30']
SELECT CASE
    WHEN EXISTS (
        SELECT 1
        FROM [AspNetRoles] AS [a]) THEN CAST(1 AS bit)
    ELSE CAST(0 AS bit)
END
2024-12-29 21:13:30.623 +05:00 [INF] User profile is available. Using 'C:\Users\naveed\AppData\Local\ASP.NET\DataProtection-Keys' as key repository and Windows DPAPI to encrypt keys at rest.
2024-12-29 21:13:30.998 +05:00 [WRN] The ASP.NET Core developer certificate is not trusted. For information about trusting the ASP.NET Core developer certificate, see https://aka.ms/aspnet/https-trust-dev-cert.
2024-12-29 21:13:31.091 +05:00 [INF] Now listening on: https://localhost:7217
2024-12-29 21:13:31.092 +05:00 [INF] Now listening on: http://localhost:5137
2024-12-29 21:13:31.184 +05:00 [INF] Application started. Press Ctrl+C to shut down.
2024-12-29 21:13:31.186 +05:00 [INF] Hosting environment: Development
2024-12-29 21:13:31.188 +05:00 [INF] Content root path: D:\Personal\Repos\DynamiqCore\DynamiqCore.API
2024-12-29 21:13:32.807 +05:00 [INF] Request starting HTTP/2 OPTIONS https://localhost:7217/api/account/v1/Login - null null
2024-12-29 21:13:32.862 +05:00 [INF] CORS policy execution successful.
2024-12-29 21:13:32.870 +05:00 [INF] Request finished HTTP/2 OPTIONS https://localhost:7217/api/account/v1/Login - 204 null null 71.828ms
2024-12-29 21:13:32.877 +05:00 [INF] Request starting HTTP/2 POST https://localhost:7217/api/account/v1/Login - application/json 84
2024-12-29 21:13:32.885 +05:00 [INF] CORS policy execution successful.
2024-12-29 21:13:32.899 +05:00 [INF] Executing endpoint 'DynamiqCore.API.Controllers.AccountController.Login (DynamiqCore.API)'
2024-12-29 21:13:32.926 +05:00 [INF] Route matched with {action = "Login", controller = "Account"}. Executing controller action with signature System.Threading.Tasks.Task`1[Microsoft.AspNetCore.Mvc.IActionResult] Login(DynamiqCore.Application.Users.Commands.Login.LoginCommand) on controller DynamiqCore.API.Controllers.AccountController (DynamiqCore.API).
2024-12-29 21:13:32.979 +05:00 [INF] Executing BadRequestObjectResult, writing value of type 'Microsoft.AspNetCore.Mvc.ValidationProblemDetails'.
2024-12-29 21:13:33.005 +05:00 [INF] Executed action DynamiqCore.API.Controllers.AccountController.Login (DynamiqCore.API) in 71.9781ms
2024-12-29 21:13:33.008 +05:00 [INF] Executed endpoint 'DynamiqCore.API.Controllers.AccountController.Login (DynamiqCore.API)'
2024-12-29 21:13:33.009 +05:00 [INF] Request finished HTTP/2 POST https://localhost:7217/api/account/v1/Login - 400 null application/problem+json; charset=utf-8 132.0776ms
2024-12-29 21:13:34.794 +05:00 [INF] Request starting HTTP/2 GET https://localhost:7217/weatherforecast - null null
2024-12-29 21:13:35.261 +05:00 [INF] Executed DbCommand (98ms) [Parameters=[@__p_0='?' (Size = 450)], CommandType='"Text"', CommandTimeout='30']
SELECT TOP(1) [a].[Id], [a].[AccessFailedCount], [a].[ConcurrencyStamp], [a].[DateOfBirth], [a].[Email], [a].[EmailConfirmed], [a].[LockoutEnabled], [a].[LockoutEnd], [a].[Nationality], [a].[NormalizedEmail], [a].[NormalizedUserName], [a].[OrganizationId], [a].[PasswordHash], [a].[PhoneNumber], [a].[PhoneNumberConfirmed], [a].[SecurityStamp], [a].[TwoFactorEnabled], [a].[UserName]
FROM [AspNetUsers] AS [a]
WHERE [a].[Id] = @__p_0
2024-12-29 21:13:35.421 +05:00 [INF] Executed DbCommand (4ms) [Parameters=[@__user_Id_0='?' (Size = 450)], CommandType='"Text"', CommandTimeout='30']
SELECT [a].[Id], [a].[ClaimType], [a].[ClaimValue], [a].[UserId]
FROM [AspNetUserClaims] AS [a]
WHERE [a].[UserId] = @__user_Id_0
2024-12-29 21:13:35.469 +05:00 [INF] Executed DbCommand (3ms) [Parameters=[@__userId_0='?' (Size = 450)], CommandType='"Text"', CommandTimeout='30']
SELECT [a0].[Name]
FROM [AspNetUserRoles] AS [a]
INNER JOIN [AspNetRoles] AS [a0] ON [a].[RoleId] = [a0].[Id]
WHERE [a].[UserId] = @__userId_0
2024-12-29 21:13:35.502 +05:00 [INF] Request finished HTTP/2 GET https://localhost:7217/weatherforecast - 404 0 null 708.6218ms
2024-12-29 21:13:35.512 +05:00 [INF] Request reached the end of the middleware pipeline without being handled by application code. Request path: GET https://localhost:7217/weatherforecast, Response status code: 404
2024-12-29 21:13:41.310 +05:00 [INF] Request starting HTTP/2 GET https://localhost:7217/swagger - null null
2024-12-29 21:13:41.364 +05:00 [INF] Request finished HTTP/2 GET https://localhost:7217/swagger - 301 0 null 54.9439ms
2024-12-29 21:13:41.369 +05:00 [INF] Request starting HTTP/2 GET https://localhost:7217/swagger/index.html - null null
2024-12-29 21:13:41.458 +05:00 [INF] Request finished HTTP/2 GET https://localhost:7217/swagger/index.html - 200 null text/html;charset=utf-8 90.1232ms
2024-12-29 21:13:41.467 +05:00 [INF] Request starting HTTP/2 GET https://localhost:7217/swagger/index.css - null null
2024-12-29 21:13:41.467 +05:00 [INF] Request starting HTTP/2 GET https://localhost:7217/swagger/swagger-ui.css - null null
2024-12-29 21:13:41.467 +05:00 [INF] Request starting HTTP/2 GET https://localhost:7217/swagger/swagger-ui-bundle.js - null null
2024-12-29 21:13:41.467 +05:00 [INF] Request starting HTTP/2 GET https://localhost:7217/swagger/index.js - null null
2024-12-29 21:13:41.467 +05:00 [INF] Request starting HTTP/2 GET https://localhost:7217/_framework/aspnetcore-browser-refresh.js - null null
2024-12-29 21:13:41.467 +05:00 [INF] Request starting HTTP/2 GET https://localhost:7217/swagger/swagger-ui-standalone-preset.js - null null
2024-12-29 21:13:41.500 +05:00 [INF] Request finished HTTP/2 GET https://localhost:7217/swagger/index.js - 200 null application/javascript;charset=utf-8 33.1204ms
2024-12-29 21:13:41.526 +05:00 [INF] Request finished HTTP/2 GET https://localhost:7217/_framework/aspnetcore-browser-refresh.js - 200 13766 application/javascript; charset=utf-8 58.8069ms
2024-12-29 21:13:41.533 +05:00 [INF] Sending file. Request path: '/index.css'. Physical path: 'N/A'
2024-12-29 21:13:41.539 +05:00 [INF] Request finished HTTP/2 GET https://localhost:7217/swagger/index.css - 200 202 text/css 72.4827ms
2024-12-29 21:13:41.546 +05:00 [INF] Sending file. Request path: '/swagger-ui.css'. Physical path: 'N/A'
2024-12-29 21:13:41.546 +05:00 [INF] Sending file. Request path: '/swagger-ui-standalone-preset.js'. Physical path: 'N/A'
2024-12-29 21:13:41.549 +05:00 [INF] Request finished HTTP/2 GET https://localhost:7217/swagger/swagger-ui.css - 200 152034 text/css 82.1674ms
2024-12-29 21:13:41.551 +05:00 [INF] Request finished HTTP/2 GET https://localhost:7217/swagger/swagger-ui-standalone-preset.js - 200 230293 text/javascript 83.2902ms
2024-12-29 21:13:41.554 +05:00 [INF] Request starting HTTP/2 GET https://localhost:7217/_vs/browserLink - null null
2024-12-29 21:13:41.578 +05:00 [INF] Sending file. Request path: '/swagger-ui-bundle.js'. Physical path: 'N/A'
2024-12-29 21:13:41.579 +05:00 [INF] Request finished HTTP/2 GET https://localhost:7217/swagger/swagger-ui-bundle.js - 200 1452753 text/javascript 112.7032ms
2024-12-29 21:13:41.621 +05:00 [INF] Request finished HTTP/2 GET https://localhost:7217/_vs/browserLink - 200 null text/javascript; charset=UTF-8 67.6698ms
2024-12-29 21:13:41.811 +05:00 [INF] Request starting HTTP/2 GET https://localhost:7217/swagger/v1/swagger.json - null null
2024-12-29 21:13:41.839 +05:00 [INF] Request finished HTTP/2 GET https://localhost:7217/swagger/v1/swagger.json - 200 null application/json;charset=utf-8 28.8777ms
2024-12-29 21:13:56.298 +05:00 [INF] Request starting HTTP/2 OPTIONS https://localhost:7217/api/account/v1/Login - null null
2024-12-29 21:13:56.301 +05:00 [INF] CORS policy execution successful.
2024-12-29 21:13:56.302 +05:00 [INF] Request finished HTTP/2 OPTIONS https://localhost:7217/api/account/v1/Login - 204 null null 4.745ms
2024-12-29 21:13:56.304 +05:00 [INF] Request starting HTTP/2 POST https://localhost:7217/api/account/v1/Login - application/json 92
2024-12-29 21:13:56.309 +05:00 [INF] CORS policy execution successful.
2024-12-29 21:13:56.312 +05:00 [INF] Executing endpoint 'DynamiqCore.API.Controllers.AccountController.Login (DynamiqCore.API)'
2024-12-29 21:13:56.315 +05:00 [INF] Route matched with {action = "Login", controller = "Account"}. Executing controller action with signature System.Threading.Tasks.Task`1[Microsoft.AspNetCore.Mvc.IActionResult] Login(DynamiqCore.Application.Users.Commands.Login.LoginCommand) on controller DynamiqCore.API.Controllers.AccountController (DynamiqCore.API).
2024-12-29 21:13:56.322 +05:00 [INF] Executing BadRequestObjectResult, writing value of type 'Microsoft.AspNetCore.Mvc.ValidationProblemDetails'.
2024-12-29 21:13:56.326 +05:00 [INF] Executed action DynamiqCore.API.Controllers.AccountController.Login (DynamiqCore.API) in 6.4309ms
2024-12-29 21:13:56.329 +05:00 [INF] Executed endpoint 'DynamiqCore.API.Controllers.AccountController.Login (DynamiqCore.API)'
2024-12-29 21:13:56.331 +05:00 [INF] Request finished HTTP/2 POST https://localhost:7217/api/account/v1/Login - 400 null application/problem+json; charset=utf-8 27.4548ms
2024-12-29 21:14:05.278 +05:00 [INF] Request starting HTTP/2 OPTIONS https://localhost:7217/api/account/v1/Login - null null
2024-12-29 21:14:05.281 +05:00 [INF] CORS policy execution successful.
2024-12-29 21:14:05.282 +05:00 [INF] Request finished HTTP/2 OPTIONS https://localhost:7217/api/account/v1/Login - 204 null null 3.5863ms
2024-12-29 21:14:05.284 +05:00 [INF] Request starting HTTP/2 POST https://localhost:7217/api/account/v1/Login - application/json 92
2024-12-29 21:14:05.288 +05:00 [INF] CORS policy execution successful.
2024-12-29 21:14:05.288 +05:00 [INF] Executing endpoint 'DynamiqCore.API.Controllers.AccountController.Login (DynamiqCore.API)'
2024-12-29 21:14:05.289 +05:00 [INF] Route matched with {action = "Login", controller = "Account"}. Executing controller action with signature System.Threading.Tasks.Task`1[Microsoft.AspNetCore.Mvc.IActionResult] Login(DynamiqCore.Application.Users.Commands.Login.LoginCommand) on controller DynamiqCore.API.Controllers.AccountController (DynamiqCore.API).
2024-12-29 21:14:05.295 +05:00 [INF] Executing BadRequestObjectResult, writing value of type 'Microsoft.AspNetCore.Mvc.ValidationProblemDetails'.
2024-12-29 21:14:05.308 +05:00 [INF] Executed action DynamiqCore.API.Controllers.AccountController.Login (DynamiqCore.API) in 15.2122ms
2024-12-29 21:14:05.312 +05:00 [INF] Executed endpoint 'DynamiqCore.API.Controllers.AccountController.Login (DynamiqCore.API)'
2024-12-29 21:14:05.314 +05:00 [INF] Request finished HTTP/2 POST https://localhost:7217/api/account/v1/Login - 400 null application/problem+json; charset=utf-8 30.3604ms
2024-12-29 21:17:42.818 +05:00 [INF] Request starting HTTP/2 POST https://localhost:7217/api/account/v1/Login - application/json 79
2024-12-29 21:17:42.822 +05:00 [INF] CORS policy execution successful.
2024-12-29 21:17:42.827 +05:00 [INF] Executing endpoint 'DynamiqCore.API.Controllers.AccountController.Login (DynamiqCore.API)'
2024-12-29 21:17:42.828 +05:00 [INF] Route matched with {action = "Login", controller = "Account"}. Executing controller action with signature System.Threading.Tasks.Task`1[Microsoft.AspNetCore.Mvc.IActionResult] Login(DynamiqCore.Application.Users.Commands.Login.LoginCommand) on controller DynamiqCore.API.Controllers.AccountController (DynamiqCore.API).
2024-12-29 21:17:42.965 +05:00 [INF] Executing action method DynamiqCore.API.Controllers.AccountController.Login (DynamiqCore.API) - Validation state: "Valid"
2024-12-29 21:17:43.058 +05:00 [INF] Executed DbCommand (4ms) [Parameters=[@__normalizedUserName_0='?' (Size = 256)], CommandType='"Text"', CommandTimeout='30']
SELECT TOP(1) [a].[Id], [a].[AccessFailedCount], [a].[ConcurrencyStamp], [a].[DateOfBirth], [a].[Email], [a].[EmailConfirmed], [a].[LockoutEnabled], [a].[LockoutEnd], [a].[Nationality], [a].[NormalizedEmail], [a].[NormalizedUserName], [a].[OrganizationId], [a].[PasswordHash], [a].[PhoneNumber], [a].[PhoneNumberConfirmed], [a].[SecurityStamp], [a].[TwoFactorEnabled], [a].[UserName]
FROM [AspNetUsers] AS [a]
WHERE [a].[NormalizedUserName] = @__normalizedUserName_0
2024-12-29 21:17:43.074 +05:00 [INF] Executed DbCommand (3ms) [Parameters=[@__normalizedEmail_0='?' (Size = 256)], CommandType='"Text"', CommandTimeout='30']
SELECT TOP(2) [a].[Id], [a].[AccessFailedCount], [a].[ConcurrencyStamp], [a].[DateOfBirth], [a].[Email], [a].[EmailConfirmed], [a].[LockoutEnabled], [a].[LockoutEnd], [a].[Nationality], [a].[NormalizedEmail], [a].[NormalizedUserName], [a].[OrganizationId], [a].[PasswordHash], [a].[PhoneNumber], [a].[PhoneNumberConfirmed], [a].[SecurityStamp], [a].[TwoFactorEnabled], [a].[UserName]
FROM [AspNetUsers] AS [a]
WHERE [a].[NormalizedEmail] = @__normalizedEmail_0
2024-12-29 21:17:43.083 +05:00 [INF] Executed action method DynamiqCore.API.Controllers.AccountController.Login (DynamiqCore.API), returned result Microsoft.AspNetCore.Mvc.ObjectResult in 111.4834ms.
2024-12-29 21:17:43.089 +05:00 [INF] Executing ObjectResult, writing value of type 'DynamiqCore.Shared.Results.Result`1[[DynamiqCore.Application.Users.Dtos.Login.LoginDto, DynamiqCore.Application, Version=1.0.0.0, Culture=neutral, PublicKeyToken=null]]'.
2024-12-29 21:17:43.093 +05:00 [INF] Executed action DynamiqCore.API.Controllers.AccountController.Login (DynamiqCore.API) in 263.0867ms
2024-12-29 21:17:43.095 +05:00 [INF] Executed endpoint 'DynamiqCore.API.Controllers.AccountController.Login (DynamiqCore.API)'
2024-12-29 21:17:43.096 +05:00 [INF] Request finished HTTP/2 POST https://localhost:7217/api/account/v1/Login - 401 null application/json; charset=utf-8 279.6019ms
2024-12-29 21:18:41.427 +05:00 [INF] Request starting HTTP/1.1 POST https://localhost:7217/api/account/v1/login - application/json 68
2024-12-29 21:18:41.431 +05:00 [INF] Executing endpoint 'DynamiqCore.API.Controllers.AccountController.Login (DynamiqCore.API)'
2024-12-29 21:18:41.433 +05:00 [INF] Route matched with {action = "Login", controller = "Account"}. Executing controller action with signature System.Threading.Tasks.Task`1[Microsoft.AspNetCore.Mvc.IActionResult] Login(DynamiqCore.Application.Users.Commands.Login.LoginCommand) on controller DynamiqCore.API.Controllers.AccountController (DynamiqCore.API).
2024-12-29 21:18:41.461 +05:00 [INF] Executing BadRequestObjectResult, writing value of type 'Microsoft.AspNetCore.Mvc.ValidationProblemDetails'.
2024-12-29 21:18:41.467 +05:00 [INF] Executed action DynamiqCore.API.Controllers.AccountController.Login (DynamiqCore.API) in 32.2848ms
2024-12-29 21:18:41.470 +05:00 [INF] Executed endpoint 'DynamiqCore.API.Controllers.AccountController.Login (DynamiqCore.API)'
2024-12-29 21:18:41.472 +05:00 [INF] Request finished HTTP/1.1 POST https://localhost:7217/api/account/v1/login - 400 null application/problem+json; charset=utf-8 45.2756ms
2024-12-29 21:18:54.767 +05:00 [INF] Request starting HTTP/1.1 POST https://localhost:7217/api/account/v1/login - application/json 78
2024-12-29 21:18:54.770 +05:00 [INF] Executing endpoint 'DynamiqCore.API.Controllers.AccountController.Login (DynamiqCore.API)'
2024-12-29 21:18:54.771 +05:00 [INF] Route matched with {action = "Login", controller = "Account"}. Executing controller action with signature System.Threading.Tasks.Task`1[Microsoft.AspNetCore.Mvc.IActionResult] Login(DynamiqCore.Application.Users.Commands.Login.LoginCommand) on controller DynamiqCore.API.Controllers.AccountController (DynamiqCore.API).
2024-12-29 21:18:54.812 +05:00 [INF] Executing action method DynamiqCore.API.Controllers.AccountController.Login (DynamiqCore.API) - Validation state: "Valid"
2024-12-29 21:18:54.825 +05:00 [INF] Executed DbCommand (4ms) [Parameters=[@__normalizedUserName_0='?' (Size = 256)], CommandType='"Text"', CommandTimeout='30']
SELECT TOP(1) [a].[Id], [a].[AccessFailedCount], [a].[ConcurrencyStamp], [a].[DateOfBirth], [a].[Email], [a].[EmailConfirmed], [a].[LockoutEnabled], [a].[LockoutEnd], [a].[Nationality], [a].[NormalizedEmail], [a].[NormalizedUserName], [a].[OrganizationId], [a].[PasswordHash], [a].[PhoneNumber], [a].[PhoneNumberConfirmed], [a].[SecurityStamp], [a].[TwoFactorEnabled], [a].[UserName]
FROM [AspNetUsers] AS [a]
WHERE [a].[NormalizedUserName] = @__normalizedUserName_0
2024-12-29 21:18:54.833 +05:00 [INF] Executed DbCommand (2ms) [Parameters=[@__normalizedEmail_0='?' (Size = 256)], CommandType='"Text"', CommandTimeout='30']
SELECT TOP(2) [a].[Id], [a].[AccessFailedCount], [a].[ConcurrencyStamp], [a].[DateOfBirth], [a].[Email], [a].[EmailConfirmed], [a].[LockoutEnabled], [a].[LockoutEnd], [a].[Nationality], [a].[NormalizedEmail], [a].[NormalizedUserName], [a].[OrganizationId], [a].[PasswordHash], [a].[PhoneNumber], [a].[PhoneNumberConfirmed], [a].[SecurityStamp], [a].[TwoFactorEnabled], [a].[UserName]
FROM [AspNetUsers] AS [a]
WHERE [a].[NormalizedEmail] = @__normalizedEmail_0
2024-12-29 21:18:54.836 +05:00 [INF] Executed action method DynamiqCore.API.Controllers.AccountController.Login (DynamiqCore.API), returned result Microsoft.AspNetCore.Mvc.ObjectResult in 19.4329ms.
2024-12-29 21:18:54.837 +05:00 [INF] Executing ObjectResult, writing value of type 'DynamiqCore.Shared.Results.Result`1[[DynamiqCore.Application.Users.Dtos.Login.LoginDto, DynamiqCore.Application, Version=1.0.0.0, Culture=neutral, PublicKeyToken=null]]'.
2024-12-29 21:18:54.839 +05:00 [INF] Executed action DynamiqCore.API.Controllers.AccountController.Login (DynamiqCore.API) in 65.4765ms
2024-12-29 21:18:54.840 +05:00 [INF] Executed endpoint 'DynamiqCore.API.Controllers.AccountController.Login (DynamiqCore.API)'
2024-12-29 21:18:54.842 +05:00 [INF] Request finished HTTP/1.1 POST https://localhost:7217/api/account/v1/login - 401 null application/json; charset=utf-8 74.8756ms
2024-12-29 21:19:04.851 +05:00 [INF] Request starting HTTP/1.1 POST https://localhost:7217/api/account/v1/login - application/json 84
2024-12-29 21:19:04.856 +05:00 [INF] Executing endpoint 'DynamiqCore.API.Controllers.AccountController.Login (DynamiqCore.API)'
2024-12-29 21:19:04.859 +05:00 [INF] Route matched with {action = "Login", controller = "Account"}. Executing controller action with signature System.Threading.Tasks.Task`1[Microsoft.AspNetCore.Mvc.IActionResult] Login(DynamiqCore.Application.Users.Commands.Login.LoginCommand) on controller DynamiqCore.API.Controllers.AccountController (DynamiqCore.API).
2024-12-29 21:19:04.890 +05:00 [INF] Executing action method DynamiqCore.API.Controllers.AccountController.Login (DynamiqCore.API) - Validation state: "Valid"
2024-12-29 21:19:04.916 +05:00 [INF] Executed DbCommand (2ms) [Parameters=[@__normalizedUserName_0='?' (Size = 256)], CommandType='"Text"', CommandTimeout='30']
SELECT TOP(1) [a].[Id], [a].[AccessFailedCount], [a].[ConcurrencyStamp], [a].[DateOfBirth], [a].[Email], [a].[EmailConfirmed], [a].[LockoutEnabled], [a].[LockoutEnd], [a].[Nationality], [a].[NormalizedEmail], [a].[NormalizedUserName], [a].[OrganizationId], [a].[PasswordHash], [a].[PhoneNumber], [a].[PhoneNumberConfirmed], [a].[SecurityStamp], [a].[TwoFactorEnabled], [a].[UserName]
FROM [AspNetUsers] AS [a]
WHERE [a].[NormalizedUserName] = @__normalizedUserName_0
2024-12-29 21:19:04.924 +05:00 [INF] Executed DbCommand (2ms) [Parameters=[@__normalizedEmail_0='?' (Size = 256)], CommandType='"Text"', CommandTimeout='30']
SELECT TOP(2) [a].[Id], [a].[AccessFailedCount], [a].[ConcurrencyStamp], [a].[DateOfBirth], [a].[Email], [a].[EmailConfirmed], [a].[LockoutEnabled], [a].[LockoutEnd], [a].[Nationality], [a].[NormalizedEmail], [a].[NormalizedUserName], [a].[OrganizationId], [a].[PasswordHash], [a].[PhoneNumber], [a].[PhoneNumberConfirmed], [a].[SecurityStamp], [a].[TwoFactorEnabled], [a].[UserName]
FROM [AspNetUsers] AS [a]
WHERE [a].[NormalizedEmail] = @__normalizedEmail_0
2024-12-29 21:19:04.933 +05:00 [INF] Executed DbCommand (1ms) [Parameters=[@__normalizedUserName_0='?' (Size = 256)], CommandType='"Text"', CommandTimeout='30']
SELECT TOP(1) [a].[Id], [a].[AccessFailedCount], [a].[ConcurrencyStamp], [a].[DateOfBirth], [a].[Email], [a].[EmailConfirmed], [a].[LockoutEnabled], [a].[LockoutEnd], [a].[Nationality], [a].[NormalizedEmail], [a].[NormalizedUserName], [a].[OrganizationId], [a].[PasswordHash], [a].[PhoneNumber], [a].[PhoneNumberConfirmed], [a].[SecurityStamp], [a].[TwoFactorEnabled], [a].[UserName]
FROM [AspNetUsers] AS [a]
WHERE [a].[NormalizedUserName] = @__normalizedUserName_0
2024-12-29 21:19:05.075 +05:00 [INF] Executed DbCommand (3ms) [Parameters=[@__user_Id_0='?' (Size = 450)], CommandType='"Text"', CommandTimeout='30']
SELECT [a].[Id], [a].[ClaimType], [a].[ClaimValue], [a].[UserId]
FROM [AspNetUserClaims] AS [a]
WHERE [a].[UserId] = @__user_Id_0
2024-12-29 21:19:05.084 +05:00 [INF] Executed DbCommand (3ms) [Parameters=[@__userId_0='?' (Size = 450)], CommandType='"Text"', CommandTimeout='30']
SELECT [a0].[Name]
FROM [AspNetUserRoles] AS [a]
INNER JOIN [AspNetRoles] AS [a0] ON [a].[RoleId] = [a0].[Id]
WHERE [a].[UserId] = @__userId_0
2024-12-29 21:19:05.091 +05:00 [INF] AuthenticationScheme: Identity.Application signed in.
2024-12-29 21:19:05.097 +05:00 [INF] Executed DbCommand (1ms) [Parameters=[@__userId_0='?' (Size = 450)], CommandType='"Text"', CommandTimeout='30']
SELECT [a0].[Name]
FROM [AspNetUserRoles] AS [a]
INNER JOIN [AspNetRoles] AS [a0] ON [a].[RoleId] = [a0].[Id]
WHERE [a].[UserId] = @__userId_0
2024-12-29 21:19:06.233 +05:00 [INF] Executed action method DynamiqCore.API.Controllers.AccountController.Login (DynamiqCore.API), returned result Microsoft.AspNetCore.Mvc.ObjectResult in 1340.0333ms.
2024-12-29 21:19:06.237 +05:00 [INF] Executing ObjectResult, writing value of type 'DynamiqCore.Shared.Results.Result`1[[DynamiqCore.Application.Users.Dtos.Login.LoginDto, DynamiqCore.Application, Version=1.0.0.0, Culture=neutral, PublicKeyToken=null]]'.
2024-12-29 21:19:06.240 +05:00 [INF] Executed action DynamiqCore.API.Controllers.AccountController.Login (DynamiqCore.API) in 1376.2403ms
2024-12-29 21:19:06.245 +05:00 [INF] Executed endpoint 'DynamiqCore.API.Controllers.AccountController.Login (DynamiqCore.API)'
2024-12-29 21:19:06.247 +05:00 [INF] Request finished HTTP/1.1 POST https://localhost:7217/api/account/v1/login - 200 null application/json; charset=utf-8 1395.9643ms
2024-12-29 21:19:59.997 +05:00 [INF] Request starting HTTP/2 OPTIONS https://localhost:7217/api/account/v1/Login - null null
2024-12-29 21:20:00.012 +05:00 [INF] CORS policy execution successful.
2024-12-29 21:20:00.014 +05:00 [INF] Request finished HTTP/2 OPTIONS https://localhost:7217/api/account/v1/Login - 204 null null 16.675ms
2024-12-29 21:20:00.056 +05:00 [INF] Request starting HTTP/2 POST https://localhost:7217/api/account/v1/Login - application/json 86
2024-12-29 21:20:00.061 +05:00 [INF] CORS policy execution successful.
2024-12-29 21:20:00.069 +05:00 [INF] Executing endpoint 'DynamiqCore.API.Controllers.AccountController.Login (DynamiqCore.API)'
2024-12-29 21:20:00.109 +05:00 [INF] Route matched with {action = "Login", controller = "Account"}. Executing controller action with signature System.Threading.Tasks.Task`1[Microsoft.AspNetCore.Mvc.IActionResult] Login(DynamiqCore.Application.Users.Commands.Login.LoginCommand) on controller DynamiqCore.API.Controllers.AccountController (DynamiqCore.API).
2024-12-29 21:20:00.169 +05:00 [INF] Executing action method DynamiqCore.API.Controllers.AccountController.Login (DynamiqCore.API) - Validation state: "Valid"
2024-12-29 21:20:00.176 +05:00 [INF] Executed DbCommand (3ms) [Parameters=[@__normalizedUserName_0='?' (Size = 256)], CommandType='"Text"', CommandTimeout='30']
SELECT TOP(1) [a].[Id], [a].[AccessFailedCount], [a].[ConcurrencyStamp], [a].[DateOfBirth], [a].[Email], [a].[EmailConfirmed], [a].[LockoutEnabled], [a].[LockoutEnd], [a].[Nationality], [a].[NormalizedEmail], [a].[NormalizedUserName], [a].[OrganizationId], [a].[PasswordHash], [a].[PhoneNumber], [a].[PhoneNumberConfirmed], [a].[SecurityStamp], [a].[TwoFactorEnabled], [a].[UserName]
FROM [AspNetUsers] AS [a]
WHERE [a].[NormalizedUserName] = @__normalizedUserName_0
2024-12-29 21:20:00.185 +05:00 [INF] Executed DbCommand (3ms) [Parameters=[@__normalizedEmail_0='?' (Size = 256)], CommandType='"Text"', CommandTimeout='30']
SELECT TOP(2) [a].[Id], [a].[AccessFailedCount], [a].[ConcurrencyStamp], [a].[DateOfBirth], [a].[Email], [a].[EmailConfirmed], [a].[LockoutEnabled], [a].[LockoutEnd], [a].[Nationality], [a].[NormalizedEmail], [a].[NormalizedUserName], [a].[OrganizationId], [a].[PasswordHash], [a].[PhoneNumber], [a].[PhoneNumberConfirmed], [a].[SecurityStamp], [a].[TwoFactorEnabled], [a].[UserName]
FROM [AspNetUsers] AS [a]
WHERE [a].[NormalizedEmail] = @__normalizedEmail_0
2024-12-29 21:20:00.192 +05:00 [INF] Executed DbCommand (1ms) [Parameters=[@__normalizedUserName_0='?' (Size = 256)], CommandType='"Text"', CommandTimeout='30']
SELECT TOP(1) [a].[Id], [a].[AccessFailedCount], [a].[ConcurrencyStamp], [a].[DateOfBirth], [a].[Email], [a].[EmailConfirmed], [a].[LockoutEnabled], [a].[LockoutEnd], [a].[Nationality], [a].[NormalizedEmail], [a].[NormalizedUserName], [a].[OrganizationId], [a].[PasswordHash], [a].[PhoneNumber], [a].[PhoneNumberConfirmed], [a].[SecurityStamp], [a].[TwoFactorEnabled], [a].[UserName]
FROM [AspNetUsers] AS [a]
WHERE [a].[NormalizedUserName] = @__normalizedUserName_0
2024-12-29 21:20:00.327 +05:00 [INF] Executed DbCommand (2ms) [Parameters=[@__user_Id_0='?' (Size = 450)], CommandType='"Text"', CommandTimeout='30']
SELECT [a].[Id], [a].[ClaimType], [a].[ClaimValue], [a].[UserId]
FROM [AspNetUserClaims] AS [a]
WHERE [a].[UserId] = @__user_Id_0
2024-12-29 21:20:00.333 +05:00 [INF] Executed DbCommand (3ms) [Parameters=[@__userId_0='?' (Size = 450)], CommandType='"Text"', CommandTimeout='30']
SELECT [a0].[Name]
FROM [AspNetUserRoles] AS [a]
INNER JOIN [AspNetRoles] AS [a0] ON [a].[RoleId] = [a0].[Id]
WHERE [a].[UserId] = @__userId_0
2024-12-29 21:20:00.337 +05:00 [INF] AuthenticationScheme: Identity.Application signed in.
2024-12-29 21:20:00.340 +05:00 [INF] Executed DbCommand (1ms) [Parameters=[@__userId_0='?' (Size = 450)], CommandType='"Text"', CommandTimeout='30']
SELECT [a0].[Name]
FROM [AspNetUserRoles] AS [a]
INNER JOIN [AspNetRoles] AS [a0] ON [a].[RoleId] = [a0].[Id]
WHERE [a].[UserId] = @__userId_0
2024-12-29 21:20:00.343 +05:00 [INF] Executed action method DynamiqCore.API.Controllers.AccountController.Login (DynamiqCore.API), returned result Microsoft.AspNetCore.Mvc.ObjectResult in 172.8863ms.
2024-12-29 21:20:00.345 +05:00 [INF] Executing ObjectResult, writing value of type 'DynamiqCore.Shared.Results.Result`1[[DynamiqCore.Application.Users.Dtos.Login.LoginDto, DynamiqCore.Application, Version=1.0.0.0, Culture=neutral, PublicKeyToken=null]]'.
2024-12-29 21:20:00.346 +05:00 [INF] Executed action DynamiqCore.API.Controllers.AccountController.Login (DynamiqCore.API) in 234.4774ms
2024-12-29 21:20:00.348 +05:00 [INF] Executed endpoint 'DynamiqCore.API.Controllers.AccountController.Login (DynamiqCore.API)'
2024-12-29 21:20:00.351 +05:00 [INF] Request finished HTTP/2 POST https://localhost:7217/api/account/v1/Login - 200 null application/json; charset=utf-8 295.1564ms
