2024-09-16 03:02:23.032 +05:00 [INF] Executed DbCommand (15ms) [Parameters=[], CommandType='"Text"', CommandTimeout='30']
SELECT 1
2024-09-16 03:02:23.099 +05:00 [INF] Executed DbCommand (14ms) [Parameters=[], CommandType='"Text"', CommandTimeout='30']
SELECT OBJECT_ID(N'[__EFMigrationsHistory]');
2024-09-16 03:02:23.104 +05:00 [INF] Executed DbCommand (1ms) [Parameters=[], CommandType='"Text"', CommandTimeout='30']
SELECT 1
2024-09-16 03:02:23.108 +05:00 [INF] Executed DbCommand (0ms) [Parameters=[], CommandType='"Text"', CommandTimeout='30']
SELECT OBJECT_ID(N'[__EFMigrationsHistory]');
2024-09-16 03:02:23.122 +05:00 [INF] Executed DbCommand (3ms) [Parameters=[], CommandType='"Text"', CommandTimeout='30']
SELECT [MigrationId], [ProductVersion]
FROM [__EFMigrationsHistory]
ORDER BY [MigrationId];
2024-09-16 03:02:23.147 +05:00 [INF] Applying migration '20240915220018_ChangePrimaryKeysName'.
2024-09-16 03:02:23.218 +05:00 [INF] Executed DbCommand (7ms) [Parameters=[], CommandType='"Text"', CommandTimeout='30']
ALTER TABLE [Patients] DROP CONSTRAINT [FK_Patients_Organizations_OrganizationID];
2024-09-16 03:02:23.406 +05:00 [INF] Executed DbCommand (183ms) [Parameters=[], CommandType='"Text"', CommandTimeout='30']
EXEC sp_rename N'[Patients].[OrganizationID]', N'OrganizationId', N'COLUMN';
2024-09-16 03:02:23.412 +05:00 [INF] Executed DbCommand (2ms) [Parameters=[], CommandType='"Text"', CommandTimeout='30']
EXEC sp_rename N'[Patients].[PatientID]', N'PatientId', N'COLUMN';
2024-09-16 03:02:23.416 +05:00 [INF] Executed DbCommand (2ms) [Parameters=[], CommandType='"Text"', CommandTimeout='30']
EXEC sp_rename N'[Patients].[IX_Patients_OrganizationID]', N'IX_Patients_OrganizationId', N'INDEX';
2024-09-16 03:02:23.418 +05:00 [INF] Executed DbCommand (1ms) [Parameters=[], CommandType='"Text"', CommandTimeout='30']
EXEC sp_rename N'[Organizations].[OrganizationID]', N'OrganizationId', N'COLUMN';
2024-09-16 03:02:23.421 +05:00 [INF] Executed DbCommand (1ms) [Parameters=[], CommandType='"Text"', CommandTimeout='30']
EXEC sp_rename N'[LookupConfigurations].[LookupConfigurationID]', N'LookupConfigurationId', N'COLUMN';
2024-09-16 03:02:23.424 +05:00 [INF] Executed DbCommand (1ms) [Parameters=[], CommandType='"Text"', CommandTimeout='30']
ALTER TABLE [Patients] ADD CONSTRAINT [FK_Patients_Organizations_OrganizationId] FOREIGN KEY ([OrganizationId]) REFERENCES [Organizations] ([OrganizationId]) ON DELETE NO ACTION;
2024-09-16 03:02:23.427 +05:00 [INF] Executed DbCommand (1ms) [Parameters=[], CommandType='"Text"', CommandTimeout='30']
INSERT INTO [__EFMigrationsHistory] ([MigrationId], [ProductVersion])
VALUES (N'20240915220018_ChangePrimaryKeysName', N'8.0.0');
2024-09-16 03:13:17.229 +05:00 [INF] User profile is available. Using 'C:\Users\naveed\AppData\Local\ASP.NET\DataProtection-Keys' as key repository and Windows DPAPI to encrypt keys at rest.
2024-09-16 03:13:17.845 +05:00 [INF] Now listening on: http://localhost:5137
2024-09-16 03:13:17.849 +05:00 [INF] Application started. Press Ctrl+C to shut down.
2024-09-16 03:13:17.851 +05:00 [INF] Hosting environment: Development
2024-09-16 03:13:17.852 +05:00 [INF] Content root path: D:\Personal\Repos\DynamiqCore\DynamiqCore.API
2024-09-16 03:13:19.859 +05:00 [INF] Request starting HTTP/1.1 GET http://localhost:5137/weatherforecast - null null
2024-09-16 03:13:19.935 +05:00 [WRN] Failed to determine the https port for redirect.
2024-09-16 03:13:19.943 +05:00 [INF] Executing endpoint 'DynamiqCore.API.Controllers.WeatherForecastController.Get (DynamiqCore.API)'
2024-09-16 03:13:19.969 +05:00 [INF] Route matched with {action = "Get", controller = "WeatherForecast"}. Executing controller action with signature System.Collections.Generic.IEnumerable`1[DynamiqCore.API.WeatherForecast] Get() on controller DynamiqCore.API.Controllers.WeatherForecastController (DynamiqCore.API).
2024-09-16 03:13:19.986 +05:00 [INF] Executing action method DynamiqCore.API.Controllers.WeatherForecastController.Get (DynamiqCore.API) - Validation state: "Valid"
2024-09-16 03:13:19.997 +05:00 [INF] Executed action method DynamiqCore.API.Controllers.WeatherForecastController.Get (DynamiqCore.API), returned result Microsoft.AspNetCore.Mvc.ObjectResult in 2.1609ms.
2024-09-16 03:13:20.028 +05:00 [INF] Executing ObjectResult, writing value of type 'DynamiqCore.API.WeatherForecast[]'.
2024-09-16 03:13:20.090 +05:00 [INF] Executed action DynamiqCore.API.Controllers.WeatherForecastController.Get (DynamiqCore.API) in 112.9ms
2024-09-16 03:13:20.093 +05:00 [INF] Executed endpoint 'DynamiqCore.API.Controllers.WeatherForecastController.Get (DynamiqCore.API)'
2024-09-16 03:13:20.097 +05:00 [INF] Request finished HTTP/1.1 GET http://localhost:5137/weatherforecast - 200 null application/json; charset=utf-8 239.6105ms
2024-09-16 03:13:20.865 +05:00 [INF] Request starting HTTP/1.1 GET http://localhost:5137/favicon.ico - null null
2024-09-16 03:13:20.878 +05:00 [INF] Request finished HTTP/1.1 GET http://localhost:5137/favicon.ico - 404 0 null 13.6576ms
2024-09-16 03:13:20.887 +05:00 [INF] Request reached the end of the middleware pipeline without being handled by application code. Request path: GET http://localhost:5137/favicon.ico, Response status code: 404
2024-09-16 03:13:40.985 +05:00 [INF] Request starting HTTP/1.1 GET http://localhost:5137/swagger/index.html - null null
2024-09-16 03:13:41.098 +05:00 [INF] Request finished HTTP/1.1 GET http://localhost:5137/swagger/index.html - 200 null text/html;charset=utf-8 113.4447ms
2024-09-16 03:13:41.175 +05:00 [INF] Request starting HTTP/1.1 GET http://localhost:5137/swagger/index.js - null null
2024-09-16 03:13:41.188 +05:00 [INF] Request finished HTTP/1.1 GET http://localhost:5137/swagger/index.js - 200 null application/javascript;charset=utf-8 12.2059ms
2024-09-16 03:13:41.872 +05:00 [INF] Request starting HTTP/1.1 GET http://localhost:5137/swagger/v1/swagger.json - null null
2024-09-16 03:13:42.161 +05:00 [INF] Request finished HTTP/1.1 GET http://localhost:5137/swagger/v1/swagger.json - 200 null application/json;charset=utf-8 288.9537ms
2024-09-16 03:15:48.752 +05:00 [INF] User profile is available. Using 'C:\Users\naveed\AppData\Local\ASP.NET\DataProtection-Keys' as key repository and Windows DPAPI to encrypt keys at rest.
2024-09-16 03:15:49.246 +05:00 [INF] Now listening on: http://localhost:5137
2024-09-16 03:15:49.258 +05:00 [INF] Application started. Press Ctrl+C to shut down.
2024-09-16 03:15:49.260 +05:00 [INF] Hosting environment: Development
2024-09-16 03:15:49.261 +05:00 [INF] Content root path: D:\Personal\Repos\DynamiqCore\DynamiqCore.API
2024-09-16 03:15:49.507 +05:00 [INF] Request starting HTTP/1.1 GET http://localhost:5137/weatherforecast - null null
2024-09-16 03:15:49.605 +05:00 [WRN] Failed to determine the https port for redirect.
2024-09-16 03:15:49.611 +05:00 [INF] Executing endpoint 'DynamiqCore.API.Controllers.WeatherForecastController.Get (DynamiqCore.API)'
2024-09-16 03:15:49.638 +05:00 [INF] Route matched with {action = "Get", controller = "WeatherForecast"}. Executing controller action with signature System.Collections.Generic.IEnumerable`1[DynamiqCore.API.WeatherForecast] Get() on controller DynamiqCore.API.Controllers.WeatherForecastController (DynamiqCore.API).
2024-09-16 03:15:49.653 +05:00 [INF] Executing action method DynamiqCore.API.Controllers.WeatherForecastController.Get (DynamiqCore.API) - Validation state: "Valid"
2024-09-16 03:15:49.663 +05:00 [INF] Executed action method DynamiqCore.API.Controllers.WeatherForecastController.Get (DynamiqCore.API), returned result Microsoft.AspNetCore.Mvc.ObjectResult in 2.8217ms.
2024-09-16 03:15:49.690 +05:00 [INF] Executing ObjectResult, writing value of type 'DynamiqCore.API.WeatherForecast[]'.
2024-09-16 03:15:49.764 +05:00 [INF] Executed action DynamiqCore.API.Controllers.WeatherForecastController.Get (DynamiqCore.API) in 116.9586ms
2024-09-16 03:15:49.767 +05:00 [INF] Executed endpoint 'DynamiqCore.API.Controllers.WeatherForecastController.Get (DynamiqCore.API)'
2024-09-16 03:15:49.771 +05:00 [INF] Request finished HTTP/1.1 GET http://localhost:5137/weatherforecast - 200 null application/json; charset=utf-8 267.4398ms
2024-09-16 03:15:54.342 +05:00 [INF] Request starting HTTP/1.1 GET http://localhost:5137/swagger/index.html - null null
2024-09-16 03:15:54.429 +05:00 [INF] Request finished HTTP/1.1 GET http://localhost:5137/swagger/index.html - 200 null text/html;charset=utf-8 86.4559ms
2024-09-16 03:15:54.502 +05:00 [INF] Request starting HTTP/1.1 GET http://localhost:5137/swagger/index.js - null null
2024-09-16 03:15:54.509 +05:00 [INF] Request finished HTTP/1.1 GET http://localhost:5137/swagger/index.js - 200 null application/javascript;charset=utf-8 6.8135ms
2024-09-16 03:15:54.730 +05:00 [INF] Request starting HTTP/1.1 GET http://localhost:5137/swagger/v1/swagger.json - null null
2024-09-16 03:15:55.084 +05:00 [INF] Request finished HTTP/1.1 GET http://localhost:5137/swagger/v1/swagger.json - 200 null application/json;charset=utf-8 353.9152ms
2024-09-16 03:19:59.936 +05:00 [INF] Executed DbCommand (16ms) [Parameters=[], CommandType='"Text"', CommandTimeout='30']
SELECT 1
2024-09-16 03:19:59.997 +05:00 [INF] Executed DbCommand (11ms) [Parameters=[], CommandType='"Text"', CommandTimeout='30']
SELECT OBJECT_ID(N'[__EFMigrationsHistory]');
2024-09-16 03:20:00.004 +05:00 [INF] Executed DbCommand (1ms) [Parameters=[], CommandType='"Text"', CommandTimeout='30']
SELECT 1
2024-09-16 03:20:00.008 +05:00 [INF] Executed DbCommand (0ms) [Parameters=[], CommandType='"Text"', CommandTimeout='30']
SELECT OBJECT_ID(N'[__EFMigrationsHistory]');
2024-09-16 03:20:00.023 +05:00 [INF] Executed DbCommand (2ms) [Parameters=[], CommandType='"Text"', CommandTimeout='30']
SELECT [MigrationId], [ProductVersion]
FROM [__EFMigrationsHistory]
ORDER BY [MigrationId];
2024-09-16 03:20:00.041 +05:00 [INF] Applying migration '20240915221935_ChangeOrganizationId'.
2024-09-16 03:20:00.108 +05:00 [INF] Executed DbCommand (6ms) [Parameters=[], CommandType='"Text"', CommandTimeout='30']
ALTER TABLE [AspNetUsers] DROP CONSTRAINT [FK_AspNetUsers_Organizations_OrganizationID];
2024-09-16 03:20:00.270 +05:00 [INF] Executed DbCommand (157ms) [Parameters=[], CommandType='"Text"', CommandTimeout='30']
EXEC sp_rename N'[AspNetUsers].[OrganizationID]', N'OrganizationId', N'COLUMN';
2024-09-16 03:20:00.275 +05:00 [INF] Executed DbCommand (1ms) [Parameters=[], CommandType='"Text"', CommandTimeout='30']
EXEC sp_rename N'[AspNetUsers].[IX_AspNetUsers_OrganizationID]', N'IX_AspNetUsers_OrganizationId', N'INDEX';
2024-09-16 03:20:00.288 +05:00 [INF] Executed DbCommand (11ms) [Parameters=[], CommandType='"Text"', CommandTimeout='30']
ALTER TABLE [AspNetUsers] ADD CONSTRAINT [FK_AspNetUsers_Organizations_OrganizationId] FOREIGN KEY ([OrganizationId]) REFERENCES [Organizations] ([OrganizationId]) ON DELETE SET NULL;
2024-09-16 03:20:00.294 +05:00 [INF] Executed DbCommand (1ms) [Parameters=[], CommandType='"Text"', CommandTimeout='30']
INSERT INTO [__EFMigrationsHistory] ([MigrationId], [ProductVersion])
VALUES (N'20240915221935_ChangeOrganizationId', N'8.0.0');
2024-09-16 03:20:18.386 +05:00 [INF] User profile is available. Using 'C:\Users\naveed\AppData\Local\ASP.NET\DataProtection-Keys' as key repository and Windows DPAPI to encrypt keys at rest.
2024-09-16 03:20:18.889 +05:00 [INF] Now listening on: http://localhost:5137
2024-09-16 03:20:18.914 +05:00 [INF] Application started. Press Ctrl+C to shut down.
2024-09-16 03:20:18.921 +05:00 [INF] Hosting environment: Development
2024-09-16 03:20:18.925 +05:00 [INF] Content root path: D:\Personal\Repos\DynamiqCore\DynamiqCore.API
2024-09-16 03:20:19.028 +05:00 [INF] Request starting HTTP/1.1 GET http://localhost:5137/weatherforecast - null null
2024-09-16 03:20:19.143 +05:00 [WRN] Failed to determine the https port for redirect.
2024-09-16 03:20:19.149 +05:00 [INF] Executing endpoint 'DynamiqCore.API.Controllers.WeatherForecastController.Get (DynamiqCore.API)'
2024-09-16 03:20:19.172 +05:00 [INF] Route matched with {action = "Get", controller = "WeatherForecast"}. Executing controller action with signature System.Collections.Generic.IEnumerable`1[DynamiqCore.API.WeatherForecast] Get() on controller DynamiqCore.API.Controllers.WeatherForecastController (DynamiqCore.API).
2024-09-16 03:20:19.188 +05:00 [INF] Executing action method DynamiqCore.API.Controllers.WeatherForecastController.Get (DynamiqCore.API) - Validation state: "Valid"
2024-09-16 03:20:19.199 +05:00 [INF] Executed action method DynamiqCore.API.Controllers.WeatherForecastController.Get (DynamiqCore.API), returned result Microsoft.AspNetCore.Mvc.ObjectResult in 1.8207ms.
2024-09-16 03:20:19.224 +05:00 [INF] Executing ObjectResult, writing value of type 'DynamiqCore.API.WeatherForecast[]'.
2024-09-16 03:20:19.278 +05:00 [INF] Executed action DynamiqCore.API.Controllers.WeatherForecastController.Get (DynamiqCore.API) in 99.6462ms
2024-09-16 03:20:19.282 +05:00 [INF] Executed endpoint 'DynamiqCore.API.Controllers.WeatherForecastController.Get (DynamiqCore.API)'
2024-09-16 03:20:19.287 +05:00 [INF] Request finished HTTP/1.1 GET http://localhost:5137/weatherforecast - 200 null application/json; charset=utf-8 261.6178ms
2024-09-16 03:21:26.934 +05:00 [INF] Request starting HTTP/1.1 POST http://localhost:5137/api/identity/v1/login - application/json 62
2024-09-16 03:21:26.943 +05:00 [INF] Executing endpoint 'HTTP: POST api/identity/v1/login'
2024-09-16 03:21:29.466 +05:00 [INF] Executed DbCommand (140ms) [Parameters=[@__normalizedUserName_0='?' (Size = 256)], CommandType='"Text"', CommandTimeout='30']
SELECT TOP(1) [a].[Id], [a].[AccessFailedCount], [a].[ConcurrencyStamp], [a].[DateOfBirth], [a].[Email], [a].[EmailConfirmed], [a].[LockoutEnabled], [a].[LockoutEnd], [a].[Nationality], [a].[NormalizedEmail], [a].[NormalizedUserName], [a].[OrganizationId], [a].[PasswordHash], [a].[PhoneNumber], [a].[PhoneNumberConfirmed], [a].[SecurityStamp], [a].[TwoFactorEnabled], [a].[UserName]
FROM [AspNetUsers] AS [a]
WHERE [a].[NormalizedUserName] = @__normalizedUserName_0
2024-09-16 03:21:29.877 +05:00 [INF] Executed DbCommand (10ms) [Parameters=[@__user_Id_0='?' (Size = 450)], CommandType='"Text"', CommandTimeout='30']
SELECT [a].[Id], [a].[ClaimType], [a].[ClaimValue], [a].[UserId]
FROM [AspNetUserClaims] AS [a]
WHERE [a].[UserId] = @__user_Id_0
2024-09-16 03:21:29.894 +05:00 [INF] AuthenticationScheme: Identity.Bearer signed in.
2024-09-16 03:21:29.917 +05:00 [INF] Executed endpoint 'HTTP: POST api/identity/v1/login'
2024-09-16 03:21:29.937 +05:00 [INF] Request finished HTTP/1.1 POST http://localhost:5137/api/identity/v1/login - 200 null application/json; charset=utf-8 3002.3945ms
2024-09-16 03:21:56.616 +05:00 [INF] Request starting HTTP/1.1 GET http://localhost:5137/api/organizations/v1 - null null
2024-09-16 03:21:56.632 +05:00 [INF] Executing endpoint 'DynamiqCore.API.Controllers.OrganizationController.GetAll (DynamiqCore.API)'
2024-09-16 03:21:56.639 +05:00 [INF] Route matched with {action = "GetAll", controller = "Organization"}. Executing controller action with signature System.Threading.Tasks.Task`1[Microsoft.AspNetCore.Mvc.ActionResult`1[System.Collections.Generic.IEnumerable`1[DynamiqCore.Application.Organizations.Dtos.OrganizationDto]]] GetAll() on controller DynamiqCore.API.Controllers.OrganizationController (DynamiqCore.API).
2024-09-16 03:21:56.644 +05:00 [INF] Executing action method DynamiqCore.API.Controllers.OrganizationController.GetAll (DynamiqCore.API) - Validation state: "Valid"
2024-09-16 03:22:05.809 +05:00 [INF] Getting all organizations
2024-09-16 03:22:05.940 +05:00 [INF] Executed DbCommand (3ms) [Parameters=[], CommandType='"Text"', CommandTimeout='30']
SELECT COUNT(*)
FROM [Organizations] AS [o]
2024-09-16 03:22:05.964 +05:00 [WRN] The query uses a row limiting operator ('Skip'/'Take') without an 'OrderBy' operator. This may lead to unpredictable results. If the 'Distinct' operator is used after 'OrderBy', then make sure to use the 'OrderBy' operator after 'Distinct' as the ordering would otherwise get erased.
2024-09-16 03:22:05.967 +05:00 [WRN] The query uses a row limiting operator ('Skip'/'Take') without an 'OrderBy' operator. This may lead to unpredictable results. If the 'Distinct' operator is used after 'OrderBy', then make sure to use the 'OrderBy' operator after 'Distinct' as the ordering would otherwise get erased.
2024-09-16 03:22:05.989 +05:00 [INF] Executed DbCommand (2ms) [Parameters=[], CommandType='"Text"', CommandTimeout='30']
SELECT [o].[OrganizationId], [o].[CreateAt], [o].[CreatedBy], [o].[Description], [o].[Name], [o].[ParentOrganizationId], [o].[RowVersion], [o].[UpdateAt], [o].[UpdatedBy], [o].[Address_City], [o].[Address_Country], [o].[Address_PostalCode], [o].[Address_State], [o].[Address_Street], [o].[Address_UnitNumber]
FROM [Organizations] AS [o]
WHERE 0 = 1
2024-09-16 03:22:06.026 +05:00 [INF] Executed action method DynamiqCore.API.Controllers.OrganizationController.GetAll (DynamiqCore.API), returned result Microsoft.AspNetCore.Mvc.OkObjectResult in 9380.7124ms.
2024-09-16 03:22:06.031 +05:00 [INF] Executing OkObjectResult, writing value of type 'DynamiqCore.Application.Common.PagedResult`1[[DynamiqCore.Application.Organizations.Dtos.OrganizationDto, DynamiqCore.Application, Version=1.0.0.0, Culture=neutral, PublicKeyToken=null]]'.
2024-09-16 03:22:06.043 +05:00 [INF] Executed action DynamiqCore.API.Controllers.OrganizationController.GetAll (DynamiqCore.API) in 9399.9001ms
2024-09-16 03:22:06.047 +05:00 [INF] Executed endpoint 'DynamiqCore.API.Controllers.OrganizationController.GetAll (DynamiqCore.API)'
2024-09-16 03:22:06.048 +05:00 [INF] Request finished HTTP/1.1 GET http://localhost:5137/api/organizations/v1 - 200 null application/json; charset=utf-8 9432.1947ms
2024-09-16 03:22:32.547 +05:00 [INF] Request starting HTTP/1.1 GET http://localhost:5137/swagger/index.html - null null
2024-09-16 03:22:32.644 +05:00 [INF] Request finished HTTP/1.1 GET http://localhost:5137/swagger/index.html - 200 null text/html;charset=utf-8 101.7748ms
2024-09-16 03:22:32.670 +05:00 [INF] Request starting HTTP/1.1 GET http://localhost:5137/swagger/index.js - null null
2024-09-16 03:22:32.675 +05:00 [INF] Request finished HTTP/1.1 GET http://localhost:5137/swagger/index.js - 200 null application/javascript;charset=utf-8 5.3423ms
2024-09-16 03:22:33.277 +05:00 [INF] Request starting HTTP/1.1 GET http://localhost:5137/swagger/v1/swagger.json - null null
2024-09-16 03:22:33.471 +05:00 [INF] Request finished HTTP/1.1 GET http://localhost:5137/swagger/v1/swagger.json - 200 null application/json;charset=utf-8 194.8136ms
2024-09-16 03:22:42.324 +05:00 [INF] Request starting HTTP/1.1 GET http://localhost:5137/api/organizations/v1 - null null
2024-09-16 03:22:42.333 +05:00 [INF] Executing endpoint 'DynamiqCore.API.Controllers.OrganizationController.GetAll (DynamiqCore.API)'
2024-09-16 03:22:42.337 +05:00 [INF] Route matched with {action = "GetAll", controller = "Organization"}. Executing controller action with signature System.Threading.Tasks.Task`1[Microsoft.AspNetCore.Mvc.ActionResult`1[System.Collections.Generic.IEnumerable`1[DynamiqCore.Application.Organizations.Dtos.OrganizationDto]]] GetAll() on controller DynamiqCore.API.Controllers.OrganizationController (DynamiqCore.API).
2024-09-16 03:22:42.339 +05:00 [INF] Executing action method DynamiqCore.API.Controllers.OrganizationController.GetAll (DynamiqCore.API) - Validation state: "Valid"
2024-09-16 03:22:47.184 +05:00 [INF] Getting all organizations
2024-09-16 03:22:47.202 +05:00 [INF] Executed DbCommand (3ms) [Parameters=[], CommandType='"Text"', CommandTimeout='30']
SELECT COUNT(*)
FROM [Organizations] AS [o]
2024-09-16 03:22:47.214 +05:00 [INF] Executed DbCommand (1ms) [Parameters=[], CommandType='"Text"', CommandTimeout='30']
SELECT [o].[OrganizationId], [o].[CreateAt], [o].[CreatedBy], [o].[Description], [o].[Name], [o].[ParentOrganizationId], [o].[RowVersion], [o].[UpdateAt], [o].[UpdatedBy], [o].[Address_City], [o].[Address_Country], [o].[Address_PostalCode], [o].[Address_State], [o].[Address_Street], [o].[Address_UnitNumber]
FROM [Organizations] AS [o]
WHERE 0 = 1
2024-09-16 03:22:47.219 +05:00 [INF] Executed action method DynamiqCore.API.Controllers.OrganizationController.GetAll (DynamiqCore.API), returned result Microsoft.AspNetCore.Mvc.OkObjectResult in 4877.7603ms.
2024-09-16 03:22:47.221 +05:00 [INF] Executing OkObjectResult, writing value of type 'DynamiqCore.Application.Common.PagedResult`1[[DynamiqCore.Application.Organizations.Dtos.OrganizationDto, DynamiqCore.Application, Version=1.0.0.0, Culture=neutral, PublicKeyToken=null]]'.
2024-09-16 03:22:47.222 +05:00 [INF] Executed action DynamiqCore.API.Controllers.OrganizationController.GetAll (DynamiqCore.API) in 4883.1261ms
2024-09-16 03:22:47.224 +05:00 [INF] Executed endpoint 'DynamiqCore.API.Controllers.OrganizationController.GetAll (DynamiqCore.API)'
2024-09-16 03:22:47.226 +05:00 [INF] Request finished HTTP/1.1 GET http://localhost:5137/api/organizations/v1 - 200 null application/json; charset=utf-8 4900.9959ms
2024-09-16 03:23:18.620 +05:00 [INF] User profile is available. Using 'C:\Users\naveed\AppData\Local\ASP.NET\DataProtection-Keys' as key repository and Windows DPAPI to encrypt keys at rest.
2024-09-16 03:23:19.102 +05:00 [INF] Now listening on: http://localhost:5137
2024-09-16 03:23:19.107 +05:00 [INF] Application started. Press Ctrl+C to shut down.
2024-09-16 03:23:19.109 +05:00 [INF] Hosting environment: Development
2024-09-16 03:23:19.110 +05:00 [INF] Content root path: D:\Personal\Repos\DynamiqCore\DynamiqCore.API
2024-09-16 03:23:19.429 +05:00 [INF] Request starting HTTP/1.1 GET http://localhost:5137/weatherforecast - null null
2024-09-16 03:23:19.536 +05:00 [WRN] Failed to determine the https port for redirect.
2024-09-16 03:23:19.542 +05:00 [INF] Executing endpoint 'DynamiqCore.API.Controllers.WeatherForecastController.Get (DynamiqCore.API)'
2024-09-16 03:23:19.570 +05:00 [INF] Route matched with {action = "Get", controller = "WeatherForecast"}. Executing controller action with signature System.Collections.Generic.IEnumerable`1[DynamiqCore.API.WeatherForecast] Get() on controller DynamiqCore.API.Controllers.WeatherForecastController (DynamiqCore.API).
2024-09-16 03:23:19.581 +05:00 [INF] Executing action method DynamiqCore.API.Controllers.WeatherForecastController.Get (DynamiqCore.API) - Validation state: "Valid"
2024-09-16 03:23:19.590 +05:00 [INF] Executed action method DynamiqCore.API.Controllers.WeatherForecastController.Get (DynamiqCore.API), returned result Microsoft.AspNetCore.Mvc.ObjectResult in 1.3807ms.
2024-09-16 03:23:19.622 +05:00 [INF] Executing ObjectResult, writing value of type 'DynamiqCore.API.WeatherForecast[]'.
2024-09-16 03:23:19.678 +05:00 [INF] Executed action DynamiqCore.API.Controllers.WeatherForecastController.Get (DynamiqCore.API) in 99.6854ms
2024-09-16 03:23:19.681 +05:00 [INF] Executed endpoint 'DynamiqCore.API.Controllers.WeatherForecastController.Get (DynamiqCore.API)'
2024-09-16 03:23:19.685 +05:00 [INF] Request finished HTTP/1.1 GET http://localhost:5137/weatherforecast - 200 null application/json; charset=utf-8 259.0892ms
2024-09-16 03:23:22.942 +05:00 [INF] Request starting HTTP/1.1 GET http://localhost:5137/api/organizations/v1 - null null
2024-09-16 03:23:22.958 +05:00 [INF] Executing endpoint 'DynamiqCore.API.Controllers.OrganizationController.GetAll (DynamiqCore.API)'
2024-09-16 03:23:22.966 +05:00 [INF] Route matched with {action = "GetAll", controller = "Organization"}. Executing controller action with signature System.Threading.Tasks.Task`1[Microsoft.AspNetCore.Mvc.ActionResult`1[System.Collections.Generic.IEnumerable`1[DynamiqCore.Application.Organizations.Dtos.OrganizationDto]]] GetAll() on controller DynamiqCore.API.Controllers.OrganizationController (DynamiqCore.API).
2024-09-16 03:23:22.973 +05:00 [INF] Executing action method DynamiqCore.API.Controllers.OrganizationController.GetAll (DynamiqCore.API) - Validation state: "Valid"
2024-09-16 03:23:26.625 +05:00 [INF] Getting all organizations
2024-09-16 03:23:28.579 +05:00 [INF] Executed DbCommand (49ms) [Parameters=[], CommandType='"Text"', CommandTimeout='30']
SELECT COUNT(*)
FROM [Organizations] AS [o]
2024-09-16 03:23:28.649 +05:00 [WRN] The query uses a row limiting operator ('Skip'/'Take') without an 'OrderBy' operator. This may lead to unpredictable results. If the 'Distinct' operator is used after 'OrderBy', then make sure to use the 'OrderBy' operator after 'Distinct' as the ordering would otherwise get erased.
2024-09-16 03:23:28.652 +05:00 [WRN] The query uses a row limiting operator ('Skip'/'Take') without an 'OrderBy' operator. This may lead to unpredictable results. If the 'Distinct' operator is used after 'OrderBy', then make sure to use the 'OrderBy' operator after 'Distinct' as the ordering would otherwise get erased.
2024-09-16 03:23:28.729 +05:00 [INF] Executed DbCommand (8ms) [Parameters=[], CommandType='"Text"', CommandTimeout='30']
SELECT [o].[OrganizationId], [o].[CreateAt], [o].[CreatedBy], [o].[Description], [o].[Name], [o].[ParentOrganizationId], [o].[RowVersion], [o].[UpdateAt], [o].[UpdatedBy], [o].[Address_City], [o].[Address_Country], [o].[Address_PostalCode], [o].[Address_State], [o].[Address_Street], [o].[Address_UnitNumber]
FROM [Organizations] AS [o]
WHERE 0 = 1
2024-09-16 03:23:28.762 +05:00 [INF] Executed action method DynamiqCore.API.Controllers.OrganizationController.GetAll (DynamiqCore.API), returned result Microsoft.AspNetCore.Mvc.OkObjectResult in 5786.2238ms.
2024-09-16 03:23:28.768 +05:00 [INF] Executing OkObjectResult, writing value of type 'DynamiqCore.Application.Common.PagedResult`1[[DynamiqCore.Application.Organizations.Dtos.OrganizationDto, DynamiqCore.Application, Version=1.0.0.0, Culture=neutral, PublicKeyToken=null]]'.
2024-09-16 03:23:28.781 +05:00 [INF] Executed action DynamiqCore.API.Controllers.OrganizationController.GetAll (DynamiqCore.API) in 5808.4691ms
2024-09-16 03:23:28.785 +05:00 [INF] Executed endpoint 'DynamiqCore.API.Controllers.OrganizationController.GetAll (DynamiqCore.API)'
2024-09-16 03:23:28.801 +05:00 [INF] Request finished HTTP/1.1 GET http://localhost:5137/api/organizations/v1 - 200 null application/json; charset=utf-8 5858.6324ms
2024-09-16 19:25:40.304 +05:00 [INF] Executed DbCommand (53ms) [Parameters=[], CommandType='"Text"', CommandTimeout='30']
SELECT 1
2024-09-16 19:25:43.051 +05:00 [INF] Executed DbCommand (11ms) [Parameters=[], CommandType='"Text"', CommandTimeout='30']
SELECT CASE
    WHEN EXISTS (
        SELECT 1
        FROM [AspNetRoles] AS [a]) THEN CAST(1 AS bit)
    ELSE CAST(0 AS bit)
END
2024-09-16 19:25:46.407 +05:00 [INF] Executed DbCommand (94ms) [Parameters=[@p0='?' (Size = 450), @p1='?' (Size = 4000), @p2='?' (Size = 256), @p3='?' (Size = 256), @p4='?' (Size = 450), @p5='?' (Size = 4000), @p6='?' (Size = 256), @p7='?' (Size = 256), @p8='?' (Size = 450), @p9='?' (Size = 4000), @p10='?' (Size = 256), @p11='?' (Size = 256), @p12='?' (Size = 450), @p13='?' (Size = 4000), @p14='?' (Size = 256), @p15='?' (Size = 256)], CommandType='"Text"', CommandTimeout='30']
SET IMPLICIT_TRANSACTIONS OFF;
SET NOCOUNT ON;
INSERT INTO [AspNetRoles] ([Id], [ConcurrencyStamp], [Name], [NormalizedName])
VALUES (@p0, @p1, @p2, @p3),
(@p4, @p5, @p6, @p7),
(@p8, @p9, @p10, @p11),
(@p12, @p13, @p14, @p15);
2024-09-16 19:25:49.295 +05:00 [INF] User profile is available. Using 'C:\Users\naveed\AppData\Local\ASP.NET\DataProtection-Keys' as key repository and Windows DPAPI to encrypt keys at rest.
2024-09-16 19:25:49.682 +05:00 [INF] Now listening on: http://localhost:5137
2024-09-16 19:25:49.687 +05:00 [INF] Application started. Press Ctrl+C to shut down.
2024-09-16 19:25:49.690 +05:00 [INF] Hosting environment: Development
2024-09-16 19:25:49.693 +05:00 [INF] Content root path: D:\Personal\Repos\DynamiqCore\DynamiqCore.API
2024-09-16 19:26:10.208 +05:00 [INF] Request starting HTTP/1.1 GET http://localhost:5137/weatherforecast - null null
2024-09-16 19:26:10.307 +05:00 [WRN] Failed to determine the https port for redirect.
2024-09-16 19:26:10.312 +05:00 [INF] Executing endpoint 'DynamiqCore.API.Controllers.WeatherForecastController.Get (DynamiqCore.API)'
2024-09-16 19:26:10.339 +05:00 [INF] Route matched with {action = "Get", controller = "WeatherForecast"}. Executing controller action with signature System.Collections.Generic.IEnumerable`1[DynamiqCore.API.WeatherForecast] Get() on controller DynamiqCore.API.Controllers.WeatherForecastController (DynamiqCore.API).
2024-09-16 19:26:10.353 +05:00 [INF] Executing action method DynamiqCore.API.Controllers.WeatherForecastController.Get (DynamiqCore.API) - Validation state: "Valid"
2024-09-16 19:26:10.360 +05:00 [INF] Executed action method DynamiqCore.API.Controllers.WeatherForecastController.Get (DynamiqCore.API), returned result Microsoft.AspNetCore.Mvc.ObjectResult in 1.9527ms.
2024-09-16 19:26:10.390 +05:00 [INF] Executing ObjectResult, writing value of type 'DynamiqCore.API.WeatherForecast[]'.
2024-09-16 19:26:10.506 +05:00 [INF] Executed action DynamiqCore.API.Controllers.WeatherForecastController.Get (DynamiqCore.API) in 156.4614ms
2024-09-16 19:26:10.511 +05:00 [INF] Executed endpoint 'DynamiqCore.API.Controllers.WeatherForecastController.Get (DynamiqCore.API)'
2024-09-16 19:26:10.522 +05:00 [INF] Request finished HTTP/1.1 GET http://localhost:5137/weatherforecast - 200 null application/json; charset=utf-8 316.709ms
2024-09-16 19:26:11.262 +05:00 [INF] Request starting HTTP/1.1 GET http://localhost:5137/favicon.ico - null null
2024-09-16 19:26:11.309 +05:00 [INF] Request finished HTTP/1.1 GET http://localhost:5137/favicon.ico - 404 0 null 46.9259ms
2024-09-16 19:26:11.348 +05:00 [INF] Request reached the end of the middleware pipeline without being handled by application code. Request path: GET http://localhost:5137/favicon.ico, Response status code: 404
2024-09-16 19:34:40.501 +05:00 [INF] Executed DbCommand (55ms) [Parameters=[], CommandType='"Text"', CommandTimeout='30']
SELECT 1
2024-09-16 19:34:40.943 +05:00 [INF] Executed DbCommand (12ms) [Parameters=[], CommandType='"Text"', CommandTimeout='30']
SELECT CASE
    WHEN EXISTS (
        SELECT 1
        FROM [AspNetRoles] AS [a]) THEN CAST(1 AS bit)
    ELSE CAST(0 AS bit)
END
2024-09-16 19:34:41.033 +05:00 [INF] User profile is available. Using 'C:\Users\naveed\AppData\Local\ASP.NET\DataProtection-Keys' as key repository and Windows DPAPI to encrypt keys at rest.
2024-09-16 19:34:41.429 +05:00 [INF] Now listening on: http://localhost:5137
2024-09-16 19:34:41.434 +05:00 [INF] Application started. Press Ctrl+C to shut down.
2024-09-16 19:34:41.436 +05:00 [INF] Hosting environment: Development
2024-09-16 19:34:41.437 +05:00 [INF] Content root path: D:\Personal\Repos\DynamiqCore\DynamiqCore.API
2024-09-16 19:48:14.031 +05:00 [INF] Request starting HTTP/1.1 POST http://localhost:5137/api/identity/v1/register - application/json 76
2024-09-16 19:48:14.164 +05:00 [WRN] Failed to determine the https port for redirect.
2024-09-16 19:48:14.170 +05:00 [INF] Executing endpoint 'HTTP: POST api/identity/v1/register'
2024-09-16 19:48:14.722 +05:00 [INF] Executed DbCommand (64ms) [Parameters=[@__normalizedUserName_0='?' (Size = 256)], CommandType='"Text"', CommandTimeout='30']
SELECT TOP(1) [a].[Id], [a].[AccessFailedCount], [a].[ConcurrencyStamp], [a].[DateOfBirth], [a].[Email], [a].[EmailConfirmed], [a].[LockoutEnabled], [a].[LockoutEnd], [a].[Nationality], [a].[NormalizedEmail], [a].[NormalizedUserName], [a].[OrganizationId], [a].[PasswordHash], [a].[PhoneNumber], [a].[PhoneNumberConfirmed], [a].[SecurityStamp], [a].[TwoFactorEnabled], [a].[UserName]
FROM [AspNetUsers] AS [a]
WHERE [a].[NormalizedUserName] = @__normalizedUserName_0
2024-09-16 19:48:15.143 +05:00 [INF] Executed DbCommand (12ms) [Parameters=[@p0='?' (Size = 450), @p1='?' (DbType = Int32), @p2='?' (Size = 4000), @p3='?' (DbType = Date), @p4='?' (Size = 256), @p5='?' (DbType = Boolean), @p6='?' (DbType = Boolean), @p7='?' (DbType = DateTimeOffset), @p8='?' (Size = 4000), @p9='?' (Size = 256), @p10='?' (Size = 256), @p11='?' (DbType = Guid), @p12='?' (Size = 4000), @p13='?' (Size = 4000), @p14='?' (DbType = Boolean), @p15='?' (Size = 4000), @p16='?' (DbType = Boolean), @p17='?' (Size = 256)], CommandType='"Text"', CommandTimeout='30']
SET IMPLICIT_TRANSACTIONS OFF;
SET NOCOUNT ON;
INSERT INTO [AspNetUsers] ([Id], [AccessFailedCount], [ConcurrencyStamp], [DateOfBirth], [Email], [EmailConfirmed], [LockoutEnabled], [LockoutEnd], [Nationality], [NormalizedEmail], [NormalizedUserName], [OrganizationId], [PasswordHash], [PhoneNumber], [PhoneNumberConfirmed], [SecurityStamp], [TwoFactorEnabled], [UserName])
VALUES (@p0, @p1, @p2, @p3, @p4, @p5, @p6, @p7, @p8, @p9, @p10, @p11, @p12, @p13, @p14, @p15, @p16, @p17);
2024-09-16 19:48:15.204 +05:00 [INF] Setting HTTP status code 200.
2024-09-16 19:48:15.208 +05:00 [INF] Executed endpoint 'HTTP: POST api/identity/v1/register'
2024-09-16 19:48:15.231 +05:00 [INF] Request finished HTTP/1.1 POST http://localhost:5137/api/identity/v1/register - 200 0 null 1201.3105ms
2024-09-16 19:48:28.999 +05:00 [INF] Request starting HTTP/1.1 POST http://localhost:5137/api/identity/v1/register - application/json 75
2024-09-16 19:48:29.011 +05:00 [INF] Executing endpoint 'HTTP: POST api/identity/v1/register'
2024-09-16 19:48:29.193 +05:00 [INF] Executed DbCommand (1ms) [Parameters=[@__normalizedUserName_0='?' (Size = 256)], CommandType='"Text"', CommandTimeout='30']
SELECT TOP(1) [a].[Id], [a].[AccessFailedCount], [a].[ConcurrencyStamp], [a].[DateOfBirth], [a].[Email], [a].[EmailConfirmed], [a].[LockoutEnabled], [a].[LockoutEnd], [a].[Nationality], [a].[NormalizedEmail], [a].[NormalizedUserName], [a].[OrganizationId], [a].[PasswordHash], [a].[PhoneNumber], [a].[PhoneNumberConfirmed], [a].[SecurityStamp], [a].[TwoFactorEnabled], [a].[UserName]
FROM [AspNetUsers] AS [a]
WHERE [a].[NormalizedUserName] = @__normalizedUserName_0
2024-09-16 19:48:29.202 +05:00 [INF] Executed DbCommand (3ms) [Parameters=[@p0='?' (Size = 450), @p1='?' (DbType = Int32), @p2='?' (Size = 4000), @p3='?' (DbType = Date), @p4='?' (Size = 256), @p5='?' (DbType = Boolean), @p6='?' (DbType = Boolean), @p7='?' (DbType = DateTimeOffset), @p8='?' (Size = 4000), @p9='?' (Size = 256), @p10='?' (Size = 256), @p11='?' (DbType = Guid), @p12='?' (Size = 4000), @p13='?' (Size = 4000), @p14='?' (DbType = Boolean), @p15='?' (Size = 4000), @p16='?' (DbType = Boolean), @p17='?' (Size = 256)], CommandType='"Text"', CommandTimeout='30']
SET IMPLICIT_TRANSACTIONS OFF;
SET NOCOUNT ON;
INSERT INTO [AspNetUsers] ([Id], [AccessFailedCount], [ConcurrencyStamp], [DateOfBirth], [Email], [EmailConfirmed], [LockoutEnabled], [LockoutEnd], [Nationality], [NormalizedEmail], [NormalizedUserName], [OrganizationId], [PasswordHash], [PhoneNumber], [PhoneNumberConfirmed], [SecurityStamp], [TwoFactorEnabled], [UserName])
VALUES (@p0, @p1, @p2, @p3, @p4, @p5, @p6, @p7, @p8, @p9, @p10, @p11, @p12, @p13, @p14, @p15, @p16, @p17);
2024-09-16 19:48:29.208 +05:00 [INF] Setting HTTP status code 200.
2024-09-16 19:48:29.209 +05:00 [INF] Executed endpoint 'HTTP: POST api/identity/v1/register'
2024-09-16 19:48:29.211 +05:00 [INF] Request finished HTTP/1.1 POST http://localhost:5137/api/identity/v1/register - 200 0 null 211.6279ms
2024-09-16 19:48:38.595 +05:00 [INF] Request starting HTTP/1.1 POST http://localhost:5137/api/identity/v1/register - application/json 78
2024-09-16 19:48:38.603 +05:00 [INF] Executing endpoint 'HTTP: POST api/identity/v1/register'
2024-09-16 19:48:38.726 +05:00 [INF] Executed DbCommand (2ms) [Parameters=[@__normalizedUserName_0='?' (Size = 256)], CommandType='"Text"', CommandTimeout='30']
SELECT TOP(1) [a].[Id], [a].[AccessFailedCount], [a].[ConcurrencyStamp], [a].[DateOfBirth], [a].[Email], [a].[EmailConfirmed], [a].[LockoutEnabled], [a].[LockoutEnd], [a].[Nationality], [a].[NormalizedEmail], [a].[NormalizedUserName], [a].[OrganizationId], [a].[PasswordHash], [a].[PhoneNumber], [a].[PhoneNumberConfirmed], [a].[SecurityStamp], [a].[TwoFactorEnabled], [a].[UserName]
FROM [AspNetUsers] AS [a]
WHERE [a].[NormalizedUserName] = @__normalizedUserName_0
2024-09-16 19:48:38.734 +05:00 [INF] Executed DbCommand (3ms) [Parameters=[@p0='?' (Size = 450), @p1='?' (DbType = Int32), @p2='?' (Size = 4000), @p3='?' (DbType = Date), @p4='?' (Size = 256), @p5='?' (DbType = Boolean), @p6='?' (DbType = Boolean), @p7='?' (DbType = DateTimeOffset), @p8='?' (Size = 4000), @p9='?' (Size = 256), @p10='?' (Size = 256), @p11='?' (DbType = Guid), @p12='?' (Size = 4000), @p13='?' (Size = 4000), @p14='?' (DbType = Boolean), @p15='?' (Size = 4000), @p16='?' (DbType = Boolean), @p17='?' (Size = 256)], CommandType='"Text"', CommandTimeout='30']
SET IMPLICIT_TRANSACTIONS OFF;
SET NOCOUNT ON;
INSERT INTO [AspNetUsers] ([Id], [AccessFailedCount], [ConcurrencyStamp], [DateOfBirth], [Email], [EmailConfirmed], [LockoutEnabled], [LockoutEnd], [Nationality], [NormalizedEmail], [NormalizedUserName], [OrganizationId], [PasswordHash], [PhoneNumber], [PhoneNumberConfirmed], [SecurityStamp], [TwoFactorEnabled], [UserName])
VALUES (@p0, @p1, @p2, @p3, @p4, @p5, @p6, @p7, @p8, @p9, @p10, @p11, @p12, @p13, @p14, @p15, @p16, @p17);
2024-09-16 19:48:38.740 +05:00 [INF] Setting HTTP status code 200.
2024-09-16 19:48:38.743 +05:00 [INF] Executed endpoint 'HTTP: POST api/identity/v1/register'
2024-09-16 19:48:38.745 +05:00 [INF] Request finished HTTP/1.1 POST http://localhost:5137/api/identity/v1/register - 200 0 null 150.1576ms
2024-09-16 19:48:45.435 +05:00 [INF] Request starting HTTP/1.1 POST http://localhost:5137/api/identity/v1/register - application/json 76
2024-09-16 19:48:45.442 +05:00 [INF] Executing endpoint 'HTTP: POST api/identity/v1/register'
2024-09-16 19:48:45.600 +05:00 [INF] Executed DbCommand (2ms) [Parameters=[@__normalizedUserName_0='?' (Size = 256)], CommandType='"Text"', CommandTimeout='30']
SELECT TOP(1) [a].[Id], [a].[AccessFailedCount], [a].[ConcurrencyStamp], [a].[DateOfBirth], [a].[Email], [a].[EmailConfirmed], [a].[LockoutEnabled], [a].[LockoutEnd], [a].[Nationality], [a].[NormalizedEmail], [a].[NormalizedUserName], [a].[OrganizationId], [a].[PasswordHash], [a].[PhoneNumber], [a].[PhoneNumberConfirmed], [a].[SecurityStamp], [a].[TwoFactorEnabled], [a].[UserName]
FROM [AspNetUsers] AS [a]
WHERE [a].[NormalizedUserName] = @__normalizedUserName_0
2024-09-16 19:48:45.607 +05:00 [INF] Executed DbCommand (2ms) [Parameters=[@p0='?' (Size = 450), @p1='?' (DbType = Int32), @p2='?' (Size = 4000), @p3='?' (DbType = Date), @p4='?' (Size = 256), @p5='?' (DbType = Boolean), @p6='?' (DbType = Boolean), @p7='?' (DbType = DateTimeOffset), @p8='?' (Size = 4000), @p9='?' (Size = 256), @p10='?' (Size = 256), @p11='?' (DbType = Guid), @p12='?' (Size = 4000), @p13='?' (Size = 4000), @p14='?' (DbType = Boolean), @p15='?' (Size = 4000), @p16='?' (DbType = Boolean), @p17='?' (Size = 256)], CommandType='"Text"', CommandTimeout='30']
SET IMPLICIT_TRANSACTIONS OFF;
SET NOCOUNT ON;
INSERT INTO [AspNetUsers] ([Id], [AccessFailedCount], [ConcurrencyStamp], [DateOfBirth], [Email], [EmailConfirmed], [LockoutEnabled], [LockoutEnd], [Nationality], [NormalizedEmail], [NormalizedUserName], [OrganizationId], [PasswordHash], [PhoneNumber], [PhoneNumberConfirmed], [SecurityStamp], [TwoFactorEnabled], [UserName])
VALUES (@p0, @p1, @p2, @p3, @p4, @p5, @p6, @p7, @p8, @p9, @p10, @p11, @p12, @p13, @p14, @p15, @p16, @p17);
2024-09-16 19:48:45.612 +05:00 [INF] Setting HTTP status code 200.
2024-09-16 19:48:45.615 +05:00 [INF] Executed endpoint 'HTTP: POST api/identity/v1/register'
2024-09-16 19:48:45.618 +05:00 [INF] Request finished HTTP/1.1 POST http://localhost:5137/api/identity/v1/register - 200 0 null 182.6763ms
2024-09-16 19:49:18.103 +05:00 [INF] Request starting HTTP/1.1 POST http://localhost:5137/api/identity/v1/login - application/json 76
2024-09-16 19:49:18.108 +05:00 [INF] Executing endpoint 'HTTP: POST api/identity/v1/login'
2024-09-16 19:49:18.131 +05:00 [INF] Executed DbCommand (7ms) [Parameters=[@__normalizedUserName_0='?' (Size = 256)], CommandType='"Text"', CommandTimeout='30']
SELECT TOP(1) [a].[Id], [a].[AccessFailedCount], [a].[ConcurrencyStamp], [a].[DateOfBirth], [a].[Email], [a].[EmailConfirmed], [a].[LockoutEnabled], [a].[LockoutEnd], [a].[Nationality], [a].[NormalizedEmail], [a].[NormalizedUserName], [a].[OrganizationId], [a].[PasswordHash], [a].[PhoneNumber], [a].[PhoneNumberConfirmed], [a].[SecurityStamp], [a].[TwoFactorEnabled], [a].[UserName]
FROM [AspNetUsers] AS [a]
WHERE [a].[NormalizedUserName] = @__normalizedUserName_0
2024-09-16 19:49:18.376 +05:00 [INF] Executed DbCommand (3ms) [Parameters=[@__user_Id_0='?' (Size = 450)], CommandType='"Text"', CommandTimeout='30']
SELECT [a].[Id], [a].[ClaimType], [a].[ClaimValue], [a].[UserId]
FROM [AspNetUserClaims] AS [a]
WHERE [a].[UserId] = @__user_Id_0
2024-09-16 19:49:18.417 +05:00 [INF] AuthenticationScheme: Identity.Bearer signed in.
2024-09-16 19:49:18.454 +05:00 [INF] Executed endpoint 'HTTP: POST api/identity/v1/login'
2024-09-16 19:49:18.457 +05:00 [INF] Request finished HTTP/1.1 POST http://localhost:5137/api/identity/v1/login - 200 null application/json; charset=utf-8 353.9004ms
2024-09-16 19:55:51.495 +05:00 [INF] Request starting HTTP/1.1 POST http://localhost:5137/}/api/identity/v1/login - application/json 76
2024-09-16 19:55:51.501 +05:00 [INF] Request finished HTTP/1.1 POST http://localhost:5137/}/api/identity/v1/login - 404 0 null 5.7625ms
2024-09-16 19:55:51.506 +05:00 [INF] Request reached the end of the middleware pipeline without being handled by application code. Request path: POST http://localhost:5137/%7D/api/identity/v1/login, Response status code: 404
2024-09-16 19:56:06.578 +05:00 [INF] Request starting HTTP/1.1 POST http://localhost:5137//api/identity/v1/login - application/json 76
2024-09-16 19:56:06.583 +05:00 [INF] Request finished HTTP/1.1 POST http://localhost:5137//api/identity/v1/login - 404 0 null 5.0181ms
2024-09-16 19:56:06.590 +05:00 [INF] Request reached the end of the middleware pipeline without being handled by application code. Request path: POST http://localhost:5137//api/identity/v1/login, Response status code: 404
2024-09-16 19:56:48.381 +05:00 [INF] Request starting HTTP/1.1 POST http://localhost:5137/api/identity/v1/login - application/json 76
2024-09-16 19:56:48.395 +05:00 [INF] Executing endpoint 'HTTP: POST api/identity/v1/login'
2024-09-16 19:56:48.428 +05:00 [INF] Executed DbCommand (10ms) [Parameters=[@__normalizedUserName_0='?' (Size = 256)], CommandType='"Text"', CommandTimeout='30']
SELECT TOP(1) [a].[Id], [a].[AccessFailedCount], [a].[ConcurrencyStamp], [a].[DateOfBirth], [a].[Email], [a].[EmailConfirmed], [a].[LockoutEnabled], [a].[LockoutEnd], [a].[Nationality], [a].[NormalizedEmail], [a].[NormalizedUserName], [a].[OrganizationId], [a].[PasswordHash], [a].[PhoneNumber], [a].[PhoneNumberConfirmed], [a].[SecurityStamp], [a].[TwoFactorEnabled], [a].[UserName]
FROM [AspNetUsers] AS [a]
WHERE [a].[NormalizedUserName] = @__normalizedUserName_0
2024-09-16 19:56:48.563 +05:00 [INF] Executed DbCommand (3ms) [Parameters=[@__user_Id_0='?' (Size = 450)], CommandType='"Text"', CommandTimeout='30']
SELECT [a].[Id], [a].[ClaimType], [a].[ClaimValue], [a].[UserId]
FROM [AspNetUserClaims] AS [a]
WHERE [a].[UserId] = @__user_Id_0
2024-09-16 19:56:48.568 +05:00 [INF] AuthenticationScheme: Identity.Bearer signed in.
2024-09-16 19:56:48.570 +05:00 [INF] Executed endpoint 'HTTP: POST api/identity/v1/login'
2024-09-16 19:56:48.572 +05:00 [INF] Request finished HTTP/1.1 POST http://localhost:5137/api/identity/v1/login - 200 null application/json; charset=utf-8 190.4092ms
