2025-03-12 05:50:59.685 +05:00 [INF] User profile is available. Using 'C:\Users\naveed\AppData\Local\ASP.NET\DataProtection-Keys' as key repository and Windows DPAPI to encrypt keys at rest.
2025-03-12 05:51:00.645 +05:00 [INF] Now listening on: http://localhost:5137
2025-03-12 05:51:00.670 +05:00 [INF] Application started. Press Ctrl+C to shut down.
2025-03-12 05:51:00.672 +05:00 [INF] Hosting environment: Development
2025-03-12 05:51:00.674 +05:00 [INF] Content root path: D:\Personal\Repos\DynamiqCore\DynamiqCore.API
2025-03-12 05:51:01.335 +05:00 [INF] Request starting HTTP/1.1 GET http://localhost:5137/swagger - null null
2025-03-12 05:51:01.487 +05:00 [INF] Request finished HTTP/1.1 GET http://localhost:5137/swagger - 301 0 null 155.7671ms
2025-03-12 05:51:01.846 +05:00 [INF] Request starting HTTP/1.1 GET http://localhost:5137/swagger/index.html - null null
2025-03-12 05:51:02.058 +05:00 [INF] Request finished HTTP/1.1 GET http://localhost:5137/swagger/index.html - 200 null text/html;charset=utf-8 211.5444ms
2025-03-12 05:51:02.117 +05:00 [INF] Request starting HTTP/1.1 GET http://localhost:5137/swagger/swagger-ui.css - null null
2025-03-12 05:51:02.117 +05:00 [INF] Request starting HTTP/1.1 GET http://localhost:5137/swagger/index.css - null null
2025-03-12 05:51:02.122 +05:00 [INF] Request starting HTTP/1.1 GET http://localhost:5137/swagger/swagger-ui-bundle.js - null null
2025-03-12 05:51:02.132 +05:00 [INF] Request starting HTTP/1.1 GET http://localhost:5137/swagger/swagger-ui-standalone-preset.js - null null
2025-03-12 05:51:02.280 +05:00 [INF] Request starting HTTP/1.1 GET http://localhost:5137/swagger/index.js - null null
2025-03-12 05:51:02.286 +05:00 [INF] Request finished HTTP/1.1 GET http://localhost:5137/swagger/index.js - 200 null application/javascript;charset=utf-8 6.0281ms
2025-03-12 05:51:02.362 +05:00 [INF] Sending file. Request path: '/index.css'. Physical path: 'N/A'
2025-03-12 05:51:02.393 +05:00 [INF] Sending file. Request path: '/swagger-ui-standalone-preset.js'. Physical path: 'N/A'
2025-03-12 05:51:02.427 +05:00 [INF] Sending file. Request path: '/swagger-ui.css'. Physical path: 'N/A'
2025-03-12 05:51:02.461 +05:00 [INF] Sending file. Request path: '/swagger-ui-bundle.js'. Physical path: 'N/A'
2025-03-12 05:51:02.471 +05:00 [INF] Request finished HTTP/1.1 GET http://localhost:5137/swagger/index.css - 200 202 text/css 353.582ms
2025-03-12 05:51:02.508 +05:00 [INF] Request finished HTTP/1.1 GET http://localhost:5137/swagger/swagger-ui.css - 200 152034 text/css 391.7777ms
2025-03-12 05:51:02.508 +05:00 [INF] Request finished HTTP/1.1 GET http://localhost:5137/swagger/swagger-ui-standalone-preset.js - 200 230293 text/javascript 378.4621ms
2025-03-12 05:51:02.515 +05:00 [INF] Request finished HTTP/1.1 GET http://localhost:5137/swagger/swagger-ui-bundle.js - 200 1452753 text/javascript 392.7505ms
2025-03-12 05:51:03.735 +05:00 [INF] Request starting HTTP/1.1 GET http://localhost:5137/swagger/v1/swagger.json - null null
2025-03-12 05:51:03.737 +05:00 [INF] Request starting HTTP/1.1 GET http://localhost:5137/swagger/favicon-32x32.png - null null
2025-03-12 05:51:03.759 +05:00 [INF] Sending file. Request path: '/favicon-32x32.png'. Physical path: 'N/A'
2025-03-12 05:51:03.763 +05:00 [INF] Request finished HTTP/1.1 GET http://localhost:5137/swagger/favicon-32x32.png - 200 628 image/png 26.1049ms
2025-03-12 05:51:04.160 +05:00 [INF] Request finished HTTP/1.1 GET http://localhost:5137/swagger/v1/swagger.json - 200 null application/json;charset=utf-8 424.6627ms
2025-03-12 05:54:24.893 +05:00 [INF] Request starting HTTP/1.1 OPTIONS http://localhost:5137/api/account/v1/login - null null
2025-03-12 05:54:24.922 +05:00 [INF] CORS policy execution successful.
2025-03-12 05:54:24.926 +05:00 [INF] Request finished HTTP/1.1 OPTIONS http://localhost:5137/api/account/v1/login - 204 null null 32.2006ms
2025-03-12 05:54:24.944 +05:00 [INF] Request starting HTTP/1.1 POST http://localhost:5137/api/account/v1/login - application/json 70
2025-03-12 05:54:24.952 +05:00 [INF] CORS policy execution successful.
2025-03-12 05:54:24.957 +05:00 [WRN] Failed to determine the https port for redirect.
2025-03-12 05:54:24.978 +05:00 [INF] Executing endpoint 'DynamiqCore.API.Controllers.AccountController.Login (DynamiqCore.API)'
2025-03-12 05:54:25.026 +05:00 [INF] Route matched with {action = "Login", controller = "Account"}. Executing controller action with signature System.Threading.Tasks.Task`1[Microsoft.AspNetCore.Mvc.IActionResult] Login(DynamiqCore.Application.Users.Commands.Login.LoginCommand) on controller DynamiqCore.API.Controllers.AccountController (DynamiqCore.API).
2025-03-12 05:54:25.182 +05:00 [INF] Executing action method DynamiqCore.API.Controllers.AccountController.Login (DynamiqCore.API) - Validation state: "Valid"
2025-03-12 05:54:39.010 +05:00 [INF] Executed DbCommand (278ms) [Parameters=[@__normalizedUserName_0='?' (Size = 256)], CommandType='"Text"', CommandTimeout='30']
SELECT TOP(1) [a].[Id], [a].[AccessFailedCount], [a].[ConcurrencyStamp], [a].[DateOfBirth], [a].[Email], [a].[EmailConfirmed], [a].[FirstName], [a].[LastName], [a].[LockoutEnabled], [a].[LockoutEnd], [a].[Nationality], [a].[NormalizedEmail], [a].[NormalizedUserName], [a].[OrganizationId], [a].[PasswordHash], [a].[PhoneNumber], [a].[PhoneNumberConfirmed], [a].[SecurityStamp], [a].[TwoFactorEnabled], [a].[UserName]
FROM [AspNetUsers] AS [a]
WHERE [a].[NormalizedUserName] = @__normalizedUserName_0
2025-03-12 05:54:39.329 +05:00 [INF] Executed DbCommand (4ms) [Parameters=[@__normalizedUserName_0='?' (Size = 256)], CommandType='"Text"', CommandTimeout='30']
SELECT TOP(1) [a].[Id], [a].[AccessFailedCount], [a].[ConcurrencyStamp], [a].[DateOfBirth], [a].[Email], [a].[EmailConfirmed], [a].[FirstName], [a].[LastName], [a].[LockoutEnabled], [a].[LockoutEnd], [a].[Nationality], [a].[NormalizedEmail], [a].[NormalizedUserName], [a].[OrganizationId], [a].[PasswordHash], [a].[PhoneNumber], [a].[PhoneNumberConfirmed], [a].[SecurityStamp], [a].[TwoFactorEnabled], [a].[UserName]
FROM [AspNetUsers] AS [a]
WHERE [a].[NormalizedUserName] = @__normalizedUserName_0
2025-03-12 05:54:39.722 +05:00 [INF] Executed DbCommand (8ms) [Parameters=[@__user_Id_0='?' (Size = 450)], CommandType='"Text"', CommandTimeout='30']
SELECT [a].[Id], [a].[ClaimType], [a].[ClaimValue], [a].[UserId]
FROM [AspNetUserClaims] AS [a]
WHERE [a].[UserId] = @__user_Id_0
2025-03-12 05:54:39.798 +05:00 [INF] Executed DbCommand (8ms) [Parameters=[@__userId_0='?' (Size = 450)], CommandType='"Text"', CommandTimeout='30']
SELECT [a0].[Name]
FROM [AspNetUserRoles] AS [a]
INNER JOIN [AspNetRoles] AS [a0] ON [a].[RoleId] = [a0].[Id]
WHERE [a].[UserId] = @__userId_0
2025-03-12 05:54:39.844 +05:00 [INF] Executed DbCommand (22ms) [Parameters=[@__normalizedName_0='?' (Size = 256)], CommandType='"Text"', CommandTimeout='30']
SELECT TOP(1) [a].[Id], [a].[ConcurrencyStamp], [a].[Name], [a].[NormalizedName]
FROM [AspNetRoles] AS [a]
WHERE [a].[NormalizedName] = @__normalizedName_0
2025-03-12 05:54:39.901 +05:00 [INF] Executed DbCommand (4ms) [Parameters=[@__role_Id_0='?' (Size = 450)], CommandType='"Text"', CommandTimeout='30']
SELECT [a].[ClaimType], [a].[ClaimValue]
FROM [AspNetRoleClaims] AS [a]
WHERE [a].[RoleId] = @__role_Id_0
2025-03-12 05:54:39.938 +05:00 [INF] AuthenticationScheme: Identity.Application signed in.
2025-03-12 05:54:39.949 +05:00 [INF] Executed DbCommand (2ms) [Parameters=[@__userId_0='?' (Size = 450)], CommandType='"Text"', CommandTimeout='30']
SELECT [a0].[Name]
FROM [AspNetUserRoles] AS [a]
INNER JOIN [AspNetRoles] AS [a0] ON [a].[RoleId] = [a0].[Id]
WHERE [a].[UserId] = @__userId_0
2025-03-12 05:54:53.759 +05:00 [INF] Executed action method DynamiqCore.API.Controllers.AccountController.Login (DynamiqCore.API), returned result Microsoft.AspNetCore.Mvc.ObjectResult in 28569.1137ms.
2025-03-12 05:54:53.776 +05:00 [INF] Executing ObjectResult, writing value of type 'DynamiqCore.Shared.Results.Result`1[[DynamiqCore.Application.Users.Dtos.Login.LoginDto, DynamiqCore.Application, Version=1.0.0.0, Culture=neutral, PublicKeyToken=null]]'.
2025-03-12 05:54:53.802 +05:00 [INF] Executed action DynamiqCore.API.Controllers.AccountController.Login (DynamiqCore.API) in 28769.0896ms
2025-03-12 05:54:53.807 +05:00 [INF] Executed endpoint 'DynamiqCore.API.Controllers.AccountController.Login (DynamiqCore.API)'
2025-03-12 05:54:53.825 +05:00 [INF] Request finished HTTP/1.1 POST http://localhost:5137/api/account/v1/login - 200 null application/json; charset=utf-8 28880.9116ms
2025-03-12 06:52:13.950 +05:00 [INF] Request starting HTTP/1.1 OPTIONS http://localhost:5137/api/account/v1/login - null null
2025-03-12 06:52:13.962 +05:00 [INF] CORS policy execution successful.
2025-03-12 06:52:13.965 +05:00 [INF] Request finished HTTP/1.1 OPTIONS http://localhost:5137/api/account/v1/login - 204 null null 15.8604ms
2025-03-12 06:52:13.984 +05:00 [INF] Request starting HTTP/1.1 POST http://localhost:5137/api/account/v1/login - application/json 69
2025-03-12 06:52:13.991 +05:00 [INF] CORS policy execution successful.
2025-03-12 06:52:13.995 +05:00 [INF] Executing endpoint 'DynamiqCore.API.Controllers.AccountController.Login (DynamiqCore.API)'
2025-03-12 06:52:13.998 +05:00 [INF] Route matched with {action = "Login", controller = "Account"}. Executing controller action with signature System.Threading.Tasks.Task`1[Microsoft.AspNetCore.Mvc.IActionResult] Login(DynamiqCore.Application.Users.Commands.Login.LoginCommand) on controller DynamiqCore.API.Controllers.AccountController (DynamiqCore.API).
2025-03-12 06:52:14.009 +05:00 [INF] Executing action method DynamiqCore.API.Controllers.AccountController.Login (DynamiqCore.API) - Validation state: "Valid"
2025-03-12 06:52:19.213 +05:00 [INF] Executed DbCommand (6ms) [Parameters=[@__normalizedUserName_0='?' (Size = 256)], CommandType='"Text"', CommandTimeout='30']
SELECT TOP(1) [a].[Id], [a].[AccessFailedCount], [a].[ConcurrencyStamp], [a].[DateOfBirth], [a].[Email], [a].[EmailConfirmed], [a].[FirstName], [a].[LastName], [a].[LockoutEnabled], [a].[LockoutEnd], [a].[Nationality], [a].[NormalizedEmail], [a].[NormalizedUserName], [a].[OrganizationId], [a].[PasswordHash], [a].[PhoneNumber], [a].[PhoneNumberConfirmed], [a].[SecurityStamp], [a].[TwoFactorEnabled], [a].[UserName]
FROM [AspNetUsers] AS [a]
WHERE [a].[NormalizedUserName] = @__normalizedUserName_0
2025-03-12 06:52:19.220 +05:00 [INF] Executed DbCommand (1ms) [Parameters=[@__normalizedUserName_0='?' (Size = 256)], CommandType='"Text"', CommandTimeout='30']
SELECT TOP(1) [a].[Id], [a].[AccessFailedCount], [a].[ConcurrencyStamp], [a].[DateOfBirth], [a].[Email], [a].[EmailConfirmed], [a].[FirstName], [a].[LastName], [a].[LockoutEnabled], [a].[LockoutEnd], [a].[Nationality], [a].[NormalizedEmail], [a].[NormalizedUserName], [a].[OrganizationId], [a].[PasswordHash], [a].[PhoneNumber], [a].[PhoneNumberConfirmed], [a].[SecurityStamp], [a].[TwoFactorEnabled], [a].[UserName]
FROM [AspNetUsers] AS [a]
WHERE [a].[NormalizedUserName] = @__normalizedUserName_0
2025-03-12 06:52:19.328 +05:00 [INF] Executed action method DynamiqCore.API.Controllers.AccountController.Login (DynamiqCore.API), returned result Microsoft.AspNetCore.Mvc.ObjectResult in 5315.6706ms.
2025-03-12 06:52:19.332 +05:00 [INF] Executing ObjectResult, writing value of type 'DynamiqCore.Shared.Results.Result`1[[DynamiqCore.Application.Users.Dtos.Login.LoginDto, DynamiqCore.Application, Version=1.0.0.0, Culture=neutral, PublicKeyToken=null]]'.
2025-03-12 06:52:19.336 +05:00 [INF] Executed action DynamiqCore.API.Controllers.AccountController.Login (DynamiqCore.API) in 5332.1511ms
2025-03-12 06:52:19.338 +05:00 [INF] Executed endpoint 'DynamiqCore.API.Controllers.AccountController.Login (DynamiqCore.API)'
2025-03-12 06:52:19.341 +05:00 [INF] Request finished HTTP/1.1 POST http://localhost:5137/api/account/v1/login - 401 null application/json; charset=utf-8 5357.7188ms
2025-03-12 06:52:44.470 +05:00 [INF] Request starting HTTP/1.1 OPTIONS http://localhost:5137/api/account/v1/login - null null
2025-03-12 06:52:44.475 +05:00 [INF] CORS policy execution successful.
2025-03-12 06:52:44.478 +05:00 [INF] Request finished HTTP/1.1 OPTIONS http://localhost:5137/api/account/v1/login - 204 null null 7.1283ms
2025-03-12 06:52:44.498 +05:00 [INF] Request starting HTTP/1.1 POST http://localhost:5137/api/account/v1/login - application/json 70
2025-03-12 06:52:44.503 +05:00 [INF] CORS policy execution successful.
2025-03-12 06:52:44.505 +05:00 [INF] Executing endpoint 'DynamiqCore.API.Controllers.AccountController.Login (DynamiqCore.API)'
2025-03-12 06:52:44.507 +05:00 [INF] Route matched with {action = "Login", controller = "Account"}. Executing controller action with signature System.Threading.Tasks.Task`1[Microsoft.AspNetCore.Mvc.IActionResult] Login(DynamiqCore.Application.Users.Commands.Login.LoginCommand) on controller DynamiqCore.API.Controllers.AccountController (DynamiqCore.API).
2025-03-12 06:52:44.513 +05:00 [INF] Executing action method DynamiqCore.API.Controllers.AccountController.Login (DynamiqCore.API) - Validation state: "Valid"
2025-03-12 06:52:44.540 +05:00 [INF] Executed DbCommand (7ms) [Parameters=[@__normalizedUserName_0='?' (Size = 256)], CommandType='"Text"', CommandTimeout='30']
SELECT TOP(1) [a].[Id], [a].[AccessFailedCount], [a].[ConcurrencyStamp], [a].[DateOfBirth], [a].[Email], [a].[EmailConfirmed], [a].[FirstName], [a].[LastName], [a].[LockoutEnabled], [a].[LockoutEnd], [a].[Nationality], [a].[NormalizedEmail], [a].[NormalizedUserName], [a].[OrganizationId], [a].[PasswordHash], [a].[PhoneNumber], [a].[PhoneNumberConfirmed], [a].[SecurityStamp], [a].[TwoFactorEnabled], [a].[UserName]
FROM [AspNetUsers] AS [a]
WHERE [a].[NormalizedUserName] = @__normalizedUserName_0
2025-03-12 06:52:44.560 +05:00 [INF] Executed DbCommand (2ms) [Parameters=[@__normalizedUserName_0='?' (Size = 256)], CommandType='"Text"', CommandTimeout='30']
SELECT TOP(1) [a].[Id], [a].[AccessFailedCount], [a].[ConcurrencyStamp], [a].[DateOfBirth], [a].[Email], [a].[EmailConfirmed], [a].[FirstName], [a].[LastName], [a].[LockoutEnabled], [a].[LockoutEnd], [a].[Nationality], [a].[NormalizedEmail], [a].[NormalizedUserName], [a].[OrganizationId], [a].[PasswordHash], [a].[PhoneNumber], [a].[PhoneNumberConfirmed], [a].[SecurityStamp], [a].[TwoFactorEnabled], [a].[UserName]
FROM [AspNetUsers] AS [a]
WHERE [a].[NormalizedUserName] = @__normalizedUserName_0
2025-03-12 06:52:44.667 +05:00 [INF] Executed DbCommand (4ms) [Parameters=[@__user_Id_0='?' (Size = 450)], CommandType='"Text"', CommandTimeout='30']
SELECT [a].[Id], [a].[ClaimType], [a].[ClaimValue], [a].[UserId]
FROM [AspNetUserClaims] AS [a]
WHERE [a].[UserId] = @__user_Id_0
2025-03-12 06:52:44.681 +05:00 [INF] Executed DbCommand (4ms) [Parameters=[@__userId_0='?' (Size = 450)], CommandType='"Text"', CommandTimeout='30']
SELECT [a0].[Name]
FROM [AspNetUserRoles] AS [a]
INNER JOIN [AspNetRoles] AS [a0] ON [a].[RoleId] = [a0].[Id]
WHERE [a].[UserId] = @__userId_0
2025-03-12 06:52:44.692 +05:00 [INF] Executed DbCommand (2ms) [Parameters=[@__normalizedName_0='?' (Size = 256)], CommandType='"Text"', CommandTimeout='30']
SELECT TOP(1) [a].[Id], [a].[ConcurrencyStamp], [a].[Name], [a].[NormalizedName]
FROM [AspNetRoles] AS [a]
WHERE [a].[NormalizedName] = @__normalizedName_0
2025-03-12 06:52:44.703 +05:00 [INF] Executed DbCommand (2ms) [Parameters=[@__role_Id_0='?' (Size = 450)], CommandType='"Text"', CommandTimeout='30']
SELECT [a].[ClaimType], [a].[ClaimValue]
FROM [AspNetRoleClaims] AS [a]
WHERE [a].[RoleId] = @__role_Id_0
2025-03-12 06:52:44.711 +05:00 [INF] AuthenticationScheme: Identity.Application signed in.
2025-03-12 06:52:44.715 +05:00 [INF] Executed DbCommand (1ms) [Parameters=[@__userId_0='?' (Size = 450)], CommandType='"Text"', CommandTimeout='30']
SELECT [a0].[Name]
FROM [AspNetUserRoles] AS [a]
INNER JOIN [AspNetRoles] AS [a0] ON [a].[RoleId] = [a0].[Id]
WHERE [a].[UserId] = @__userId_0
2025-03-12 06:52:44.722 +05:00 [INF] Executed action method DynamiqCore.API.Controllers.AccountController.Login (DynamiqCore.API), returned result Microsoft.AspNetCore.Mvc.ObjectResult in 204.7563ms.
2025-03-12 06:52:44.725 +05:00 [INF] Executing ObjectResult, writing value of type 'DynamiqCore.Shared.Results.Result`1[[DynamiqCore.Application.Users.Dtos.Login.LoginDto, DynamiqCore.Application, Version=1.0.0.0, Culture=neutral, PublicKeyToken=null]]'.
2025-03-12 06:52:44.728 +05:00 [INF] Executed action DynamiqCore.API.Controllers.AccountController.Login (DynamiqCore.API) in 216.7447ms
2025-03-12 06:52:44.732 +05:00 [INF] Executed endpoint 'DynamiqCore.API.Controllers.AccountController.Login (DynamiqCore.API)'
2025-03-12 06:52:44.735 +05:00 [INF] Request finished HTTP/1.1 POST http://localhost:5137/api/account/v1/login - 200 null application/json; charset=utf-8 236.7439ms
2025-03-12 06:54:52.378 +05:00 [INF] Request starting HTTP/1.1 OPTIONS http://localhost:5137/api/account/v1/login - null null
2025-03-12 06:54:52.395 +05:00 [INF] CORS policy execution successful.
2025-03-12 06:54:52.398 +05:00 [INF] Request finished HTTP/1.1 OPTIONS http://localhost:5137/api/account/v1/login - 204 null null 19.8843ms
2025-03-12 06:54:52.420 +05:00 [INF] Request starting HTTP/1.1 POST http://localhost:5137/api/account/v1/login - application/json 70
2025-03-12 06:54:52.428 +05:00 [INF] CORS policy execution successful.
2025-03-12 06:54:52.431 +05:00 [INF] Executing endpoint 'DynamiqCore.API.Controllers.AccountController.Login (DynamiqCore.API)'
2025-03-12 06:54:52.433 +05:00 [INF] Route matched with {action = "Login", controller = "Account"}. Executing controller action with signature System.Threading.Tasks.Task`1[Microsoft.AspNetCore.Mvc.IActionResult] Login(DynamiqCore.Application.Users.Commands.Login.LoginCommand) on controller DynamiqCore.API.Controllers.AccountController (DynamiqCore.API).
2025-03-12 06:54:52.440 +05:00 [INF] Executing action method DynamiqCore.API.Controllers.AccountController.Login (DynamiqCore.API) - Validation state: "Valid"
2025-03-12 06:54:52.451 +05:00 [INF] Executed DbCommand (5ms) [Parameters=[@__normalizedUserName_0='?' (Size = 256)], CommandType='"Text"', CommandTimeout='30']
SELECT TOP(1) [a].[Id], [a].[AccessFailedCount], [a].[ConcurrencyStamp], [a].[DateOfBirth], [a].[Email], [a].[EmailConfirmed], [a].[FirstName], [a].[LastName], [a].[LockoutEnabled], [a].[LockoutEnd], [a].[Nationality], [a].[NormalizedEmail], [a].[NormalizedUserName], [a].[OrganizationId], [a].[PasswordHash], [a].[PhoneNumber], [a].[PhoneNumberConfirmed], [a].[SecurityStamp], [a].[TwoFactorEnabled], [a].[UserName]
FROM [AspNetUsers] AS [a]
WHERE [a].[NormalizedUserName] = @__normalizedUserName_0
2025-03-12 06:54:52.461 +05:00 [INF] Executed DbCommand (2ms) [Parameters=[@__normalizedUserName_0='?' (Size = 256)], CommandType='"Text"', CommandTimeout='30']
SELECT TOP(1) [a].[Id], [a].[AccessFailedCount], [a].[ConcurrencyStamp], [a].[DateOfBirth], [a].[Email], [a].[EmailConfirmed], [a].[FirstName], [a].[LastName], [a].[LockoutEnabled], [a].[LockoutEnd], [a].[Nationality], [a].[NormalizedEmail], [a].[NormalizedUserName], [a].[OrganizationId], [a].[PasswordHash], [a].[PhoneNumber], [a].[PhoneNumberConfirmed], [a].[SecurityStamp], [a].[TwoFactorEnabled], [a].[UserName]
FROM [AspNetUsers] AS [a]
WHERE [a].[NormalizedUserName] = @__normalizedUserName_0
2025-03-12 06:54:52.578 +05:00 [INF] Executed DbCommand (4ms) [Parameters=[@__user_Id_0='?' (Size = 450)], CommandType='"Text"', CommandTimeout='30']
SELECT [a].[Id], [a].[ClaimType], [a].[ClaimValue], [a].[UserId]
FROM [AspNetUserClaims] AS [a]
WHERE [a].[UserId] = @__user_Id_0
2025-03-12 06:54:52.588 +05:00 [INF] Executed DbCommand (4ms) [Parameters=[@__userId_0='?' (Size = 450)], CommandType='"Text"', CommandTimeout='30']
SELECT [a0].[Name]
FROM [AspNetUserRoles] AS [a]
INNER JOIN [AspNetRoles] AS [a0] ON [a].[RoleId] = [a0].[Id]
WHERE [a].[UserId] = @__userId_0
2025-03-12 06:54:52.597 +05:00 [INF] Executed DbCommand (2ms) [Parameters=[@__normalizedName_0='?' (Size = 256)], CommandType='"Text"', CommandTimeout='30']
SELECT TOP(1) [a].[Id], [a].[ConcurrencyStamp], [a].[Name], [a].[NormalizedName]
FROM [AspNetRoles] AS [a]
WHERE [a].[NormalizedName] = @__normalizedName_0
2025-03-12 06:54:52.608 +05:00 [INF] Executed DbCommand (3ms) [Parameters=[@__role_Id_0='?' (Size = 450)], CommandType='"Text"', CommandTimeout='30']
SELECT [a].[ClaimType], [a].[ClaimValue]
FROM [AspNetRoleClaims] AS [a]
WHERE [a].[RoleId] = @__role_Id_0
2025-03-12 06:54:52.615 +05:00 [INF] AuthenticationScheme: Identity.Application signed in.
2025-03-12 06:54:52.619 +05:00 [INF] Executed DbCommand (1ms) [Parameters=[@__userId_0='?' (Size = 450)], CommandType='"Text"', CommandTimeout='30']
SELECT [a0].[Name]
FROM [AspNetUserRoles] AS [a]
INNER JOIN [AspNetRoles] AS [a0] ON [a].[RoleId] = [a0].[Id]
WHERE [a].[UserId] = @__userId_0
2025-03-12 06:54:52.623 +05:00 [INF] Executed action method DynamiqCore.API.Controllers.AccountController.Login (DynamiqCore.API), returned result Microsoft.AspNetCore.Mvc.ObjectResult in 179.9465ms.
2025-03-12 06:54:52.627 +05:00 [INF] Executing ObjectResult, writing value of type 'DynamiqCore.Shared.Results.Result`1[[DynamiqCore.Application.Users.Dtos.Login.LoginDto, DynamiqCore.Application, Version=1.0.0.0, Culture=neutral, PublicKeyToken=null]]'.
2025-03-12 06:54:52.630 +05:00 [INF] Executed action DynamiqCore.API.Controllers.AccountController.Login (DynamiqCore.API) in 191.3981ms
2025-03-12 06:54:52.634 +05:00 [INF] Executed endpoint 'DynamiqCore.API.Controllers.AccountController.Login (DynamiqCore.API)'
2025-03-12 06:54:52.636 +05:00 [INF] Request finished HTTP/1.1 POST http://localhost:5137/api/account/v1/login - 200 null application/json; charset=utf-8 215.8931ms
2025-03-12 06:55:53.768 +05:00 [INF] Request starting HTTP/1.1 OPTIONS http://localhost:5137/api/account/v1/login - null null
2025-03-12 06:55:53.783 +05:00 [INF] CORS policy execution successful.
2025-03-12 06:55:53.785 +05:00 [INF] Request finished HTTP/1.1 OPTIONS http://localhost:5137/api/account/v1/login - 204 null null 16.826ms
2025-03-12 06:55:53.804 +05:00 [INF] Request starting HTTP/1.1 POST http://localhost:5137/api/account/v1/login - application/json 70
2025-03-12 06:55:53.811 +05:00 [INF] CORS policy execution successful.
2025-03-12 06:55:53.813 +05:00 [INF] Executing endpoint 'DynamiqCore.API.Controllers.AccountController.Login (DynamiqCore.API)'
2025-03-12 06:55:53.816 +05:00 [INF] Route matched with {action = "Login", controller = "Account"}. Executing controller action with signature System.Threading.Tasks.Task`1[Microsoft.AspNetCore.Mvc.IActionResult] Login(DynamiqCore.Application.Users.Commands.Login.LoginCommand) on controller DynamiqCore.API.Controllers.AccountController (DynamiqCore.API).
2025-03-12 06:55:53.821 +05:00 [INF] Executing action method DynamiqCore.API.Controllers.AccountController.Login (DynamiqCore.API) - Validation state: "Valid"
2025-03-12 06:55:53.831 +05:00 [INF] Executed DbCommand (4ms) [Parameters=[@__normalizedUserName_0='?' (Size = 256)], CommandType='"Text"', CommandTimeout='30']
SELECT TOP(1) [a].[Id], [a].[AccessFailedCount], [a].[ConcurrencyStamp], [a].[DateOfBirth], [a].[Email], [a].[EmailConfirmed], [a].[FirstName], [a].[LastName], [a].[LockoutEnabled], [a].[LockoutEnd], [a].[Nationality], [a].[NormalizedEmail], [a].[NormalizedUserName], [a].[OrganizationId], [a].[PasswordHash], [a].[PhoneNumber], [a].[PhoneNumberConfirmed], [a].[SecurityStamp], [a].[TwoFactorEnabled], [a].[UserName]
FROM [AspNetUsers] AS [a]
WHERE [a].[NormalizedUserName] = @__normalizedUserName_0
2025-03-12 06:55:53.840 +05:00 [INF] Executed DbCommand (1ms) [Parameters=[@__normalizedUserName_0='?' (Size = 256)], CommandType='"Text"', CommandTimeout='30']
SELECT TOP(1) [a].[Id], [a].[AccessFailedCount], [a].[ConcurrencyStamp], [a].[DateOfBirth], [a].[Email], [a].[EmailConfirmed], [a].[FirstName], [a].[LastName], [a].[LockoutEnabled], [a].[LockoutEnd], [a].[Nationality], [a].[NormalizedEmail], [a].[NormalizedUserName], [a].[OrganizationId], [a].[PasswordHash], [a].[PhoneNumber], [a].[PhoneNumberConfirmed], [a].[SecurityStamp], [a].[TwoFactorEnabled], [a].[UserName]
FROM [AspNetUsers] AS [a]
WHERE [a].[NormalizedUserName] = @__normalizedUserName_0
2025-03-12 06:55:53.951 +05:00 [INF] Executed DbCommand (3ms) [Parameters=[@__user_Id_0='?' (Size = 450)], CommandType='"Text"', CommandTimeout='30']
SELECT [a].[Id], [a].[ClaimType], [a].[ClaimValue], [a].[UserId]
FROM [AspNetUserClaims] AS [a]
WHERE [a].[UserId] = @__user_Id_0
2025-03-12 06:55:53.962 +05:00 [INF] Executed DbCommand (4ms) [Parameters=[@__userId_0='?' (Size = 450)], CommandType='"Text"', CommandTimeout='30']
SELECT [a0].[Name]
FROM [AspNetUserRoles] AS [a]
INNER JOIN [AspNetRoles] AS [a0] ON [a].[RoleId] = [a0].[Id]
WHERE [a].[UserId] = @__userId_0
2025-03-12 06:55:53.971 +05:00 [INF] Executed DbCommand (3ms) [Parameters=[@__normalizedName_0='?' (Size = 256)], CommandType='"Text"', CommandTimeout='30']
SELECT TOP(1) [a].[Id], [a].[ConcurrencyStamp], [a].[Name], [a].[NormalizedName]
FROM [AspNetRoles] AS [a]
WHERE [a].[NormalizedName] = @__normalizedName_0
2025-03-12 06:55:53.982 +05:00 [INF] Executed DbCommand (2ms) [Parameters=[@__role_Id_0='?' (Size = 450)], CommandType='"Text"', CommandTimeout='30']
SELECT [a].[ClaimType], [a].[ClaimValue]
FROM [AspNetRoleClaims] AS [a]
WHERE [a].[RoleId] = @__role_Id_0
2025-03-12 06:55:53.987 +05:00 [INF] AuthenticationScheme: Identity.Application signed in.
2025-03-12 06:55:53.991 +05:00 [INF] Executed DbCommand (1ms) [Parameters=[@__userId_0='?' (Size = 450)], CommandType='"Text"', CommandTimeout='30']
SELECT [a0].[Name]
FROM [AspNetUserRoles] AS [a]
INNER JOIN [AspNetRoles] AS [a0] ON [a].[RoleId] = [a0].[Id]
WHERE [a].[UserId] = @__userId_0
2025-03-12 06:55:53.996 +05:00 [INF] Executed action method DynamiqCore.API.Controllers.AccountController.Login (DynamiqCore.API), returned result Microsoft.AspNetCore.Mvc.ObjectResult in 172.5682ms.
2025-03-12 06:55:54.001 +05:00 [INF] Executing ObjectResult, writing value of type 'DynamiqCore.Shared.Results.Result`1[[DynamiqCore.Application.Users.Dtos.Login.LoginDto, DynamiqCore.Application, Version=1.0.0.0, Culture=neutral, PublicKeyToken=null]]'.
2025-03-12 06:55:54.004 +05:00 [INF] Executed action DynamiqCore.API.Controllers.AccountController.Login (DynamiqCore.API) in 183.9731ms
2025-03-12 06:55:54.009 +05:00 [INF] Executed endpoint 'DynamiqCore.API.Controllers.AccountController.Login (DynamiqCore.API)'
2025-03-12 06:55:54.012 +05:00 [INF] Request finished HTTP/1.1 POST http://localhost:5137/api/account/v1/login - 200 null application/json; charset=utf-8 207.8304ms
